#
# There is insufficient memory for the Java Runtime Environment to continue.
# Native memory allocation (malloc) failed to allocate 32744 bytes for ChunkPool::allocate
# Possible reasons:
#   The system is out of physical RAM or swap space
#   The process is running with CompressedOops enabled, and the Java Heap may be blocking the growth of the native heap
# Possible solutions:
#   Reduce memory load on the system
#   Increase physical memory or swap space
#   Check if swap backing store is full
#   Decrease Java heap size (-Xmx/-Xms)
#   Decrease number of Java threads
#   Decrease Java thread stack sizes (-Xss)
#   Set larger code cache with -XX:ReservedCodeCacheSize=
#   JVM is running with Zero Based Compressed Oops mode in which the Java heap is
#     placed in the first 32GB address space. The Java Heap base address is the
#     maximum limit for the native heap growth. Please use -XX:HeapBaseMinAddress
#     to set the Java Heap base and to place the Java Heap above 32GB virtual address.
# This output file may be truncated or incomplete.
#
#  Out of Memory Error (./src/hotspot/share/memory/arena.cpp:81), pid=19660, tid=19348
#
# JRE version: OpenJDK Runtime Environment Corretto-11.0.8.10.1 (11.0.8+10) (build 11.0.8+10-LTS)
# Java VM: OpenJDK 64-Bit Server VM Corretto-11.0.8.10.1 (11.0.8+10-LTS, mixed mode, tiered, compressed oops, g1 gc, windows-amd64)
# No core dump will be written. Minidumps are not enabled by default on client versions of Windows
#

---------------  S U M M A R Y ------------

Command Line: -Dfile.encoding=Cp1252 NumPuzzle

Host: Intel(R) Core(TM) i7-10510U CPU @ 1.80GHz, 8 cores, 15G,  Windows 10 , 64 bit Build 19041 (10.0.19041.1889)
Time: Thu Sep 29 11:38:23 2022 Eastern Daylight Time elapsed time: 34301 seconds (0d 9h 31m 41s)

---------------  T H R E A D  ---------------

Current thread (0x000002620679a000):  JavaThread "C1 CompilerThread0" daemon [_thread_in_native, id=19348, stack(0x000000acea000000,0x000000acea100000)]


Current CompileTask:
C1:34301335 1408       3       jdk.internal.org.objectweb.asm.Frame::execute (2264 bytes)

Stack: [0x000000acea000000,0x000000acea100000]
Native frames: (J=compiled Java code, j=interpreted, Vv=VM code, C=native code)
V  [jvm.dll+0x5dfc8a]
V  [jvm.dll+0x7179be]
V  [jvm.dll+0x71908f]
V  [jvm.dll+0x719753]
V  [jvm.dll+0x240e48]
V  [jvm.dll+0xb9a4b]
V  [jvm.dll+0xb9dac]
V  [jvm.dll+0x107b36]
V  [jvm.dll+0x16f14d]
V  [jvm.dll+0x16ee10]
V  [jvm.dll+0x16e63c]
V  [jvm.dll+0x1352ab]
V  [jvm.dll+0x11e760]
V  [jvm.dll+0x11e8f0]
V  [jvm.dll+0x11ebaf]
V  [jvm.dll+0x11de57]
V  [jvm.dll+0x11fd67]
V  [jvm.dll+0x208f27]
V  [jvm.dll+0x20710b]
V  [jvm.dll+0x6dc729]
V  [jvm.dll+0x6d57d4]
V  [jvm.dll+0x5debc6]
C  [ucrtbase.dll+0x21bb2]
C  [KERNEL32.DLL+0x17034]
C  [ntdll.dll+0x526a1]


---------------  P R O C E S S  ---------------

Threads class SMR info:
_java_thread_list=0x0000026206efa050, length=15, elements={
0x000002627fbfb800, 0x000002627fc07000, 0x00000262067e3800, 0x00000262067e5000,
0x00000262067e7000, 0x000002620679a000, 0x000002620679b000, 0x000002620696e000,
0x0000026206979000, 0x0000026206c58000, 0x0000026206c44000, 0x0000026206c45000,
0x0000026206976000, 0x0000026261908800, 0x000002620729e800
}

Java Threads: ( => current thread )
  0x000002627fbfb800 JavaThread "Reference Handler" daemon [_thread_blocked, id=3272, stack(0x000000ace9b00000,0x000000ace9c00000)]
  0x000002627fc07000 JavaThread "Finalizer" daemon [_thread_blocked, id=9280, stack(0x000000ace9c00000,0x000000ace9d00000)]
  0x00000262067e3800 JavaThread "Signal Dispatcher" daemon [_thread_blocked, id=13540, stack(0x000000ace9d00000,0x000000ace9e00000)]
  0x00000262067e5000 JavaThread "Attach Listener" daemon [_thread_blocked, id=19824, stack(0x000000ace9e00000,0x000000ace9f00000)]
  0x00000262067e7000 JavaThread "C2 CompilerThread0" daemon [_thread_blocked, id=19520, stack(0x000000ace9f00000,0x000000acea000000)]
=>0x000002620679a000 JavaThread "C1 CompilerThread0" daemon [_thread_in_native, id=19348, stack(0x000000acea000000,0x000000acea100000)]
  0x000002620679b000 JavaThread "Sweeper thread" daemon [_thread_blocked, id=17204, stack(0x000000acea100000,0x000000acea200000)]
  0x000002620696e000 JavaThread "Service Thread" daemon [_thread_blocked, id=17264, stack(0x000000acea200000,0x000000acea300000)]
  0x0000026206979000 JavaThread "Common-Cleaner" daemon [_thread_blocked, id=2964, stack(0x000000acea400000,0x000000acea500000)]
  0x0000026206c58000 JavaThread "Java2D Disposer" daemon [_thread_blocked, id=10112, stack(0x000000acea500000,0x000000acea600000)]
  0x0000026206c44000 JavaThread "AWT-Shutdown" [_thread_blocked, id=19468, stack(0x000000acea600000,0x000000acea700000)]
  0x0000026206c45000 JavaThread "AWT-Windows" daemon [_thread_in_native, id=19032, stack(0x000000acea700000,0x000000acea800000)]
  0x0000026206976000 JavaThread "AWT-EventQueue-0" [_thread_in_Java, id=20172, stack(0x000000aceaa00000,0x000000aceab00000)]
  0x0000026261908800 JavaThread "DestroyJavaVM" [_thread_blocked, id=18640, stack(0x000000ace9400000,0x000000ace9500000)]
  0x000002620729e800 JavaThread "TimerQueue" daemon [_thread_blocked, id=19848, stack(0x000000acea800000,0x000000acea900000)]

Other Threads:
  0x000002627fbd9800 VMThread "VM Thread" [stack: 0x000000ace9a00000,0x000000ace9b00000] [id=1712]
  0x0000026206971000 WatcherThread [stack: 0x000000acea300000,0x000000acea400000] [id=20104]
  0x000002626191f000 GCTaskThread "GC Thread#0" [stack: 0x000000ace9500000,0x000000ace9600000] [id=19536]
  0x000002626197d000 ConcurrentGCThread "G1 Main Marker" [stack: 0x000000ace9600000,0x000000ace9700000] [id=15828]
  0x000002626197e800 ConcurrentGCThread "G1 Conc#0" [stack: 0x000000ace9700000,0x000000ace9800000] [id=15704]
  0x00000262619ee800 ConcurrentGCThread "G1 Refine#0" [stack: 0x000000ace9800000,0x000000ace9900000] [id=15556]
  0x000002627fac4000 ConcurrentGCThread "G1 Young RemSet Sampling" [stack: 0x000000ace9900000,0x000000ace9a00000] [id=10116]

Threads with active compile tasks:
C1 CompilerThread034301532 1408       3       jdk.internal.org.objectweb.asm.Frame::execute (2264 bytes)

VM state:not at safepoint (normal execution)

VM Mutex/Monitor currently owned by a thread: None

Heap address: 0x0000000704200000, size: 4030 MB, Compressed Oops mode: Zero based, Oop shift amount: 3
Narrow klass base: 0x0000000800000000, Narrow klass shift: 0
Compressed class space size: 1073741824 Address: 0x0000000800000000

Heap:
 garbage-first heap   total 258048K, used 27648K [0x0000000704200000, 0x0000000800000000)
  region size 1024K, 16 young (16384K), 0 survivors (0K)
 Metaspace       used 17114K, capacity 17536K, committed 17792K, reserved 1064960K
  class space    used 1908K, capacity 2076K, committed 2176K, reserved 1048576K
Heap Regions: E=young(eden), S=young(survivor), O=old, HS=humongous(starts), HC=humongous(continues), CS=collection set, F=free, A=archive, TAMS=top-at-mark-start (previous, next)
|   0|0x0000000704200000, 0x0000000704300000, 0x0000000704300000|100%|HS|  |TAMS 0x0000000704200000, 0x0000000704200000| Complete 
|   1|0x0000000704300000, 0x0000000704400000, 0x0000000704400000|100%|HC|  |TAMS 0x0000000704300000, 0x0000000704300000| Complete 
|   2|0x0000000704400000, 0x0000000704500000, 0x0000000704500000|100%|HC|  |TAMS 0x0000000704400000, 0x0000000704400000| Complete 
|   3|0x0000000704500000, 0x0000000704600000, 0x0000000704600000|100%|HC|  |TAMS 0x0000000704500000, 0x0000000704500000| Complete 
|   4|0x0000000704600000, 0x0000000704700000, 0x0000000704700000|100%|HC|  |TAMS 0x0000000704600000, 0x0000000704600000| Complete 
|   5|0x0000000704700000, 0x0000000704800000, 0x0000000704800000|100%|HC|  |TAMS 0x0000000704700000, 0x0000000704700000| Complete 
|   6|0x0000000704800000, 0x0000000704900000, 0x0000000704900000|100%|HC|  |TAMS 0x0000000704800000, 0x0000000704800000| Complete 
|   7|0x0000000704900000, 0x0000000704a00000, 0x0000000704a00000|100%|HC|  |TAMS 0x0000000704900000, 0x0000000704900000| Complete 
|   8|0x0000000704a00000, 0x0000000704b00000, 0x0000000704b00000|100%|HC|  |TAMS 0x0000000704a00000, 0x0000000704a00000| Complete 
|   9|0x0000000704b00000, 0x0000000704c00000, 0x0000000704c00000|100%|HC|  |TAMS 0x0000000704b00000, 0x0000000704b00000| Complete 
|  10|0x0000000704c00000, 0x0000000704d00000, 0x0000000704d00000|100%|HC|  |TAMS 0x0000000704c00000, 0x0000000704c00000| Complete 
|  11|0x0000000704d00000, 0x0000000704e00000, 0x0000000704e00000|100%|HC|  |TAMS 0x0000000704d00000, 0x0000000704d00000| Complete 
|  12|0x0000000704e00000, 0x0000000704e00000, 0x0000000704f00000|  0%| F|  |TAMS 0x0000000704e00000, 0x0000000704e00000| Untracked 
|  13|0x0000000704f00000, 0x0000000704f00000, 0x0000000705000000|  0%| F|  |TAMS 0x0000000704f00000, 0x0000000704f00000| Untracked 
|  14|0x0000000705000000, 0x0000000705000000, 0x0000000705100000|  0%| F|  |TAMS 0x0000000705000000, 0x0000000705000000| Untracked 
|  15|0x0000000705100000, 0x0000000705100000, 0x0000000705200000|  0%| F|  |TAMS 0x0000000705100000, 0x0000000705100000| Untracked 
|  16|0x0000000705200000, 0x0000000705200000, 0x0000000705300000|  0%| F|  |TAMS 0x0000000705200000, 0x0000000705200000| Untracked 
|  17|0x0000000705300000, 0x0000000705300000, 0x0000000705400000|  0%| F|  |TAMS 0x0000000705300000, 0x0000000705300000| Untracked 
|  18|0x0000000705400000, 0x0000000705400000, 0x0000000705500000|  0%| F|  |TAMS 0x0000000705400000, 0x0000000705400000| Untracked 
|  19|0x0000000705500000, 0x0000000705500000, 0x0000000705600000|  0%| F|  |TAMS 0x0000000705500000, 0x0000000705500000| Untracked 
|  20|0x0000000705600000, 0x0000000705600000, 0x0000000705700000|  0%| F|  |TAMS 0x0000000705600000, 0x0000000705600000| Untracked 
|  21|0x0000000705700000, 0x0000000705700000, 0x0000000705800000|  0%| F|  |TAMS 0x0000000705700000, 0x0000000705700000| Untracked 
|  22|0x0000000705800000, 0x0000000705800000, 0x0000000705900000|  0%| F|  |TAMS 0x0000000705800000, 0x0000000705800000| Untracked 
|  23|0x0000000705900000, 0x0000000705900000, 0x0000000705a00000|  0%| F|  |TAMS 0x0000000705900000, 0x0000000705900000| Untracked 
|  24|0x0000000705a00000, 0x0000000705a00000, 0x0000000705b00000|  0%| F|  |TAMS 0x0000000705a00000, 0x0000000705a00000| Untracked 
|  25|0x0000000705b00000, 0x0000000705b00000, 0x0000000705c00000|  0%| F|  |TAMS 0x0000000705b00000, 0x0000000705b00000| Untracked 
|  26|0x0000000705c00000, 0x0000000705c00000, 0x0000000705d00000|  0%| F|  |TAMS 0x0000000705c00000, 0x0000000705c00000| Untracked 
|  27|0x0000000705d00000, 0x0000000705d00000, 0x0000000705e00000|  0%| F|  |TAMS 0x0000000705d00000, 0x0000000705d00000| Untracked 
|  28|0x0000000705e00000, 0x0000000705e00000, 0x0000000705f00000|  0%| F|  |TAMS 0x0000000705e00000, 0x0000000705e00000| Untracked 
|  29|0x0000000705f00000, 0x0000000705f00000, 0x0000000706000000|  0%| F|  |TAMS 0x0000000705f00000, 0x0000000705f00000| Untracked 
|  30|0x0000000706000000, 0x0000000706000000, 0x0000000706100000|  0%| F|  |TAMS 0x0000000706000000, 0x0000000706000000| Untracked 
|  31|0x0000000706100000, 0x0000000706100000, 0x0000000706200000|  0%| F|  |TAMS 0x0000000706100000, 0x0000000706100000| Untracked 
|  32|0x0000000706200000, 0x0000000706200000, 0x0000000706300000|  0%| F|  |TAMS 0x0000000706200000, 0x0000000706200000| Untracked 
|  33|0x0000000706300000, 0x0000000706300000, 0x0000000706400000|  0%| F|  |TAMS 0x0000000706300000, 0x0000000706300000| Untracked 
|  34|0x0000000706400000, 0x0000000706400000, 0x0000000706500000|  0%| F|  |TAMS 0x0000000706400000, 0x0000000706400000| Untracked 
|  35|0x0000000706500000, 0x0000000706500000, 0x0000000706600000|  0%| F|  |TAMS 0x0000000706500000, 0x0000000706500000| Untracked 
|  36|0x0000000706600000, 0x0000000706600000, 0x0000000706700000|  0%| F|  |TAMS 0x0000000706600000, 0x0000000706600000| Untracked 
|  37|0x0000000706700000, 0x0000000706700000, 0x0000000706800000|  0%| F|  |TAMS 0x0000000706700000, 0x0000000706700000| Untracked 
|  38|0x0000000706800000, 0x0000000706800000, 0x0000000706900000|  0%| F|  |TAMS 0x0000000706800000, 0x0000000706800000| Untracked 
|  39|0x0000000706900000, 0x0000000706900000, 0x0000000706a00000|  0%| F|  |TAMS 0x0000000706900000, 0x0000000706900000| Untracked 
|  40|0x0000000706a00000, 0x0000000706a00000, 0x0000000706b00000|  0%| F|  |TAMS 0x0000000706a00000, 0x0000000706a00000| Untracked 
|  41|0x0000000706b00000, 0x0000000706b00000, 0x0000000706c00000|  0%| F|  |TAMS 0x0000000706b00000, 0x0000000706b00000| Untracked 
|  42|0x0000000706c00000, 0x0000000706c00000, 0x0000000706d00000|  0%| F|  |TAMS 0x0000000706c00000, 0x0000000706c00000| Untracked 
|  43|0x0000000706d00000, 0x0000000706d00000, 0x0000000706e00000|  0%| F|  |TAMS 0x0000000706d00000, 0x0000000706d00000| Untracked 
|  44|0x0000000706e00000, 0x0000000706e00000, 0x0000000706f00000|  0%| F|  |TAMS 0x0000000706e00000, 0x0000000706e00000| Untracked 
|  45|0x0000000706f00000, 0x0000000706f00000, 0x0000000707000000|  0%| F|  |TAMS 0x0000000706f00000, 0x0000000706f00000| Untracked 
|  46|0x0000000707000000, 0x0000000707000000, 0x0000000707100000|  0%| F|  |TAMS 0x0000000707000000, 0x0000000707000000| Untracked 
|  47|0x0000000707100000, 0x0000000707100000, 0x0000000707200000|  0%| F|  |TAMS 0x0000000707100000, 0x0000000707100000| Untracked 
|  48|0x0000000707200000, 0x0000000707200000, 0x0000000707300000|  0%| F|  |TAMS 0x0000000707200000, 0x0000000707200000| Untracked 
|  49|0x0000000707300000, 0x0000000707300000, 0x0000000707400000|  0%| F|  |TAMS 0x0000000707300000, 0x0000000707300000| Untracked 
|  50|0x0000000707400000, 0x0000000707400000, 0x0000000707500000|  0%| F|  |TAMS 0x0000000707400000, 0x0000000707400000| Untracked 
|  51|0x0000000707500000, 0x0000000707500000, 0x0000000707600000|  0%| F|  |TAMS 0x0000000707500000, 0x0000000707500000| Untracked 
|  52|0x0000000707600000, 0x0000000707600000, 0x0000000707700000|  0%| F|  |TAMS 0x0000000707600000, 0x0000000707600000| Untracked 
|  53|0x0000000707700000, 0x0000000707700000, 0x0000000707800000|  0%| F|  |TAMS 0x0000000707700000, 0x0000000707700000| Untracked 
|  54|0x0000000707800000, 0x0000000707800000, 0x0000000707900000|  0%| F|  |TAMS 0x0000000707800000, 0x0000000707800000| Untracked 
|  55|0x0000000707900000, 0x0000000707900000, 0x0000000707a00000|  0%| F|  |TAMS 0x0000000707900000, 0x0000000707900000| Untracked 
|  56|0x0000000707a00000, 0x0000000707a00000, 0x0000000707b00000|  0%| F|  |TAMS 0x0000000707a00000, 0x0000000707a00000| Untracked 
|  57|0x0000000707b00000, 0x0000000707b00000, 0x0000000707c00000|  0%| F|  |TAMS 0x0000000707b00000, 0x0000000707b00000| Untracked 
|  58|0x0000000707c00000, 0x0000000707c00000, 0x0000000707d00000|  0%| F|  |TAMS 0x0000000707c00000, 0x0000000707c00000| Untracked 
|  59|0x0000000707d00000, 0x0000000707d00000, 0x0000000707e00000|  0%| F|  |TAMS 0x0000000707d00000, 0x0000000707d00000| Untracked 
|  60|0x0000000707e00000, 0x0000000707e00000, 0x0000000707f00000|  0%| F|  |TAMS 0x0000000707e00000, 0x0000000707e00000| Untracked 
|  61|0x0000000707f00000, 0x0000000707f00000, 0x0000000708000000|  0%| F|  |TAMS 0x0000000707f00000, 0x0000000707f00000| Untracked 
|  62|0x0000000708000000, 0x0000000708000000, 0x0000000708100000|  0%| F|  |TAMS 0x0000000708000000, 0x0000000708000000| Untracked 
|  63|0x0000000708100000, 0x0000000708100000, 0x0000000708200000|  0%| F|  |TAMS 0x0000000708100000, 0x0000000708100000| Untracked 
|  64|0x0000000708200000, 0x0000000708200000, 0x0000000708300000|  0%| F|  |TAMS 0x0000000708200000, 0x0000000708200000| Untracked 
|  65|0x0000000708300000, 0x0000000708300000, 0x0000000708400000|  0%| F|  |TAMS 0x0000000708300000, 0x0000000708300000| Untracked 
|  66|0x0000000708400000, 0x0000000708400000, 0x0000000708500000|  0%| F|  |TAMS 0x0000000708400000, 0x0000000708400000| Untracked 
|  67|0x0000000708500000, 0x0000000708500000, 0x0000000708600000|  0%| F|  |TAMS 0x0000000708500000, 0x0000000708500000| Untracked 
|  68|0x0000000708600000, 0x0000000708600000, 0x0000000708700000|  0%| F|  |TAMS 0x0000000708600000, 0x0000000708600000| Untracked 
|  69|0x0000000708700000, 0x0000000708700000, 0x0000000708800000|  0%| F|  |TAMS 0x0000000708700000, 0x0000000708700000| Untracked 
|  70|0x0000000708800000, 0x0000000708800000, 0x0000000708900000|  0%| F|  |TAMS 0x0000000708800000, 0x0000000708800000| Untracked 
|  71|0x0000000708900000, 0x0000000708900000, 0x0000000708a00000|  0%| F|  |TAMS 0x0000000708900000, 0x0000000708900000| Untracked 
|  72|0x0000000708a00000, 0x0000000708a00000, 0x0000000708b00000|  0%| F|  |TAMS 0x0000000708a00000, 0x0000000708a00000| Untracked 
|  73|0x0000000708b00000, 0x0000000708b00000, 0x0000000708c00000|  0%| F|  |TAMS 0x0000000708b00000, 0x0000000708b00000| Untracked 
|  74|0x0000000708c00000, 0x0000000708c00000, 0x0000000708d00000|  0%| F|  |TAMS 0x0000000708c00000, 0x0000000708c00000| Untracked 
|  75|0x0000000708d00000, 0x0000000708d00000, 0x0000000708e00000|  0%| F|  |TAMS 0x0000000708d00000, 0x0000000708d00000| Untracked 
|  76|0x0000000708e00000, 0x0000000708e00000, 0x0000000708f00000|  0%| F|  |TAMS 0x0000000708e00000, 0x0000000708e00000| Untracked 
|  77|0x0000000708f00000, 0x0000000708f00000, 0x0000000709000000|  0%| F|  |TAMS 0x0000000708f00000, 0x0000000708f00000| Untracked 
|  78|0x0000000709000000, 0x0000000709000000, 0x0000000709100000|  0%| F|  |TAMS 0x0000000709000000, 0x0000000709000000| Untracked 
|  79|0x0000000709100000, 0x0000000709100000, 0x0000000709200000|  0%| F|  |TAMS 0x0000000709100000, 0x0000000709100000| Untracked 
|  80|0x0000000709200000, 0x0000000709200000, 0x0000000709300000|  0%| F|  |TAMS 0x0000000709200000, 0x0000000709200000| Untracked 
|  81|0x0000000709300000, 0x0000000709300000, 0x0000000709400000|  0%| F|  |TAMS 0x0000000709300000, 0x0000000709300000| Untracked 
|  82|0x0000000709400000, 0x0000000709400000, 0x0000000709500000|  0%| F|  |TAMS 0x0000000709400000, 0x0000000709400000| Untracked 
|  83|0x0000000709500000, 0x0000000709500000, 0x0000000709600000|  0%| F|  |TAMS 0x0000000709500000, 0x0000000709500000| Untracked 
|  84|0x0000000709600000, 0x0000000709600000, 0x0000000709700000|  0%| F|  |TAMS 0x0000000709600000, 0x0000000709600000| Untracked 
|  85|0x0000000709700000, 0x0000000709700000, 0x0000000709800000|  0%| F|  |TAMS 0x0000000709700000, 0x0000000709700000| Untracked 
|  86|0x0000000709800000, 0x0000000709800000, 0x0000000709900000|  0%| F|  |TAMS 0x0000000709800000, 0x0000000709800000| Untracked 
|  87|0x0000000709900000, 0x0000000709900000, 0x0000000709a00000|  0%| F|  |TAMS 0x0000000709900000, 0x0000000709900000| Untracked 
|  88|0x0000000709a00000, 0x0000000709a00000, 0x0000000709b00000|  0%| F|  |TAMS 0x0000000709a00000, 0x0000000709a00000| Untracked 
|  89|0x0000000709b00000, 0x0000000709b00000, 0x0000000709c00000|  0%| F|  |TAMS 0x0000000709b00000, 0x0000000709b00000| Untracked 
|  90|0x0000000709c00000, 0x0000000709c00000, 0x0000000709d00000|  0%| F|  |TAMS 0x0000000709c00000, 0x0000000709c00000| Untracked 
|  91|0x0000000709d00000, 0x0000000709d00000, 0x0000000709e00000|  0%| F|  |TAMS 0x0000000709d00000, 0x0000000709d00000| Untracked 
|  92|0x0000000709e00000, 0x0000000709e00000, 0x0000000709f00000|  0%| F|  |TAMS 0x0000000709e00000, 0x0000000709e00000| Untracked 
|  93|0x0000000709f00000, 0x0000000709f00000, 0x000000070a000000|  0%| F|  |TAMS 0x0000000709f00000, 0x0000000709f00000| Untracked 
|  94|0x000000070a000000, 0x000000070a000000, 0x000000070a100000|  0%| F|  |TAMS 0x000000070a000000, 0x000000070a000000| Untracked 
|  95|0x000000070a100000, 0x000000070a100000, 0x000000070a200000|  0%| F|  |TAMS 0x000000070a100000, 0x000000070a100000| Untracked 
|  96|0x000000070a200000, 0x000000070a200000, 0x000000070a300000|  0%| F|  |TAMS 0x000000070a200000, 0x000000070a200000| Untracked 
|  97|0x000000070a300000, 0x000000070a300000, 0x000000070a400000|  0%| F|  |TAMS 0x000000070a300000, 0x000000070a300000| Untracked 
|  98|0x000000070a400000, 0x000000070a400000, 0x000000070a500000|  0%| F|  |TAMS 0x000000070a400000, 0x000000070a400000| Untracked 
|  99|0x000000070a500000, 0x000000070a500000, 0x000000070a600000|  0%| F|  |TAMS 0x000000070a500000, 0x000000070a500000| Untracked 
| 100|0x000000070a600000, 0x000000070a600000, 0x000000070a700000|  0%| F|  |TAMS 0x000000070a600000, 0x000000070a600000| Untracked 
| 101|0x000000070a700000, 0x000000070a700000, 0x000000070a800000|  0%| F|  |TAMS 0x000000070a700000, 0x000000070a700000| Untracked 
| 102|0x000000070a800000, 0x000000070a800000, 0x000000070a900000|  0%| F|  |TAMS 0x000000070a800000, 0x000000070a800000| Untracked 
| 103|0x000000070a900000, 0x000000070a900000, 0x000000070aa00000|  0%| F|  |TAMS 0x000000070a900000, 0x000000070a900000| Untracked 
| 104|0x000000070aa00000, 0x000000070aa00000, 0x000000070ab00000|  0%| F|  |TAMS 0x000000070aa00000, 0x000000070aa00000| Untracked 
| 105|0x000000070ab00000, 0x000000070ab00000, 0x000000070ac00000|  0%| F|  |TAMS 0x000000070ab00000, 0x000000070ab00000| Untracked 
| 106|0x000000070ac00000, 0x000000070ac00000, 0x000000070ad00000|  0%| F|  |TAMS 0x000000070ac00000, 0x000000070ac00000| Untracked 
| 107|0x000000070ad00000, 0x000000070ad00000, 0x000000070ae00000|  0%| F|  |TAMS 0x000000070ad00000, 0x000000070ad00000| Untracked 
| 108|0x000000070ae00000, 0x000000070ae00000, 0x000000070af00000|  0%| F|  |TAMS 0x000000070ae00000, 0x000000070ae00000| Untracked 
| 109|0x000000070af00000, 0x000000070af00000, 0x000000070b000000|  0%| F|  |TAMS 0x000000070af00000, 0x000000070af00000| Untracked 
| 110|0x000000070b000000, 0x000000070b000000, 0x000000070b100000|  0%| F|  |TAMS 0x000000070b000000, 0x000000070b000000| Untracked 
| 111|0x000000070b100000, 0x000000070b100000, 0x000000070b200000|  0%| F|  |TAMS 0x000000070b100000, 0x000000070b100000| Untracked 
| 112|0x000000070b200000, 0x000000070b200000, 0x000000070b300000|  0%| F|  |TAMS 0x000000070b200000, 0x000000070b200000| Untracked 
| 113|0x000000070b300000, 0x000000070b300000, 0x000000070b400000|  0%| F|  |TAMS 0x000000070b300000, 0x000000070b300000| Untracked 
| 114|0x000000070b400000, 0x000000070b400000, 0x000000070b500000|  0%| F|  |TAMS 0x000000070b400000, 0x000000070b400000| Untracked 
| 115|0x000000070b500000, 0x000000070b500000, 0x000000070b600000|  0%| F|  |TAMS 0x000000070b500000, 0x000000070b500000| Untracked 
| 116|0x000000070b600000, 0x000000070b600000, 0x000000070b700000|  0%| F|  |TAMS 0x000000070b600000, 0x000000070b600000| Untracked 
| 117|0x000000070b700000, 0x000000070b700000, 0x000000070b800000|  0%| F|  |TAMS 0x000000070b700000, 0x000000070b700000| Untracked 
| 118|0x000000070b800000, 0x000000070b800000, 0x000000070b900000|  0%| F|  |TAMS 0x000000070b800000, 0x000000070b800000| Untracked 
| 119|0x000000070b900000, 0x000000070b900000, 0x000000070ba00000|  0%| F|  |TAMS 0x000000070b900000, 0x000000070b900000| Untracked 
| 120|0x000000070ba00000, 0x000000070ba00000, 0x000000070bb00000|  0%| F|  |TAMS 0x000000070ba00000, 0x000000070ba00000| Untracked 
| 121|0x000000070bb00000, 0x000000070bb00000, 0x000000070bc00000|  0%| F|  |TAMS 0x000000070bb00000, 0x000000070bb00000| Untracked 
| 122|0x000000070bc00000, 0x000000070bc00000, 0x000000070bd00000|  0%| F|  |TAMS 0x000000070bc00000, 0x000000070bc00000| Untracked 
| 123|0x000000070bd00000, 0x000000070bd00000, 0x000000070be00000|  0%| F|  |TAMS 0x000000070bd00000, 0x000000070bd00000| Untracked 
| 124|0x000000070be00000, 0x000000070be00000, 0x000000070bf00000|  0%| F|  |TAMS 0x000000070be00000, 0x000000070be00000| Untracked 
| 125|0x000000070bf00000, 0x000000070bf00000, 0x000000070c000000|  0%| F|  |TAMS 0x000000070bf00000, 0x000000070bf00000| Untracked 
| 126|0x000000070c000000, 0x000000070c000000, 0x000000070c100000|  0%| F|  |TAMS 0x000000070c000000, 0x000000070c000000| Untracked 
| 127|0x000000070c100000, 0x000000070c100000, 0x000000070c200000|  0%| F|  |TAMS 0x000000070c100000, 0x000000070c100000| Untracked 
| 128|0x000000070c200000, 0x000000070c200000, 0x000000070c300000|  0%| F|  |TAMS 0x000000070c200000, 0x000000070c200000| Untracked 
| 129|0x000000070c300000, 0x000000070c300000, 0x000000070c400000|  0%| F|  |TAMS 0x000000070c300000, 0x000000070c300000| Untracked 
| 130|0x000000070c400000, 0x000000070c400000, 0x000000070c500000|  0%| F|  |TAMS 0x000000070c400000, 0x000000070c400000| Untracked 
| 131|0x000000070c500000, 0x000000070c500000, 0x000000070c600000|  0%| F|  |TAMS 0x000000070c500000, 0x000000070c500000| Untracked 
| 132|0x000000070c600000, 0x000000070c600000, 0x000000070c700000|  0%| F|  |TAMS 0x000000070c600000, 0x000000070c600000| Untracked 
| 133|0x000000070c700000, 0x000000070c700000, 0x000000070c800000|  0%| F|  |TAMS 0x000000070c700000, 0x000000070c700000| Untracked 
| 134|0x000000070c800000, 0x000000070c800000, 0x000000070c900000|  0%| F|  |TAMS 0x000000070c800000, 0x000000070c800000| Untracked 
| 135|0x000000070c900000, 0x000000070c900000, 0x000000070ca00000|  0%| F|  |TAMS 0x000000070c900000, 0x000000070c900000| Untracked 
| 136|0x000000070ca00000, 0x000000070ca00000, 0x000000070cb00000|  0%| F|  |TAMS 0x000000070ca00000, 0x000000070ca00000| Untracked 
| 137|0x000000070cb00000, 0x000000070cb00000, 0x000000070cc00000|  0%| F|  |TAMS 0x000000070cb00000, 0x000000070cb00000| Untracked 
| 138|0x000000070cc00000, 0x000000070cc00000, 0x000000070cd00000|  0%| F|  |TAMS 0x000000070cc00000, 0x000000070cc00000| Untracked 
| 139|0x000000070cd00000, 0x000000070cd00000, 0x000000070ce00000|  0%| F|  |TAMS 0x000000070cd00000, 0x000000070cd00000| Untracked 
| 140|0x000000070ce00000, 0x000000070ce00000, 0x000000070cf00000|  0%| F|  |TAMS 0x000000070ce00000, 0x000000070ce00000| Untracked 
| 141|0x000000070cf00000, 0x000000070cf00000, 0x000000070d000000|  0%| F|  |TAMS 0x000000070cf00000, 0x000000070cf00000| Untracked 
| 142|0x000000070d000000, 0x000000070d000000, 0x000000070d100000|  0%| F|  |TAMS 0x000000070d000000, 0x000000070d000000| Untracked 
| 143|0x000000070d100000, 0x000000070d100000, 0x000000070d200000|  0%| F|  |TAMS 0x000000070d100000, 0x000000070d100000| Untracked 
| 144|0x000000070d200000, 0x000000070d200000, 0x000000070d300000|  0%| F|  |TAMS 0x000000070d200000, 0x000000070d200000| Untracked 
| 145|0x000000070d300000, 0x000000070d300000, 0x000000070d400000|  0%| F|  |TAMS 0x000000070d300000, 0x000000070d300000| Untracked 
| 146|0x000000070d400000, 0x000000070d400000, 0x000000070d500000|  0%| F|  |TAMS 0x000000070d400000, 0x000000070d400000| Untracked 
| 147|0x000000070d500000, 0x000000070d500000, 0x000000070d600000|  0%| F|  |TAMS 0x000000070d500000, 0x000000070d500000| Untracked 
| 148|0x000000070d600000, 0x000000070d600000, 0x000000070d700000|  0%| F|  |TAMS 0x000000070d600000, 0x000000070d600000| Untracked 
| 149|0x000000070d700000, 0x000000070d700000, 0x000000070d800000|  0%| F|  |TAMS 0x000000070d700000, 0x000000070d700000| Untracked 
| 150|0x000000070d800000, 0x000000070d800000, 0x000000070d900000|  0%| F|  |TAMS 0x000000070d800000, 0x000000070d800000| Untracked 
| 151|0x000000070d900000, 0x000000070d900000, 0x000000070da00000|  0%| F|  |TAMS 0x000000070d900000, 0x000000070d900000| Untracked 
| 152|0x000000070da00000, 0x000000070da00000, 0x000000070db00000|  0%| F|  |TAMS 0x000000070da00000, 0x000000070da00000| Untracked 
| 153|0x000000070db00000, 0x000000070db00000, 0x000000070dc00000|  0%| F|  |TAMS 0x000000070db00000, 0x000000070db00000| Untracked 
| 154|0x000000070dc00000, 0x000000070dc00000, 0x000000070dd00000|  0%| F|  |TAMS 0x000000070dc00000, 0x000000070dc00000| Untracked 
| 155|0x000000070dd00000, 0x000000070dd00000, 0x000000070de00000|  0%| F|  |TAMS 0x000000070dd00000, 0x000000070dd00000| Untracked 
| 156|0x000000070de00000, 0x000000070de00000, 0x000000070df00000|  0%| F|  |TAMS 0x000000070de00000, 0x000000070de00000| Untracked 
| 157|0x000000070df00000, 0x000000070df00000, 0x000000070e000000|  0%| F|  |TAMS 0x000000070df00000, 0x000000070df00000| Untracked 
| 158|0x000000070e000000, 0x000000070e000000, 0x000000070e100000|  0%| F|  |TAMS 0x000000070e000000, 0x000000070e000000| Untracked 
| 159|0x000000070e100000, 0x000000070e100000, 0x000000070e200000|  0%| F|  |TAMS 0x000000070e100000, 0x000000070e100000| Untracked 
| 160|0x000000070e200000, 0x000000070e200000, 0x000000070e300000|  0%| F|  |TAMS 0x000000070e200000, 0x000000070e200000| Untracked 
| 161|0x000000070e300000, 0x000000070e300000, 0x000000070e400000|  0%| F|  |TAMS 0x000000070e300000, 0x000000070e300000| Untracked 
| 162|0x000000070e400000, 0x000000070e400000, 0x000000070e500000|  0%| F|  |TAMS 0x000000070e400000, 0x000000070e400000| Untracked 
| 163|0x000000070e500000, 0x000000070e500000, 0x000000070e600000|  0%| F|  |TAMS 0x000000070e500000, 0x000000070e500000| Untracked 
| 164|0x000000070e600000, 0x000000070e600000, 0x000000070e700000|  0%| F|  |TAMS 0x000000070e600000, 0x000000070e600000| Untracked 
| 165|0x000000070e700000, 0x000000070e700000, 0x000000070e800000|  0%| F|  |TAMS 0x000000070e700000, 0x000000070e700000| Untracked 
| 166|0x000000070e800000, 0x000000070e800000, 0x000000070e900000|  0%| F|  |TAMS 0x000000070e800000, 0x000000070e800000| Untracked 
| 167|0x000000070e900000, 0x000000070e900000, 0x000000070ea00000|  0%| F|  |TAMS 0x000000070e900000, 0x000000070e900000| Untracked 
| 168|0x000000070ea00000, 0x000000070ea00000, 0x000000070eb00000|  0%| F|  |TAMS 0x000000070ea00000, 0x000000070ea00000| Untracked 
| 169|0x000000070eb00000, 0x000000070eb00000, 0x000000070ec00000|  0%| F|  |TAMS 0x000000070eb00000, 0x000000070eb00000| Untracked 
| 170|0x000000070ec00000, 0x000000070ec00000, 0x000000070ed00000|  0%| F|  |TAMS 0x000000070ec00000, 0x000000070ec00000| Untracked 
| 171|0x000000070ed00000, 0x000000070ed00000, 0x000000070ee00000|  0%| F|  |TAMS 0x000000070ed00000, 0x000000070ed00000| Untracked 
| 172|0x000000070ee00000, 0x000000070ee00000, 0x000000070ef00000|  0%| F|  |TAMS 0x000000070ee00000, 0x000000070ee00000| Untracked 
| 173|0x000000070ef00000, 0x000000070ef00000, 0x000000070f000000|  0%| F|  |TAMS 0x000000070ef00000, 0x000000070ef00000| Untracked 
| 174|0x000000070f000000, 0x000000070f000000, 0x000000070f100000|  0%| F|  |TAMS 0x000000070f000000, 0x000000070f000000| Untracked 
| 175|0x000000070f100000, 0x000000070f100000, 0x000000070f200000|  0%| F|  |TAMS 0x000000070f100000, 0x000000070f100000| Untracked 
| 176|0x000000070f200000, 0x000000070f200000, 0x000000070f300000|  0%| F|  |TAMS 0x000000070f200000, 0x000000070f200000| Untracked 
| 177|0x000000070f300000, 0x000000070f300000, 0x000000070f400000|  0%| F|  |TAMS 0x000000070f300000, 0x000000070f300000| Untracked 
| 178|0x000000070f400000, 0x000000070f400000, 0x000000070f500000|  0%| F|  |TAMS 0x000000070f400000, 0x000000070f400000| Untracked 
| 179|0x000000070f500000, 0x000000070f500000, 0x000000070f600000|  0%| F|  |TAMS 0x000000070f500000, 0x000000070f500000| Untracked 
| 180|0x000000070f600000, 0x000000070f600000, 0x000000070f700000|  0%| F|  |TAMS 0x000000070f600000, 0x000000070f600000| Untracked 
| 181|0x000000070f700000, 0x000000070f700000, 0x000000070f800000|  0%| F|  |TAMS 0x000000070f700000, 0x000000070f700000| Untracked 
| 182|0x000000070f800000, 0x000000070f800000, 0x000000070f900000|  0%| F|  |TAMS 0x000000070f800000, 0x000000070f800000| Untracked 
| 183|0x000000070f900000, 0x000000070f900000, 0x000000070fa00000|  0%| F|  |TAMS 0x000000070f900000, 0x000000070f900000| Untracked 
| 184|0x000000070fa00000, 0x000000070fa00000, 0x000000070fb00000|  0%| F|  |TAMS 0x000000070fa00000, 0x000000070fa00000| Untracked 
| 185|0x000000070fb00000, 0x000000070fb00000, 0x000000070fc00000|  0%| F|  |TAMS 0x000000070fb00000, 0x000000070fb00000| Untracked 
| 186|0x000000070fc00000, 0x000000070fc00000, 0x000000070fd00000|  0%| F|  |TAMS 0x000000070fc00000, 0x000000070fc00000| Untracked 
| 187|0x000000070fd00000, 0x000000070fd00000, 0x000000070fe00000|  0%| F|  |TAMS 0x000000070fd00000, 0x000000070fd00000| Untracked 
| 188|0x000000070fe00000, 0x000000070fe00000, 0x000000070ff00000|  0%| F|  |TAMS 0x000000070fe00000, 0x000000070fe00000| Untracked 
| 189|0x000000070ff00000, 0x000000070ff00000, 0x0000000710000000|  0%| F|  |TAMS 0x000000070ff00000, 0x000000070ff00000| Untracked 
| 190|0x0000000710000000, 0x0000000710000000, 0x0000000710100000|  0%| F|  |TAMS 0x0000000710000000, 0x0000000710000000| Untracked 
| 191|0x0000000710100000, 0x0000000710100000, 0x0000000710200000|  0%| F|  |TAMS 0x0000000710100000, 0x0000000710100000| Untracked 
| 192|0x0000000710200000, 0x0000000710200000, 0x0000000710300000|  0%| F|  |TAMS 0x0000000710200000, 0x0000000710200000| Untracked 
| 193|0x0000000710300000, 0x0000000710300000, 0x0000000710400000|  0%| F|  |TAMS 0x0000000710300000, 0x0000000710300000| Untracked 
| 194|0x0000000710400000, 0x0000000710400000, 0x0000000710500000|  0%| F|  |TAMS 0x0000000710400000, 0x0000000710400000| Untracked 
| 195|0x0000000710500000, 0x0000000710500000, 0x0000000710600000|  0%| F|  |TAMS 0x0000000710500000, 0x0000000710500000| Untracked 
| 196|0x0000000710600000, 0x0000000710600000, 0x0000000710700000|  0%| F|  |TAMS 0x0000000710600000, 0x0000000710600000| Untracked 
| 197|0x0000000710700000, 0x0000000710700000, 0x0000000710800000|  0%| F|  |TAMS 0x0000000710700000, 0x0000000710700000| Untracked 
| 198|0x0000000710800000, 0x0000000710800000, 0x0000000710900000|  0%| F|  |TAMS 0x0000000710800000, 0x0000000710800000| Untracked 
| 199|0x0000000710900000, 0x0000000710900000, 0x0000000710a00000|  0%| F|  |TAMS 0x0000000710900000, 0x0000000710900000| Untracked 
| 200|0x0000000710a00000, 0x0000000710a00000, 0x0000000710b00000|  0%| F|  |TAMS 0x0000000710a00000, 0x0000000710a00000| Untracked 
| 201|0x0000000710b00000, 0x0000000710b00000, 0x0000000710c00000|  0%| F|  |TAMS 0x0000000710b00000, 0x0000000710b00000| Untracked 
| 202|0x0000000710c00000, 0x0000000710c00000, 0x0000000710d00000|  0%| F|  |TAMS 0x0000000710c00000, 0x0000000710c00000| Untracked 
| 203|0x0000000710d00000, 0x0000000710d00000, 0x0000000710e00000|  0%| F|  |TAMS 0x0000000710d00000, 0x0000000710d00000| Untracked 
| 204|0x0000000710e00000, 0x0000000710e00000, 0x0000000710f00000|  0%| F|  |TAMS 0x0000000710e00000, 0x0000000710e00000| Untracked 
| 205|0x0000000710f00000, 0x0000000710f00000, 0x0000000711000000|  0%| F|  |TAMS 0x0000000710f00000, 0x0000000710f00000| Untracked 
| 206|0x0000000711000000, 0x0000000711000000, 0x0000000711100000|  0%| F|  |TAMS 0x0000000711000000, 0x0000000711000000| Untracked 
| 207|0x0000000711100000, 0x0000000711100000, 0x0000000711200000|  0%| F|  |TAMS 0x0000000711100000, 0x0000000711100000| Untracked 
| 208|0x0000000711200000, 0x0000000711200000, 0x0000000711300000|  0%| F|  |TAMS 0x0000000711200000, 0x0000000711200000| Untracked 
| 209|0x0000000711300000, 0x0000000711300000, 0x0000000711400000|  0%| F|  |TAMS 0x0000000711300000, 0x0000000711300000| Untracked 
| 210|0x0000000711400000, 0x0000000711400000, 0x0000000711500000|  0%| F|  |TAMS 0x0000000711400000, 0x0000000711400000| Untracked 
| 211|0x0000000711500000, 0x0000000711500000, 0x0000000711600000|  0%| F|  |TAMS 0x0000000711500000, 0x0000000711500000| Untracked 
| 212|0x0000000711600000, 0x0000000711600000, 0x0000000711700000|  0%| F|  |TAMS 0x0000000711600000, 0x0000000711600000| Untracked 
| 213|0x0000000711700000, 0x0000000711700000, 0x0000000711800000|  0%| F|  |TAMS 0x0000000711700000, 0x0000000711700000| Untracked 
| 214|0x0000000711800000, 0x0000000711800000, 0x0000000711900000|  0%| F|  |TAMS 0x0000000711800000, 0x0000000711800000| Untracked 
| 215|0x0000000711900000, 0x0000000711900000, 0x0000000711a00000|  0%| F|  |TAMS 0x0000000711900000, 0x0000000711900000| Untracked 
| 216|0x0000000711a00000, 0x0000000711a00000, 0x0000000711b00000|  0%| F|  |TAMS 0x0000000711a00000, 0x0000000711a00000| Untracked 
| 217|0x0000000711b00000, 0x0000000711b00000, 0x0000000711c00000|  0%| F|  |TAMS 0x0000000711b00000, 0x0000000711b00000| Untracked 
| 218|0x0000000711c00000, 0x0000000711c00000, 0x0000000711d00000|  0%| F|  |TAMS 0x0000000711c00000, 0x0000000711c00000| Untracked 
| 219|0x0000000711d00000, 0x0000000711d00000, 0x0000000711e00000|  0%| F|  |TAMS 0x0000000711d00000, 0x0000000711d00000| Untracked 
| 220|0x0000000711e00000, 0x0000000711e00000, 0x0000000711f00000|  0%| F|  |TAMS 0x0000000711e00000, 0x0000000711e00000| Untracked 
| 221|0x0000000711f00000, 0x0000000711f00000, 0x0000000712000000|  0%| F|  |TAMS 0x0000000711f00000, 0x0000000711f00000| Untracked 
| 222|0x0000000712000000, 0x0000000712000000, 0x0000000712100000|  0%| F|  |TAMS 0x0000000712000000, 0x0000000712000000| Untracked 
| 223|0x0000000712100000, 0x0000000712100000, 0x0000000712200000|  0%| F|  |TAMS 0x0000000712100000, 0x0000000712100000| Untracked 
| 224|0x0000000712200000, 0x0000000712200000, 0x0000000712300000|  0%| F|  |TAMS 0x0000000712200000, 0x0000000712200000| Untracked 
| 225|0x0000000712300000, 0x0000000712300000, 0x0000000712400000|  0%| F|  |TAMS 0x0000000712300000, 0x0000000712300000| Untracked 
| 226|0x0000000712400000, 0x0000000712400000, 0x0000000712500000|  0%| F|  |TAMS 0x0000000712400000, 0x0000000712400000| Untracked 
| 227|0x0000000712500000, 0x0000000712500000, 0x0000000712600000|  0%| F|  |TAMS 0x0000000712500000, 0x0000000712500000| Untracked 
| 228|0x0000000712600000, 0x0000000712600000, 0x0000000712700000|  0%| F|  |TAMS 0x0000000712600000, 0x0000000712600000| Untracked 
| 229|0x0000000712700000, 0x0000000712700000, 0x0000000712800000|  0%| F|  |TAMS 0x0000000712700000, 0x0000000712700000| Untracked 
| 230|0x0000000712800000, 0x0000000712800000, 0x0000000712900000|  0%| F|  |TAMS 0x0000000712800000, 0x0000000712800000| Untracked 
| 231|0x0000000712900000, 0x0000000712900000, 0x0000000712a00000|  0%| F|  |TAMS 0x0000000712900000, 0x0000000712900000| Untracked 
| 232|0x0000000712a00000, 0x0000000712a00000, 0x0000000712b00000|  0%| F|  |TAMS 0x0000000712a00000, 0x0000000712a00000| Untracked 
| 233|0x0000000712b00000, 0x0000000712b00000, 0x0000000712c00000|  0%| F|  |TAMS 0x0000000712b00000, 0x0000000712b00000| Untracked 
| 234|0x0000000712c00000, 0x0000000712c00000, 0x0000000712d00000|  0%| F|  |TAMS 0x0000000712c00000, 0x0000000712c00000| Untracked 
| 235|0x0000000712d00000, 0x0000000712d00000, 0x0000000712e00000|  0%| F|  |TAMS 0x0000000712d00000, 0x0000000712d00000| Untracked 
| 236|0x0000000712e00000, 0x0000000712e7b628, 0x0000000712f00000| 48%| E|  |TAMS 0x0000000712e00000, 0x0000000712e00000| Complete 
| 237|0x0000000712f00000, 0x0000000713000000, 0x0000000713000000|100%| E|CS|TAMS 0x0000000712f00000, 0x0000000712f00000| Complete 
| 238|0x0000000713000000, 0x0000000713100000, 0x0000000713100000|100%| E|CS|TAMS 0x0000000713000000, 0x0000000713000000| Complete 
| 239|0x0000000713100000, 0x0000000713200000, 0x0000000713200000|100%| E|CS|TAMS 0x0000000713100000, 0x0000000713100000| Complete 
| 240|0x0000000713200000, 0x0000000713300000, 0x0000000713300000|100%| E|CS|TAMS 0x0000000713200000, 0x0000000713200000| Complete 
| 241|0x0000000713300000, 0x0000000713400000, 0x0000000713400000|100%| E|CS|TAMS 0x0000000713300000, 0x0000000713300000| Complete 
| 242|0x0000000713400000, 0x0000000713500000, 0x0000000713500000|100%| E|CS|TAMS 0x0000000713400000, 0x0000000713400000| Complete 
| 243|0x0000000713500000, 0x0000000713600000, 0x0000000713600000|100%| E|CS|TAMS 0x0000000713500000, 0x0000000713500000| Complete 
| 244|0x0000000713600000, 0x0000000713700000, 0x0000000713700000|100%| E|CS|TAMS 0x0000000713600000, 0x0000000713600000| Complete 
| 245|0x0000000713700000, 0x0000000713800000, 0x0000000713800000|100%| E|CS|TAMS 0x0000000713700000, 0x0000000713700000| Complete 
| 246|0x0000000713800000, 0x0000000713900000, 0x0000000713900000|100%| E|CS|TAMS 0x0000000713800000, 0x0000000713800000| Complete 
| 247|0x0000000713900000, 0x0000000713a00000, 0x0000000713a00000|100%| E|CS|TAMS 0x0000000713900000, 0x0000000713900000| Complete 
| 248|0x0000000713a00000, 0x0000000713b00000, 0x0000000713b00000|100%| E|CS|TAMS 0x0000000713a00000, 0x0000000713a00000| Complete 
| 249|0x0000000713b00000, 0x0000000713c00000, 0x0000000713c00000|100%| E|CS|TAMS 0x0000000713b00000, 0x0000000713b00000| Complete 
| 250|0x0000000713c00000, 0x0000000713d00000, 0x0000000713d00000|100%| E|CS|TAMS 0x0000000713c00000, 0x0000000713c00000| Complete 
| 251|0x0000000713d00000, 0x0000000713e00000, 0x0000000713e00000|100%| E|CS|TAMS 0x0000000713d00000, 0x0000000713d00000| Complete 

Card table byte_map: [0x000002627a1c0000,0x000002627a9a0000] _byte_map_base: 0x000002627699f000

Marking Bits (Prev, Next): (CMBitMap*) 0x000002626196b968, (CMBitMap*) 0x000002626196b9a0
 Prev Bits: [0x000002627b180000, 0x000002627f078000)
 Next Bits: [0x0000026200000000, 0x0000026203ef8000)

Polling page: 0x00000262600d0000

Metaspace:

Usage:
  Non-class:     15.10 MB capacity,    14.85 MB ( 98%) used,   207.87 KB (  1%) free+waste,    46.56 KB ( <1%) overhead. 
      Class:      2.03 MB capacity,     1.86 MB ( 92%) used,   143.32 KB (  7%) free+waste,    24.25 KB (  1%) overhead. 
       Both:     17.13 MB capacity,    16.71 MB ( 98%) used,   351.19 KB (  2%) free+waste,    70.81 KB ( <1%) overhead. 

Virtual space:
  Non-class space:       16.00 MB reserved,      15.25 MB ( 95%) committed 
      Class space:        1.00 GB reserved,       2.13 MB ( <1%) committed 
             Both:        1.02 GB reserved,      17.38 MB (  2%) committed 

Chunk freelists:
   Non-Class:  28.00 KB
       Class:  4.00 KB
        Both:  32.00 KB

MaxMetaspaceSize: 17179869184.00 GB
CompressedClassSpaceSize: 1.00 GB

CodeHeap 'non-profiled nmethods': size=120000Kb used=421Kb max_used=421Kb free=119578Kb
 bounds [0x0000026271a50000, 0x0000026271cc0000, 0x0000026278f80000]
CodeHeap 'profiled nmethods': size=120000Kb used=2589Kb max_used=2589Kb free=117410Kb
 bounds [0x000002626a520000, 0x000002626a7b0000, 0x0000026271a50000]
CodeHeap 'non-nmethods': size=5760Kb used=1228Kb max_used=1241Kb free=4531Kb
 bounds [0x0000026269f80000, 0x000002626a1f0000, 0x000002626a520000]
 total_blobs=2015 nmethods=1407 adapters=519
 compilation: enabled
              stopped_count=0, restarted_count=0
 full_count=0

Compilation events (20 events):
Event: 5.566 Thread 0x000002620679a000 nmethod 1397 0x000002626a79a490 code [0x000002626a79a6c0, 0x000002626a79b0e8]
Event: 5.566 Thread 0x000002620679a000 1398       3       java.lang.FdLibm::__HI (11 bytes)
Event: 5.566 Thread 0x000002620679a000 nmethod 1398 0x000002626a79b290 code [0x000002626a79b440, 0x000002626a79b538]
Event: 5.566 Thread 0x000002620679a000 1396       1       java.lang.Float::floatValue (5 bytes)
Event: 5.566 Thread 0x000002620679a000 nmethod 1396 0x0000026271ab8e10 code [0x0000026271ab8fc0, 0x0000026271ab9078]
Event: 5.603 Thread 0x000002620679a000 1399       3       java.awt.Component::dispatchEventImpl (777 bytes)
Event: 5.611 Thread 0x000002620679a000 nmethod 1399 0x000002626a79b610 code [0x000002626a79bec0, 0x000002626a7a2d38]
Event: 6.220 Thread 0x000002620679a000 1400       3       java.awt.LightweightDispatcher::dispatchEvent (73 bytes)
Event: 6.221 Thread 0x000002620679a000 nmethod 1400 0x000002626a7a4190 code [0x000002626a7a43a0, 0x000002626a7a4b48]
Event: 7378.000 Thread 0x000002620679a000 1401       3       java.util.HashMap$EntryIterator::next (5 bytes)
Event: 7378.002 Thread 0x000002620679a000 nmethod 1401 0x000002626a7a4c90 code [0x000002626a7a4e60, 0x000002626a7a4fe8]
Event: 7378.002 Thread 0x000002620679a000 1402       3       java.util.HashMap$EntryIterator::next (5 bytes)
Event: 7378.003 Thread 0x000002620679a000 nmethod 1402 0x000002626a7a5090 code [0x000002626a7a5240, 0x000002626a7a5368]
Event: 7378.076 Thread 0x000002620679a000 1403       3       java.beans.PropertyChangeSupport::firePropertyChange (35 bytes)
Event: 7378.078 Thread 0x000002620679a000 nmethod 1403 0x000002626a7a5410 code [0x000002626a7a5620, 0x000002626a7a5de8]
Event: 7681.025 Thread 0x000002620679a000 1404       3       java.lang.ref.ReferenceQueue::reallyPoll (65 bytes)
Event: 7681.026 Thread 0x000002620679a000 nmethod 1404 0x000002626a7a6010 code [0x000002626a7a6200, 0x000002626a7a6738]
Event: 34218.546 Thread 0x000002620679a000 1406   !   3       java.lang.ref.ReferenceQueue::remove (125 bytes)
Event: 34218.566 Thread 0x000002620679a000 nmethod 1406 0x000002626a7a6810 code [0x000002626a7a6a40, 0x000002626a7a72b8]
Event: 34300.928 Thread 0x000002620679a000 1408       3       jdk.internal.org.objectweb.asm.Frame::execute (2264 bytes)

GC Heap History (0 events):
No events

Deoptimization events (20 events):
Event: 0.572 Thread 0x0000026206976000 DEOPT PACKING pc=0x0000026271a64ae8 sp=0x000000aceaafa360
Event: 0.572 Thread 0x0000026206976000 DEOPT UNPACKING pc=0x0000026269fa772f sp=0x000000aceaafa308 mode 2
Event: 0.582 Thread 0x0000026206976000 Uncommon trap: trap_request=0xffffffde fr.pc=0x0000026271a64ae8 relative=0x00000000000001c8
Event: 0.582 Thread 0x0000026206976000 Uncommon trap: reason=class_check action=maybe_recompile pc=0x0000026271a64ae8 method=java.lang.String.equals(Ljava/lang/Object;)Z @ 8 c2
Event: 0.582 Thread 0x0000026206976000 DEOPT PACKING pc=0x0000026271a64ae8 sp=0x000000aceaafa410
Event: 0.582 Thread 0x0000026206976000 DEOPT UNPACKING pc=0x0000026269fa772f sp=0x000000aceaafa3b8 mode 2
Event: 0.584 Thread 0x0000026206976000 Uncommon trap: trap_request=0xffffffde fr.pc=0x0000026271a64ae8 relative=0x00000000000001c8
Event: 0.584 Thread 0x0000026206976000 Uncommon trap: reason=class_check action=maybe_recompile pc=0x0000026271a64ae8 method=java.lang.String.equals(Ljava/lang/Object;)Z @ 8 c2
Event: 0.584 Thread 0x0000026206976000 DEOPT PACKING pc=0x0000026271a64ae8 sp=0x000000aceaafa360
Event: 0.584 Thread 0x0000026206976000 DEOPT UNPACKING pc=0x0000026269fa772f sp=0x000000aceaafa308 mode 2
Event: 0.588 Thread 0x0000026206976000 DEOPT PACKING pc=0x000002626a69980d sp=0x000000aceaaf95c0
Event: 0.588 Thread 0x0000026206976000 DEOPT UNPACKING pc=0x0000026269fa754e sp=0x000000aceaaf8a60 mode 0
Event: 0.590 Thread 0x0000026206976000 Uncommon trap: trap_request=0xffffffde fr.pc=0x0000026271a64ae8 relative=0x00000000000001c8
Event: 0.590 Thread 0x0000026206976000 Uncommon trap: reason=class_check action=maybe_recompile pc=0x0000026271a64ae8 method=java.lang.String.equals(Ljava/lang/Object;)Z @ 8 c2
Event: 0.590 Thread 0x0000026206976000 DEOPT PACKING pc=0x0000026271a64ae8 sp=0x000000aceaafa410
Event: 0.590 Thread 0x0000026206976000 DEOPT UNPACKING pc=0x0000026269fa772f sp=0x000000aceaafa3b8 mode 2
Event: 34283.001 Thread 0x0000026206c45000 Uncommon trap: trap_request=0xffffff4d fr.pc=0x0000026271a834b4 relative=0x0000000000003d94
Event: 34283.019 Thread 0x0000026206c45000 Uncommon trap: reason=unstable_if action=reinterpret pc=0x0000026271a834b4 method=jdk.internal.org.objectweb.asm.Frame.execute(IILjdk/internal/org/objectweb/asm/ClassWriter;Ljdk/internal/org/objectweb/asm/Item;)V @ 1 c2
Event: 34283.020 Thread 0x0000026206c45000 DEOPT PACKING pc=0x0000026271a834b4 sp=0x000000acea7fd720
Event: 34283.070 Thread 0x0000026206c45000 DEOPT UNPACKING pc=0x0000026269fa772f sp=0x000000acea7fd6e8 mode 2

Classes redefined (0 events):
No events

Internal exceptions (20 events):
Event: 0.257 Thread 0x0000026261908800 Exception <a 'java/lang/NoSuchMethodError'{0x00000007138219a8}: 'java.lang.Object java.lang.invoke.DirectMethodHandle$Holder.invokeStatic(java.lang.Object, int, java.lang.Object, java.lang.Object, java.lang.Object, java.lang.Object)'> (0x00000007138219a8) thrown at [./src/hotspot/share/interpreter/linkResolver.cpp, line 773]
Event: 0.258 Thread 0x0000026261908800 Exception <a 'java/lang/NoSuchMethodError'{0x0000000713828a68}: 'java.lang.Object java.lang.invoke.DirectMethodHandle$Holder.invokeStatic(java.lang.Object, int, java.lang.Object, java.lang.Object, java.lang.Object)'> (0x0000000713828a68) thrown at [./src/hotspot/share/interpreter/linkResolver.cpp, line 773]
Event: 0.258 Thread 0x0000026261908800 Exception <a 'java/lang/NoSuchMethodError'{0x000000071382c5b0}: 'java.lang.Object java.lang.invoke.DirectMethodHandle$Holder.invokeSpecial(java.lang.Object, java.lang.Object, int, java.lang.Object, java.lang.Object, java.lang.Object)'> (0x000000071382c5b0) thrown at [./src/hotspot/share/interpreter/linkResolver.cpp, line 773]
Event: 0.260 Thread 0x0000026261908800 Exception <a 'java/lang/NoSuchMethodError'{0x0000000713843e90}: 'java.lang.Object java.lang.invoke.DirectMethodHandle$Holder.invokeStatic(java.lang.Object, int, java.lang.Object)'> (0x0000000713843e90) thrown at [./src/hotspot/share/interpreter/linkResolver.cpp, line 773]
Event: 0.279 Thread 0x0000026261908800 Exception <a 'java/lang/ClassNotFoundException'{0x00000007138efef8}: com/sun/swing/internal/plaf/metal/resources/spi/metalProvider> (0x00000007138efef8) thrown at [./src/hotspot/share/classfile/systemDictionary.cpp, line 231]
Event: 0.281 Thread 0x0000026261908800 Exception <a 'java/lang/ClassNotFoundException'{0x00000007138f4300}: com/sun/swing/internal/plaf/basic/resources/spi/basicProvider> (0x00000007138f4300) thrown at [./src/hotspot/share/classfile/systemDictionary.cpp, line 231]
Event: 0.315 Thread 0x0000026206e93000 Exception <a 'java/io/FileNotFoundException'{0x00000007137f6568}> (0x00000007137f6568) thrown at [./src/hotspot/share/prims/jni.cpp, line 615]
Event: 0.417 Thread 0x0000026261908800 Exception <a 'java/lang/NoSuchMethodError'{0x00000007135ba238}: 'java.lang.Object java.lang.invoke.DirectMethodHandle$Holder.invokeStatic(java.lang.Object, java.lang.Object, java.lang.Object, java.lang.Object, java.lang.Object, java.lang.Object, java.lang.Object, java.lang.Object, java.lang.Object, java.lang.Object, java.lang.Object, int)'> (0x00000007135ba238) thrown at [./src/hotspot/share/interpreter/linkResolver.cpp, line 773]
Event: 0.418 Thread 0x0000026261908800 Exception <a 'java/lang/NoSuchMethodError'{0x00000007135d8138}: 'java.lang.Object java.lang.invoke.DirectMethodHandle$Holder.invokeStatic(java.lang.Object, java.lang.Object, java.lang.Object, java.lang.Object, java.lang.Object, java.lang.Object, java.lang.Object, java.lang.Object, java.lang.Object, java.lang.Object, java.lang.Object, int, int)'> (0x00000007135d8138) thrown at [./src/hotspot/share/interpreter/linkResolver.cpp, line 773]
Event: 0.419 Thread 0x0000026261908800 Exception <a 'java/lang/NoSuchMethodError'{0x00000007135f8150}: 'java.lang.Object java.lang.invoke.DirectMethodHandle$Holder.invokeStatic(java.lang.Object, java.lang.Object, java.lang.Object, java.lang.Object, java.lang.Object, java.lang.Object, java.lang.Object, java.lang.Object, java.lang.Object, java.lang.Object, java.lang.Object, int, int, java.lang.Object)'> (0x00000007135f8150) thrown at [./src/hotspot/share/interpreter/linkResolver.cpp, line 773]
Event: 0.419 Thread 0x0000026261908800 Exception <a 'java/lang/NoSuchMethodError'{0x0000000713418ca0}: 'java.lang.Object java.lang.invoke.DirectMethodHandle$Holder.invokeStatic(java.lang.Object, java.lang.Object, java.lang.Object, java.lang.Object, java.lang.Object, java.lang.Object, java.lang.Object, java.lang.Object, java.lang.Object, java.lang.Object, java.lang.Object, int, int, java.lang.Object, java.lang.Object)'> (0x0000000713418ca0) thrown at [./src/hotspot/share/interpreter/linkResolver.cpp, line 773]
Event: 0.458 Thread 0x0000026261908800 Exception <a 'java/lang/NoSuchMethodError'{0x000000071346d3b8}: 'void java.lang.invoke.DirectMethodHandle$Holder.invokeStaticInit(java.lang.Object)'> (0x000000071346d3b8) thrown at [./src/hotspot/share/interpreter/linkResolver.cpp, line 773]
Event: 0.464 Thread 0x0000026261908800 Exception <a 'java/lang/NoSuchMethodError'{0x00000007134bf320}: 'java.lang.Object java.lang.invoke.Invokers$Holder.linkToTargetMethod(java.lang.Object, int, java.lang.Object)'> (0x00000007134bf320) thrown at [./src/hotspot/share/interpreter/linkResolver.cpp, line 773]
Event: 2.223 Thread 0x0000026206976000 Exception <a 'java/lang/NullPointerException'{0x0000000713135800}> (0x0000000713135800) thrown at [./src/hotspot/share/interpreter/linkResolver.cpp, line 1358]
Event: 2.223 Thread 0x0000026206976000 Exception <a 'java/lang/NullPointerException'{0x0000000713135800}> (0x0000000713135800) thrown at [./src/hotspot/share/prims/jvm.cpp, line 1301]
Event: 2.223 Thread 0x0000026206976000 Exception <a 'java/lang/NullPointerException'{0x0000000713135800}> (0x0000000713135800) thrown at [./src/hotspot/share/prims/jvm.cpp, line 1301]
Event: 4.256 Thread 0x0000026206976000 Exception <a 'java/lang/NullPointerException'{0x0000000712f31b38}> (0x0000000712f31b38) thrown at [./src/hotspot/share/interpreter/linkResolver.cpp, line 1358]
Event: 4.256 Thread 0x0000026206976000 Exception <a 'java/lang/NullPointerException'{0x0000000712f31b38}> (0x0000000712f31b38) thrown at [./src/hotspot/share/prims/jvm.cpp, line 1301]
Event: 4.256 Thread 0x0000026206976000 Exception <a 'java/lang/NullPointerException'{0x0000000712f31b38}> (0x0000000712f31b38) thrown at [./src/hotspot/share/prims/jvm.cpp, line 1301]
Event: 34300.914 Thread 0x0000026206976000 Exception <a 'java/lang/NoSuchMethodError'{0x0000000712e1cbb0}: 'void java.lang.invoke.DirectMethodHandle$Holder.invokeVirtual(java.lang.Object, java.lang.Object)'> (0x0000000712e1cbb0) thrown at [./src/hotspot/share/interpreter/linkResolver.cpp, line 773]

Events (20 events):
Event: 6.211 loading class sun/awt/SunToolkit$1
Event: 6.211 loading class sun/awt/SunToolkit$1 done
Event: 7377.936 Executing VM operation: RevokeBias
Event: 7377.941 Executing VM operation: RevokeBias done
Event: 7378.076 Executing VM operation: RevokeBias
Event: 7378.076 Executing VM operation: RevokeBias done
Event: 7378.077 Executing VM operation: RevokeBias
Event: 7378.077 Executing VM operation: RevokeBias done
Event: 9516.247 loading class java/awt/desktop/SystemSleepListener
Event: 9516.247 loading class java/awt/desktop/SystemEventListener
Event: 9516.247 loading class java/awt/desktop/SystemEventListener done
Event: 9516.247 loading class java/awt/desktop/SystemSleepListener done
Event: 34299.889 Executing VM operation: RevokeBias
Event: 34300.245 Executing VM operation: RevokeBias done
Event: 34300.413 loading class java/util/WeakHashMap$KeyIterator
Event: 34300.420 loading class java/util/WeakHashMap$HashIterator
Event: 34300.427 loading class java/util/WeakHashMap$HashIterator done
Event: 34300.427 loading class java/util/WeakHashMap$KeyIterator done
Event: 34300.961 Executing VM operation: RevokeBias
Event: 34301.011 Executing VM operation: RevokeBias done


Dynamic libraries:
0x00007ff7d4400000 - 0x00007ff7d440d000 	C:\jdk11.0.8_10\bin\javaw.exe
0x00007ffc6a250000 - 0x00007ffc6a448000 	C:\WINDOWS\SYSTEM32\ntdll.dll
0x00007ffc698e0000 - 0x00007ffc6999d000 	C:\WINDOWS\System32\KERNEL32.DLL
0x00007ffc67e70000 - 0x00007ffc6813e000 	C:\WINDOWS\System32\KERNELBASE.dll
0x00007ffc67b00000 - 0x00007ffc67c00000 	C:\WINDOWS\System32\ucrtbase.dll
0x00007ffc581e0000 - 0x00007ffc581f7000 	C:\jdk11.0.8_10\bin\jli.dll
0x00007ffc581c0000 - 0x00007ffc581d5000 	C:\jdk11.0.8_10\bin\VCRUNTIME140.dll
0x00007ffc694d0000 - 0x00007ffc69670000 	C:\WINDOWS\System32\USER32.dll
0x00007ffc67970000 - 0x00007ffc67992000 	C:\WINDOWS\System32\win32u.dll
0x00007ffc68f90000 - 0x00007ffc68fba000 	C:\WINDOWS\System32\GDI32.dll
0x00007ffc67cf0000 - 0x00007ffc67dfb000 	C:\WINDOWS\System32\gdi32full.dll
0x00007ffc66d80000 - 0x00007ffc6701a000 	C:\WINDOWS\WinSxS\amd64_microsoft.windows.common-controls_6595b64144ccf1df_6.0.19041.1110_none_60b5254171f9507e\COMCTL32.dll
0x00007ffc67c00000 - 0x00007ffc67c9d000 	C:\WINDOWS\System32\msvcp_win.dll
0x00007ffc69e30000 - 0x00007ffc69ece000 	C:\WINDOWS\System32\msvcrt.dll
0x00007ffc69f60000 - 0x00007ffc69f90000 	C:\WINDOWS\System32\IMM32.DLL
0x00007ffc58120000 - 0x00007ffc581bb000 	C:\jdk11.0.8_10\bin\msvcp140.dll
0x00007ffbfd470000 - 0x00007ffbfdf2d000 	C:\jdk11.0.8_10\bin\server\jvm.dll
0x00007ffc69360000 - 0x00007ffc6940e000 	C:\WINDOWS\System32\ADVAPI32.dll
0x00007ffc68a00000 - 0x00007ffc68a9c000 	C:\WINDOWS\System32\sechost.dll
0x00007ffc69d00000 - 0x00007ffc69e25000 	C:\WINDOWS\System32\RPCRT4.dll
0x00007ffc68ab0000 - 0x00007ffc68ab8000 	C:\WINDOWS\System32\PSAPI.DLL
0x00007ffc60b60000 - 0x00007ffc60b6a000 	C:\WINDOWS\SYSTEM32\VERSION.dll
0x00007ffc446b0000 - 0x00007ffc446b9000 	C:\WINDOWS\SYSTEM32\WSOCK32.dll
0x00007ffc4de20000 - 0x00007ffc4de47000 	C:\WINDOWS\SYSTEM32\WINMM.dll
0x00007ffc6a120000 - 0x00007ffc6a18b000 	C:\WINDOWS\System32\WS2_32.dll
0x00007ffc65510000 - 0x00007ffc65522000 	C:\WINDOWS\SYSTEM32\kernel.appcore.dll
0x00007ffc4d530000 - 0x00007ffc4d540000 	C:\jdk11.0.8_10\bin\verify.dll
0x00007ffc67370000 - 0x00007ffc67554000 	C:\WINDOWS\SYSTEM32\DBGHELP.DLL
0x00007ffc67150000 - 0x00007ffc6717c000 	C:\WINDOWS\SYSTEM32\dbgcore.DLL
0x00007ffc68140000 - 0x00007ffc681c2000 	C:\WINDOWS\System32\bcryptPrimitives.dll
0x00007ffc45af0000 - 0x00007ffc45b18000 	C:\jdk11.0.8_10\bin\java.dll
0x00007ffc4a680000 - 0x00007ffc4a68a000 	C:\jdk11.0.8_10\bin\jimage.dll
0x00007ffc45ad0000 - 0x00007ffc45ae7000 	C:\jdk11.0.8_10\bin\zip.dll
0x00007ffc682b0000 - 0x00007ffc689f3000 	C:\WINDOWS\System32\SHELL32.dll
0x00007ffc64d60000 - 0x00007ffc654f5000 	C:\WINDOWS\SYSTEM32\windows.storage.dll
0x00007ffc699a0000 - 0x00007ffc69cf4000 	C:\WINDOWS\System32\combase.dll
0x00007ffc66ce0000 - 0x00007ffc66d10000 	C:\WINDOWS\SYSTEM32\Wldp.dll
0x00007ffc691d0000 - 0x00007ffc6927d000 	C:\WINDOWS\System32\SHCORE.dll
0x00007ffc69f90000 - 0x00007ffc69fe5000 	C:\WINDOWS\System32\shlwapi.dll
0x00007ffc678b0000 - 0x00007ffc678cf000 	C:\WINDOWS\SYSTEM32\profapi.dll
0x00007ffbe16c0000 - 0x00007ffbe1859000 	C:\jdk11.0.8_10\bin\awt.dll
0x00007ffc696f0000 - 0x00007ffc697bd000 	C:\WINDOWS\System32\OLEAUT32.dll
0x00007ffc5fff0000 - 0x00007ffc60080000 	C:\WINDOWS\SYSTEM32\apphelp.dll
0x00007ffc64860000 - 0x00007ffc6488f000 	C:\WINDOWS\system32\DWMAPI.DLL
0x00007ffc609c0000 - 0x00007ffc60a5e000 	C:\WINDOWS\system32\uxtheme.dll
0x00007ffc697c0000 - 0x00007ffc698d5000 	C:\WINDOWS\System32\MSCTF.dll
0x00007ffc69ff0000 - 0x00007ffc6a11a000 	C:\WINDOWS\System32\ole32.dll
0x00007ffc1e3b0000 - 0x00007ffc1e4d7000 	C:\WINDOWS\system32\opengl32.dll
0x00007ffc20dc0000 - 0x00007ffc20dec000 	C:\WINDOWS\SYSTEM32\GLU32.dll
0x00007ffc58090000 - 0x00007ffc58112000 	C:\jdk11.0.8_10\bin\freetype.dll
0x00007ffc3a590000 - 0x00007ffc3a636000 	C:\jdk11.0.8_10\bin\fontmanager.dll
0x00007ffc45ab0000 - 0x00007ffc45ac9000 	C:\jdk11.0.8_10\bin\net.dll
0x00007ffc5c7a0000 - 0x00007ffc5c8aa000 	C:\WINDOWS\SYSTEM32\WINHTTP.dll
0x00007ffc669d0000 - 0x00007ffc66a3a000 	C:\WINDOWS\system32\mswsock.dll
0x00007ffc453a0000 - 0x00007ffc453b2000 	C:\jdk11.0.8_10\bin\nio.dll
0x00007ffc69410000 - 0x00007ffc694b9000 	C:\WINDOWS\System32\clbcatq.dll
0x00007ffc5bcb0000 - 0x00007ffc5be64000 	C:\WINDOWS\SYSTEM32\WindowsCodecs.dll
0x00007ffc68280000 - 0x00007ffc682a7000 	C:\WINDOWS\System32\bcrypt.dll
0x00007ffc1dc10000 - 0x00007ffc1dc4e000 	C:\WINDOWS\system32\dataexchange.dll
0x00007ffc5ef10000 - 0x00007ffc5f0f4000 	C:\WINDOWS\system32\dcomp.dll
0x00007ffc5e9f0000 - 0x00007ffc5ec53000 	C:\WINDOWS\system32\d3d11.dll
0x00007ffc65c10000 - 0x00007ffc65d03000 	C:\WINDOWS\system32\dxgi.dll
0x00007ffc5c000000 - 0x00007ffc5c200000 	C:\WINDOWS\system32\twinapi.appcore.dll
0x00007ffc53320000 - 0x00007ffc53419000 	C:\WINDOWS\SYSTEM32\textinputframework.dll
0x00007ffc5f480000 - 0x00007ffc5f7de000 	C:\WINDOWS\System32\CoreUIComponents.dll
0x00007ffc5f8e0000 - 0x00007ffc5f9d2000 	C:\WINDOWS\System32\CoreMessaging.dll
0x00007ffc676c0000 - 0x00007ffc676f3000 	C:\WINDOWS\SYSTEM32\ntmarta.dll
0x00007ffc5faf0000 - 0x00007ffc5fc44000 	C:\WINDOWS\SYSTEM32\wintypes.dll

dbghelp: loaded successfully - version: 4.0.5 - missing functions: none
symbol engine: initialized successfully - sym options: 0x614 - pdb path: .;C:\jdk11.0.8_10\bin;C:\WINDOWS\SYSTEM32;C:\WINDOWS\WinSxS\amd64_microsoft.windows.common-controls_6595b64144ccf1df_6.0.19041.1110_none_60b5254171f9507e;C:\jdk11.0.8_10\bin\server

VM Arguments:
jvm_args: -Dfile.encoding=Cp1252 
java_command: NumPuzzle
java_class_path (initial): C:\Users\natha\git\NumberPuzzle\bin
Launcher Type: SUN_STANDARD

[Global flags]
     intx CICompilerCount                          = 4                                         {product} {ergonomic}
     uint ConcGCThreads                            = 2                                         {product} {ergonomic}
     uint G1ConcRefinementThreads                  = 8                                         {product} {ergonomic}
   size_t G1HeapRegionSize                         = 1048576                                   {product} {ergonomic}
    uintx GCDrainStackTargetSize                   = 64                                        {product} {ergonomic}
   size_t InitialHeapSize                          = 264241152                                 {product} {ergonomic}
   size_t MarkStackSize                            = 4194304                                   {product} {ergonomic}
   size_t MaxHeapSize                              = 4225761280                                {product} {ergonomic}
   size_t MaxNewSize                               = 2535456768                                {product} {ergonomic}
   size_t MinHeapDeltaBytes                        = 1048576                                   {product} {ergonomic}
    uintx NonNMethodCodeHeapSize                   = 5836300                                {pd product} {ergonomic}
    uintx NonProfiledCodeHeapSize                  = 122910970                              {pd product} {ergonomic}
    uintx ProfiledCodeHeapSize                     = 122910970                              {pd product} {ergonomic}
    uintx ReservedCodeCacheSize                    = 251658240                              {pd product} {ergonomic}
     bool SegmentedCodeCache                       = true                                      {product} {ergonomic}
     bool UseCompressedClassPointers               = true                                 {lp64_product} {ergonomic}
     bool UseCompressedOops                        = true                                 {lp64_product} {ergonomic}
     bool UseG1GC                                  = true                                      {product} {ergonomic}
     bool UseLargePagesIndividualAllocation        = false                                  {pd product} {ergonomic}

Logging:
Log output configuration:
 #0: stdout all=warning uptime,level,tags
 #1: stderr all=off uptime,level,tags

Environment Variables:
JAVA_HOME=C:\jdk11.0.8_10
PATH=C:/jdk11.0.8_10/bin/server;C:/jdk11.0.8_10/bin;C:\jdk11.0.8_10\bin;C:\Windows\system32;C:\Windows;C:\Windows\System32\Wbem;C:\Windows\System32\WindowsPowerShell\v1.0\;C:\Windows\System32\OpenSSH\;C:\Program Files\NVIDIA Corporation\NVIDIA NvDLISR;C:\Program Files (x86)\NVIDIA Corporation\PhysX\Common;C:\WINDOWS\system32;C:\WINDOWS;C:\WINDOWS\System32\Wbem;C:\WINDOWS\System32\WindowsPowerShell\v1.0\;C:\WINDOWS\System32\OpenSSH\;C:\Program Files\Microsoft SQL Server\130\Tools\Binn\;C:\Program Files\Microsoft SQL Server\Client SDK\ODBC\170\Tools\Binn\;C:\Program Files\Microsoft SQL Server\150\Tools\Binn\;C:\Program Files\dotnet\;C:\Program Files\Git\cmd;C:\Users\natha\AppData\Local\Microsoft\WindowsApps;C:\Users\natha\AppData\Local\Programs\Microsoft VS Code\bin;C:\Users\natha\AppData\Local\GitHubDesktop\bin;C:\Users\natha\.dotnet\tools;C:\WINDOWS\system32;
USERNAME=natha
OS=Windows_NT
PROCESSOR_IDENTIFIER=Intel64 Family 6 Model 142 Stepping 12, GenuineIntel



---------------  S Y S T E M  ---------------

OS: Windows 10 , 64 bit Build 19041 (10.0.19041.1889)
OS uptime: 0 days 9:37 hours

CPU:total 8 (initial active 8) (4 cores per cpu, 2 threads per core) family 6 model 142 stepping 12, cmov, cx8, fxsr, mmx, sse, sse2, sse3, ssse3, sse4.1, sse4.2, popcnt, avx, avx2, aes, clmul, erms, 3dnowpref, lzcnt, ht, tsc, tscinvbit, bmi1, bmi2, adx, fma

Memory: 4k page, system-wide physical 16114M (378M free)
TotalPageFile size 65266M (AvailPageFile size 0M)
current process WorkingSet (physical memory assigned to process): 17M, peak: 98M
current process commit charge ("private bytes"): 355M, peak: 363M

vm_info: OpenJDK 64-Bit Server VM (11.0.8+10-LTS) for windows-amd64 JRE (11.0.8+10-LTS), built on Jul 13 2020 00:42:50 by "Administrator" with MS VC++ 15.9 (VS2017)

END.
