#
# There is insufficient memory for the Java Runtime Environment to continue.
# Native memory allocation (mmap) failed to map 65536 bytes for Failed to commit area from 0x0000020bb2a80000 to 0x0000020bb2a90000 of length 65536.
# Possible reasons:
#   The system is out of physical RAM or swap space
#   The process is running with CompressedOops enabled, and the Java Heap may be blocking the growth of the native heap
# Possible solutions:
#   Reduce memory load on the system
#   Increase physical memory or swap space
#   Check if swap backing store is full
#   Decrease Java heap size (-Xmx/-Xms)
#   Decrease number of Java threads
#   Decrease Java thread stack sizes (-Xss)
#   Set larger code cache with -XX:ReservedCodeCacheSize=
# This output file may be truncated or incomplete.
#
#  Out of Memory Error (./src/hotspot/os/windows/os_windows.cpp:3303), pid=21932, tid=25720
#
# JRE version:  (11.0.8+10) (build )
# Java VM: OpenJDK 64-Bit Server VM (11.0.8+10-LTS, mixed mode, sharing, tiered, compressed oops, g1 gc, windows-amd64)
# No core dump will be written. Minidumps are not enabled by default on client versions of Windows
#

---------------  S U M M A R Y ------------

Command Line: -Dfile.encoding=Cp1252 NumPuzzle

Host: Intel(R) Core(TM) i7-10510U CPU @ 1.80GHz, 8 cores, 15G,  Windows 10 , 64 bit Build 19041 (10.0.19041.1889)
Time: Wed Sep 28 22:02:05 2022 Eastern Daylight Time elapsed time: 0 seconds (0d 0h 0m 0s)

---------------  T H R E A D  ---------------

Current thread (0x0000020b98e48800):  JavaThread "Unknown thread" [_thread_in_vm, id=25720, stack(0x000000a6b8200000,0x000000a6b8300000)]

Stack: [0x000000a6b8200000,0x000000a6b8300000]
Native frames: (J=compiled Java code, j=interpreted, Vv=VM code, C=native code)
V  [jvm.dll+0x5dfc8a]
V  [jvm.dll+0x7179be]
V  [jvm.dll+0x71908f]
V  [jvm.dll+0x719753]
V  [jvm.dll+0x240e48]
V  [jvm.dll+0x5dcefa]
V  [jvm.dll+0x5d1b65]
V  [jvm.dll+0x2f650c]
V  [jvm.dll+0x2f6392]
V  [jvm.dll+0x2fb160]
V  [jvm.dll+0x33f082]
V  [jvm.dll+0x33eaa0]
V  [jvm.dll+0x2d38d8]
V  [jvm.dll+0x2d4a26]
V  [jvm.dll+0x6f36b7]
V  [jvm.dll+0x6f4e3f]
V  [jvm.dll+0x34bdf9]
V  [jvm.dll+0x6d6ac0]
V  [jvm.dll+0x3b332f]
V  [jvm.dll+0x3b55e1]
C  [jli.dll+0x520b]
C  [ucrtbase.dll+0x21bb2]
C  [KERNEL32.DLL+0x17034]
C  [ntdll.dll+0x526a1]


---------------  P R O C E S S  ---------------

Threads class SMR info:
_java_thread_list=0x0000020b975700f0, length=0, elements={
}

Java Threads: ( => current thread )

Other Threads:
  0x0000020b98e5f000 GCTaskThread "GC Thread#0" [stack: 0x000000a6b8300000,0x000000a6b8400000] [id=40000]
  0x0000020b98ec0000 ConcurrentGCThread "G1 Main Marker" [stack: 0x000000a6b8400000,0x000000a6b8500000] [id=10088]
  0x0000020b98ec5800 ConcurrentGCThread "G1 Conc#0" [stack: 0x000000a6b8500000,0x000000a6b8600000] [id=41116]

[error occurred during error reporting (printing all threads), id 0xc0000005, EXCEPTION_ACCESS_VIOLATION (0xc0000005) at pc=0x00007ff8d6992f27]

VM state:not at safepoint (not fully initialized)

VM Mutex/Monitor currently owned by a thread:  ([mutex/lock_event])
[0x0000020b98e466d0] Heap_lock - owner thread: 0x0000020b98e48800

Heap address: 0x0000000704200000, size: 4030 MB, Compressed Oops mode: Non-zero based: 0x0000000704200000
Narrow klass base: 0x0000000000000000, Narrow klass shift: 0

GC Heap History (0 events):
No events

Deoptimization events (0 events):
No events

Classes redefined (0 events):
No events

Internal exceptions (0 events):
No events

Events (1 events):
Event: 0.006 Loaded shared library C:\jdk11.0.8_10\bin\zip.dll


Dynamic libraries:
0x00007ff6baf20000 - 0x00007ff6baf2d000 	C:\jdk11.0.8_10\bin\javaw.exe
0x00007ff9ba0f0000 - 0x00007ff9ba2e8000 	C:\WINDOWS\SYSTEM32\ntdll.dll
0x00007ff9b98f0000 - 0x00007ff9b99ad000 	C:\WINDOWS\System32\KERNEL32.DLL
0x00007ff9b7b30000 - 0x00007ff9b7dfe000 	C:\WINDOWS\System32\KERNELBASE.dll
0x00007ff9b7e00000 - 0x00007ff9b7f00000 	C:\WINDOWS\System32\ucrtbase.dll
0x00007ff97ad60000 - 0x00007ff97ad77000 	C:\jdk11.0.8_10\bin\jli.dll
0x00007ff97abc0000 - 0x00007ff97abd5000 	C:\jdk11.0.8_10\bin\VCRUNTIME140.dll
0x00007ff9b99b0000 - 0x00007ff9b9b50000 	C:\WINDOWS\System32\USER32.dll
0x00007ff9b7a30000 - 0x00007ff9b7a52000 	C:\WINDOWS\System32\win32u.dll
0x00007ff9b6bc0000 - 0x00007ff9b6e5a000 	C:\WINDOWS\WinSxS\amd64_microsoft.windows.common-controls_6595b64144ccf1df_6.0.19041.1110_none_60b5254171f9507e\COMCTL32.dll
0x00007ff9b8390000 - 0x00007ff9b83ba000 	C:\WINDOWS\System32\GDI32.dll
0x00007ff9b83d0000 - 0x00007ff9b846e000 	C:\WINDOWS\System32\msvcrt.dll
0x00007ff9b8040000 - 0x00007ff9b814b000 	C:\WINDOWS\System32\gdi32full.dll
0x00007ff9b7a60000 - 0x00007ff9b7afd000 	C:\WINDOWS\System32\msvcp_win.dll
0x00007ff9b9f00000 - 0x00007ff9b9f30000 	C:\WINDOWS\System32\IMM32.DLL
0x00007ff908bf0000 - 0x00007ff908c8b000 	C:\jdk11.0.8_10\bin\msvcp140.dll
0x00007ff8d66b0000 - 0x00007ff8d716d000 	C:\jdk11.0.8_10\bin\server\jvm.dll
0x00007ff9b82e0000 - 0x00007ff9b838e000 	C:\WINDOWS\System32\ADVAPI32.dll
0x00007ff9b85c0000 - 0x00007ff9b865c000 	C:\WINDOWS\System32\sechost.dll
0x00007ff9b8470000 - 0x00007ff9b8595000 	C:\WINDOWS\System32\RPCRT4.dll
0x00007ff9b9e30000 - 0x00007ff9b9e38000 	C:\WINDOWS\System32\PSAPI.DLL
0x00007ff99dbe0000 - 0x00007ff99dbe9000 	C:\WINDOWS\SYSTEM32\WSOCK32.dll
0x00007ff999900000 - 0x00007ff999927000 	C:\WINDOWS\SYSTEM32\WINMM.dll
0x00007ff9ad4c0000 - 0x00007ff9ad4ca000 	C:\WINDOWS\SYSTEM32\VERSION.dll
0x00007ff9b97d0000 - 0x00007ff9b983b000 	C:\WINDOWS\System32\WS2_32.dll
0x00007ff9b53b0000 - 0x00007ff9b53c2000 	C:\WINDOWS\SYSTEM32\kernel.appcore.dll
0x00007ff9a8ae0000 - 0x00007ff9a8af0000 	C:\jdk11.0.8_10\bin\verify.dll
0x00007ff9b7140000 - 0x00007ff9b7324000 	C:\WINDOWS\SYSTEM32\DBGHELP.DLL
0x00007ff9b6f70000 - 0x00007ff9b6f9c000 	C:\WINDOWS\SYSTEM32\dbgcore.DLL
0x00007ff9b7f00000 - 0x00007ff9b7f82000 	C:\WINDOWS\System32\bcryptPrimitives.dll
0x00007ff986ee0000 - 0x00007ff986f08000 	C:\jdk11.0.8_10\bin\java.dll
0x00007ff9a8a70000 - 0x00007ff9a8a7a000 	C:\jdk11.0.8_10\bin\jimage.dll
0x00007ff98c740000 - 0x00007ff98c757000 	C:\jdk11.0.8_10\bin\zip.dll

dbghelp: loaded successfully - version: 4.0.5 - missing functions: none
symbol engine: initialized successfully - sym options: 0x614 - pdb path: .;C:\jdk11.0.8_10\bin;C:\WINDOWS\SYSTEM32;C:\WINDOWS\WinSxS\amd64_microsoft.windows.common-controls_6595b64144ccf1df_6.0.19041.1110_none_60b5254171f9507e;C:\jdk11.0.8_10\bin\server

VM Arguments:
jvm_args: -Dfile.encoding=Cp1252 
java_command: NumPuzzle
java_class_path (initial): C:\Users\natha\git\NumberPuzzle\bin
Launcher Type: SUN_STANDARD

[Global flags]
     intx CICompilerCount                          = 4                                         {product} {ergonomic}
     uint ConcGCThreads                            = 2                                         {product} {ergonomic}
     uint G1ConcRefinementThreads                  = 8                                         {product} {ergonomic}
   size_t G1HeapRegionSize                         = 1048576                                   {product} {ergonomic}
    uintx GCDrainStackTargetSize                   = 64                                        {product} {ergonomic}
   size_t InitialHeapSize                          = 264241152                                 {product} {ergonomic}
   size_t MarkStackSize                            = 4194304                                   {product} {ergonomic}
   size_t MaxHeapSize                              = 4225761280                                {product} {ergonomic}
   size_t MinHeapDeltaBytes                        = 1048576                                   {product} {ergonomic}
    uintx NonNMethodCodeHeapSize                   = 5836300                                {pd product} {ergonomic}
    uintx NonProfiledCodeHeapSize                  = 122910970                              {pd product} {ergonomic}
    uintx ProfiledCodeHeapSize                     = 122910970                              {pd product} {ergonomic}
    uintx ReservedCodeCacheSize                    = 251658240                              {pd product} {ergonomic}
     bool SegmentedCodeCache                       = true                                      {product} {ergonomic}
     bool UseCompressedClassPointers               = true                                 {lp64_product} {ergonomic}
     bool UseCompressedOops                        = true                                 {lp64_product} {ergonomic}
     bool UseG1GC                                  = true                                      {product} {ergonomic}
     bool UseLargePagesIndividualAllocation        = false                                  {pd product} {ergonomic}

Logging:
Log output configuration:
 #0: stdout all=warning uptime,level,tags
 #1: stderr all=off uptime,level,tags

Environment Variables:
JAVA_HOME=C:\jdk11.0.8_10
PATH=C:/jdk11.0.8_10/bin/server;C:/jdk11.0.8_10/bin;C:\jdk11.0.8_10\bin;C:\Windows\system32;C:\Windows;C:\Windows\System32\Wbem;C:\Windows\System32\WindowsPowerShell\v1.0\;C:\Windows\System32\OpenSSH\;C:\Program Files\NVIDIA Corporation\NVIDIA NvDLISR;C:\Program Files (x86)\NVIDIA Corporation\PhysX\Common;C:\WINDOWS\system32;C:\WINDOWS;C:\WINDOWS\System32\Wbem;C:\WINDOWS\System32\WindowsPowerShell\v1.0\;C:\WINDOWS\System32\OpenSSH\;C:\Program Files\Microsoft SQL Server\130\Tools\Binn\;C:\Program Files\Microsoft SQL Server\Client SDK\ODBC\170\Tools\Binn\;C:\Program Files\Microsoft SQL Server\150\Tools\Binn\;C:\Program Files\dotnet\;C:\Program Files\Git\cmd;C:\Users\natha\AppData\Local\Microsoft\WindowsApps;C:\Users\natha\AppData\Local\Programs\Microsoft VS Code\bin;C:\Users\natha\AppData\Local\GitHubDesktop\bin;C:\Users\natha\.dotnet\tools;C:\WINDOWS\system32;
USERNAME=natha
OS=Windows_NT
PROCESSOR_IDENTIFIER=Intel64 Family 6 Model 142 Stepping 12, GenuineIntel



---------------  S Y S T E M  ---------------

OS: Windows 10 , 64 bit Build 19041 (10.0.19041.1889)
OS uptime: 8 days 20:06 hours

CPU:total 8 (initial active 8) (4 cores per cpu, 2 threads per core) family 6 model 142 stepping 12, cmov, cx8, fxsr, mmx, sse, sse2, sse3, ssse3, sse4.1, sse4.2, popcnt, avx, avx2, aes, clmul, erms, 3dnowpref, lzcnt, ht, tsc, tscinvbit, bmi1, bmi2, adx, fma

Memory: 4k page, system-wide physical 16114M (3456M free)
TotalPageFile size 65266M (AvailPageFile size 4M)
current process WorkingSet (physical memory assigned to process): 10M, peak: 10M
current process commit charge ("private bytes"): 316M, peak: 316M

vm_info: OpenJDK 64-Bit Server VM (11.0.8+10-LTS) for windows-amd64 JRE (11.0.8+10-LTS), built on Jul 13 2020 00:42:50 by "Administrator" with MS VC++ 15.9 (VS2017)

END.
