#
# There is insufficient memory for the Java Runtime Environment to continue.
# Native memory allocation (malloc) failed to allocate 32744 bytes for ChunkPool::allocate
# Possible reasons:
#   The system is out of physical RAM or swap space
#   The process is running with CompressedOops enabled, and the Java Heap may be blocking the growth of the native heap
# Possible solutions:
#   Reduce memory load on the system
#   Increase physical memory or swap space
#   Check if swap backing store is full
#   Decrease Java heap size (-Xmx/-Xms)
#   Decrease number of Java threads
#   Decrease Java thread stack sizes (-Xss)
#   Set larger code cache with -XX:ReservedCodeCacheSize=
#   JVM is running with Zero Based Compressed Oops mode in which the Java heap is
#     placed in the first 32GB address space. The Java Heap base address is the
#     maximum limit for the native heap growth. Please use -XX:HeapBaseMinAddress
#     to set the Java Heap base and to place the Java Heap above 32GB virtual address.
# This output file may be truncated or incomplete.
#
#  Out of Memory Error (./src/hotspot/share/memory/arena.cpp:81), pid=12664, tid=14412
#
# JRE version: OpenJDK Runtime Environment Corretto-11.0.8.10.1 (11.0.8+10) (build 11.0.8+10-LTS)
# Java VM: OpenJDK 64-Bit Server VM Corretto-11.0.8.10.1 (11.0.8+10-LTS, mixed mode, tiered, compressed oops, g1 gc, windows-amd64)
# No core dump will be written. Minidumps are not enabled by default on client versions of Windows
#

---------------  S U M M A R Y ------------

Command Line: -Dfile.encoding=Cp1252 NumPuzzle

Host: Intel(R) Core(TM) i7-10510U CPU @ 1.80GHz, 8 cores, 15G,  Windows 10 , 64 bit Build 19041 (10.0.19041.1889)
Time: Thu Sep 29 11:38:06 2022 Eastern Daylight Time elapsed time: 34432 seconds (0d 9h 33m 52s)

---------------  T H R E A D  ---------------

Current thread (0x0000022640908000):  JavaThread "C1 CompilerThread0" daemon [_thread_in_native, id=14412, stack(0x000000d482100000,0x000000d482200000)]


Current CompileTask:
C1:34432080 1747       3       jdk.internal.org.objectweb.asm.Frame::execute (2264 bytes)

Stack: [0x000000d482100000,0x000000d482200000]
Native frames: (J=compiled Java code, j=interpreted, Vv=VM code, C=native code)
V  [jvm.dll+0x5dfc8a]
V  [jvm.dll+0x7179be]
V  [jvm.dll+0x71908f]
V  [jvm.dll+0x719753]
V  [jvm.dll+0x240e48]
V  [jvm.dll+0xb9a4b]
V  [jvm.dll+0xb9dac]
V  [jvm.dll+0x107b36]
V  [jvm.dll+0x5a4d4d]
V  [jvm.dll+0x1a4f68]
V  [jvm.dll+0x158baf]
V  [jvm.dll+0x14e49a]
V  [jvm.dll+0x14ae7e]
V  [jvm.dll+0x137360]
V  [jvm.dll+0x11f079]
V  [jvm.dll+0x11e97f]
V  [jvm.dll+0x11ebaf]
V  [jvm.dll+0x11de57]
V  [jvm.dll+0x11fd67]
V  [jvm.dll+0x208f27]
V  [jvm.dll+0x20710b]
V  [jvm.dll+0x6dc729]
V  [jvm.dll+0x6d57d4]
V  [jvm.dll+0x5debc6]
C  [ucrtbase.dll+0x21bb2]
C  [KERNEL32.DLL+0x17034]
C  [ntdll.dll+0x526a1]


---------------  P R O C E S S  ---------------

Threads class SMR info:
_java_thread_list=0x0000022642a796d0, length=15, elements={
0x000002264005c000, 0x0000022640065800, 0x0000022640952000, 0x0000022640953800,
0x0000022640955800, 0x0000022640908000, 0x0000022640909800, 0x0000022640ac6800,
0x0000022640ad7000, 0x0000022640ecb800, 0x0000022640ebc000, 0x0000022640ebd000,
0x0000022641346800, 0x000002261be58800, 0x0000022642add800
}

Java Threads: ( => current thread )
  0x000002264005c000 JavaThread "Reference Handler" daemon [_thread_blocked, id=11064, stack(0x000000d481c00000,0x000000d481d00000)]
  0x0000022640065800 JavaThread "Finalizer" daemon [_thread_blocked, id=10836, stack(0x000000d481d00000,0x000000d481e00000)]
  0x0000022640952000 JavaThread "Signal Dispatcher" daemon [_thread_blocked, id=3068, stack(0x000000d481e00000,0x000000d481f00000)]
  0x0000022640953800 JavaThread "Attach Listener" daemon [_thread_blocked, id=6968, stack(0x000000d481f00000,0x000000d482000000)]
  0x0000022640955800 JavaThread "C2 CompilerThread0" daemon [_thread_blocked, id=13052, stack(0x000000d482000000,0x000000d482100000)]
=>0x0000022640908000 JavaThread "C1 CompilerThread0" daemon [_thread_in_native, id=14412, stack(0x000000d482100000,0x000000d482200000)]
  0x0000022640909800 JavaThread "Sweeper thread" daemon [_thread_blocked, id=11168, stack(0x000000d482200000,0x000000d482300000)]
  0x0000022640ac6800 JavaThread "Service Thread" daemon [_thread_blocked, id=12932, stack(0x000000d482300000,0x000000d482400000)]
  0x0000022640ad7000 JavaThread "Common-Cleaner" daemon [_thread_blocked, id=12812, stack(0x000000d482500000,0x000000d482600000)]
  0x0000022640ecb800 JavaThread "Java2D Disposer" daemon [_thread_blocked, id=12740, stack(0x000000d482600000,0x000000d482700000)]
  0x0000022640ebc000 JavaThread "AWT-Shutdown" [_thread_blocked, id=12656, stack(0x000000d482700000,0x000000d482800000)]
  0x0000022640ebd000 JavaThread "AWT-Windows" daemon [_thread_in_native, id=11236, stack(0x000000d482800000,0x000000d482900000)]
  0x0000022641346800 JavaThread "AWT-EventQueue-0" [_thread_in_native, id=16884, stack(0x000000d482c00000,0x000000d482d00000)]
  0x000002261be58800 JavaThread "DestroyJavaVM" [_thread_blocked, id=17244, stack(0x000000d481500000,0x000000d481600000)]
  0x0000022642add800 JavaThread "TimerQueue" daemon [_thread_blocked, id=12972, stack(0x000000d482900000,0x000000d482a00000)]

Other Threads:
  0x000002264003a000 VMThread "VM Thread" [stack: 0x000000d481b00000,0x000000d481c00000] [id=11092]
  0x0000022640ac7800 WatcherThread [stack: 0x000000d482400000,0x000000d482500000] [id=12756]
  0x000002261be72000 GCTaskThread "GC Thread#0" [stack: 0x000000d481600000,0x000000d481700000] [id=17236]
  0x0000022641097000 GCTaskThread "GC Thread#1" [stack: 0x000000d482a00000,0x000000d482b00000] [id=11568]
  0x0000022641095000 GCTaskThread "GC Thread#2" [stack: 0x000000d482b00000,0x000000d482c00000] [id=11988]
  0x0000022641095800 GCTaskThread "GC Thread#3" [stack: 0x000000d483000000,0x000000d483100000] [id=13544]
  0x000002264109a800 GCTaskThread "GC Thread#4" [stack: 0x000000d483100000,0x000000d483200000] [id=13392]
  0x000002264109a000 GCTaskThread "GC Thread#5" [stack: 0x000000d483200000,0x000000d483300000] [id=13536]
  0x000002261becf000 ConcurrentGCThread "G1 Main Marker" [stack: 0x000000d481700000,0x000000d481800000] [id=9856]
  0x000002261bed4000 ConcurrentGCThread "G1 Conc#0" [stack: 0x000000d481800000,0x000000d481900000] [id=10016]
  0x000002261bf3e000 ConcurrentGCThread "G1 Refine#0" [stack: 0x000000d481900000,0x000000d481a00000] [id=9984]
  0x000002263ff24000 ConcurrentGCThread "G1 Young RemSet Sampling" [stack: 0x000000d481a00000,0x000000d481b00000] [id=11544]

Threads with active compile tasks:
C1 CompilerThread034432649 1747       3       jdk.internal.org.objectweb.asm.Frame::execute (2264 bytes)

VM state:not at safepoint (normal execution)

VM Mutex/Monitor currently owned by a thread: None

Heap address: 0x0000000704200000, size: 4030 MB, Compressed Oops mode: Zero based, Oop shift amount: 3
Narrow klass base: 0x0000000800000000, Narrow klass shift: 0
Compressed class space size: 1073741824 Address: 0x0000000800000000

Heap:
 garbage-first heap   total 258048K, used 18520K [0x0000000704200000, 0x0000000800000000)
  region size 1024K, 7 young (7168K), 3 survivors (3072K)
 Metaspace       used 17371K, capacity 17787K, committed 18048K, reserved 1064960K
  class space    used 1902K, capacity 2074K, committed 2176K, reserved 1048576K
Heap Regions: E=young(eden), S=young(survivor), O=old, HS=humongous(starts), HC=humongous(continues), CS=collection set, F=free, A=archive, TAMS=top-at-mark-start (previous, next)
|   0|0x0000000704200000, 0x0000000704300000, 0x0000000704300000|100%|HS|  |TAMS 0x0000000704200000, 0x0000000704200000| Complete 
|   1|0x0000000704300000, 0x0000000704400000, 0x0000000704400000|100%|HC|  |TAMS 0x0000000704300000, 0x0000000704300000| Complete 
|   2|0x0000000704400000, 0x0000000704500000, 0x0000000704500000|100%|HC|  |TAMS 0x0000000704400000, 0x0000000704400000| Complete 
|   3|0x0000000704500000, 0x0000000704600000, 0x0000000704600000|100%|HC|  |TAMS 0x0000000704500000, 0x0000000704500000| Complete 
|   4|0x0000000704600000, 0x0000000704700000, 0x0000000704700000|100%|HC|  |TAMS 0x0000000704600000, 0x0000000704600000| Complete 
|   5|0x0000000704700000, 0x0000000704800000, 0x0000000704800000|100%|HC|  |TAMS 0x0000000704700000, 0x0000000704700000| Complete 
|   6|0x0000000704800000, 0x0000000704900000, 0x0000000704900000|100%|HC|  |TAMS 0x0000000704800000, 0x0000000704800000| Complete 
|   7|0x0000000704900000, 0x0000000704a00000, 0x0000000704a00000|100%|HC|  |TAMS 0x0000000704900000, 0x0000000704900000| Complete 
|   8|0x0000000704a00000, 0x0000000704b00000, 0x0000000704b00000|100%|HC|  |TAMS 0x0000000704a00000, 0x0000000704a00000| Complete 
|   9|0x0000000704b00000, 0x0000000704c00000, 0x0000000704c00000|100%|HC|  |TAMS 0x0000000704b00000, 0x0000000704b00000| Complete 
|  10|0x0000000704c00000, 0x0000000704d00000, 0x0000000704d00000|100%|HC|  |TAMS 0x0000000704c00000, 0x0000000704c00000| Complete 
|  11|0x0000000704d00000, 0x0000000704e00000, 0x0000000704e00000|100%|HC|  |TAMS 0x0000000704d00000, 0x0000000704d00000| Complete 
|  12|0x0000000704e00000, 0x0000000704e16200, 0x0000000704f00000|  8%| O|  |TAMS 0x0000000704e00000, 0x0000000704e00000| Untracked 
|  13|0x0000000704f00000, 0x0000000704f00000, 0x0000000705000000|  0%| F|  |TAMS 0x0000000704f00000, 0x0000000704f00000| Untracked 
|  14|0x0000000705000000, 0x0000000705000000, 0x0000000705100000|  0%| F|  |TAMS 0x0000000705000000, 0x0000000705000000| Untracked 
|  15|0x0000000705100000, 0x0000000705100000, 0x0000000705200000|  0%| F|  |TAMS 0x0000000705100000, 0x0000000705100000| Untracked 
|  16|0x0000000705200000, 0x0000000705200000, 0x0000000705300000|  0%| F|  |TAMS 0x0000000705200000, 0x0000000705200000| Untracked 
|  17|0x0000000705300000, 0x0000000705300000, 0x0000000705400000|  0%| F|  |TAMS 0x0000000705300000, 0x0000000705300000| Untracked 
|  18|0x0000000705400000, 0x0000000705400000, 0x0000000705500000|  0%| F|  |TAMS 0x0000000705400000, 0x0000000705400000| Untracked 
|  19|0x0000000705500000, 0x0000000705500000, 0x0000000705600000|  0%| F|  |TAMS 0x0000000705500000, 0x0000000705500000| Untracked 
|  20|0x0000000705600000, 0x0000000705600000, 0x0000000705700000|  0%| F|  |TAMS 0x0000000705600000, 0x0000000705600000| Untracked 
|  21|0x0000000705700000, 0x0000000705700000, 0x0000000705800000|  0%| F|  |TAMS 0x0000000705700000, 0x0000000705700000| Untracked 
|  22|0x0000000705800000, 0x0000000705800000, 0x0000000705900000|  0%| F|  |TAMS 0x0000000705800000, 0x0000000705800000| Untracked 
|  23|0x0000000705900000, 0x0000000705900000, 0x0000000705a00000|  0%| F|  |TAMS 0x0000000705900000, 0x0000000705900000| Untracked 
|  24|0x0000000705a00000, 0x0000000705a00000, 0x0000000705b00000|  0%| F|  |TAMS 0x0000000705a00000, 0x0000000705a00000| Untracked 
|  25|0x0000000705b00000, 0x0000000705b00000, 0x0000000705c00000|  0%| F|  |TAMS 0x0000000705b00000, 0x0000000705b00000| Untracked 
|  26|0x0000000705c00000, 0x0000000705c00000, 0x0000000705d00000|  0%| F|  |TAMS 0x0000000705c00000, 0x0000000705c00000| Untracked 
|  27|0x0000000705d00000, 0x0000000705d00000, 0x0000000705e00000|  0%| F|  |TAMS 0x0000000705d00000, 0x0000000705d00000| Untracked 
|  28|0x0000000705e00000, 0x0000000705e00000, 0x0000000705f00000|  0%| F|  |TAMS 0x0000000705e00000, 0x0000000705e00000| Untracked 
|  29|0x0000000705f00000, 0x0000000705f00000, 0x0000000706000000|  0%| F|  |TAMS 0x0000000705f00000, 0x0000000705f00000| Untracked 
|  30|0x0000000706000000, 0x0000000706000000, 0x0000000706100000|  0%| F|  |TAMS 0x0000000706000000, 0x0000000706000000| Untracked 
|  31|0x0000000706100000, 0x0000000706100000, 0x0000000706200000|  0%| F|  |TAMS 0x0000000706100000, 0x0000000706100000| Untracked 
|  32|0x0000000706200000, 0x0000000706200000, 0x0000000706300000|  0%| F|  |TAMS 0x0000000706200000, 0x0000000706200000| Untracked 
|  33|0x0000000706300000, 0x0000000706300000, 0x0000000706400000|  0%| F|  |TAMS 0x0000000706300000, 0x0000000706300000| Untracked 
|  34|0x0000000706400000, 0x0000000706400000, 0x0000000706500000|  0%| F|  |TAMS 0x0000000706400000, 0x0000000706400000| Untracked 
|  35|0x0000000706500000, 0x0000000706500000, 0x0000000706600000|  0%| F|  |TAMS 0x0000000706500000, 0x0000000706500000| Untracked 
|  36|0x0000000706600000, 0x0000000706600000, 0x0000000706700000|  0%| F|  |TAMS 0x0000000706600000, 0x0000000706600000| Untracked 
|  37|0x0000000706700000, 0x0000000706700000, 0x0000000706800000|  0%| F|  |TAMS 0x0000000706700000, 0x0000000706700000| Untracked 
|  38|0x0000000706800000, 0x0000000706800000, 0x0000000706900000|  0%| F|  |TAMS 0x0000000706800000, 0x0000000706800000| Untracked 
|  39|0x0000000706900000, 0x0000000706900000, 0x0000000706a00000|  0%| F|  |TAMS 0x0000000706900000, 0x0000000706900000| Untracked 
|  40|0x0000000706a00000, 0x0000000706a00000, 0x0000000706b00000|  0%| F|  |TAMS 0x0000000706a00000, 0x0000000706a00000| Untracked 
|  41|0x0000000706b00000, 0x0000000706b00000, 0x0000000706c00000|  0%| F|  |TAMS 0x0000000706b00000, 0x0000000706b00000| Untracked 
|  42|0x0000000706c00000, 0x0000000706c00000, 0x0000000706d00000|  0%| F|  |TAMS 0x0000000706c00000, 0x0000000706c00000| Untracked 
|  43|0x0000000706d00000, 0x0000000706d00000, 0x0000000706e00000|  0%| F|  |TAMS 0x0000000706d00000, 0x0000000706d00000| Untracked 
|  44|0x0000000706e00000, 0x0000000706e00000, 0x0000000706f00000|  0%| F|  |TAMS 0x0000000706e00000, 0x0000000706e00000| Untracked 
|  45|0x0000000706f00000, 0x0000000706f00000, 0x0000000707000000|  0%| F|  |TAMS 0x0000000706f00000, 0x0000000706f00000| Untracked 
|  46|0x0000000707000000, 0x0000000707000000, 0x0000000707100000|  0%| F|  |TAMS 0x0000000707000000, 0x0000000707000000| Untracked 
|  47|0x0000000707100000, 0x0000000707100000, 0x0000000707200000|  0%| F|  |TAMS 0x0000000707100000, 0x0000000707100000| Untracked 
|  48|0x0000000707200000, 0x0000000707200000, 0x0000000707300000|  0%| F|  |TAMS 0x0000000707200000, 0x0000000707200000| Untracked 
|  49|0x0000000707300000, 0x0000000707300000, 0x0000000707400000|  0%| F|  |TAMS 0x0000000707300000, 0x0000000707300000| Untracked 
|  50|0x0000000707400000, 0x0000000707400000, 0x0000000707500000|  0%| F|  |TAMS 0x0000000707400000, 0x0000000707400000| Untracked 
|  51|0x0000000707500000, 0x0000000707500000, 0x0000000707600000|  0%| F|  |TAMS 0x0000000707500000, 0x0000000707500000| Untracked 
|  52|0x0000000707600000, 0x0000000707600000, 0x0000000707700000|  0%| F|  |TAMS 0x0000000707600000, 0x0000000707600000| Untracked 
|  53|0x0000000707700000, 0x0000000707700000, 0x0000000707800000|  0%| F|  |TAMS 0x0000000707700000, 0x0000000707700000| Untracked 
|  54|0x0000000707800000, 0x0000000707800000, 0x0000000707900000|  0%| F|  |TAMS 0x0000000707800000, 0x0000000707800000| Untracked 
|  55|0x0000000707900000, 0x0000000707900000, 0x0000000707a00000|  0%| F|  |TAMS 0x0000000707900000, 0x0000000707900000| Untracked 
|  56|0x0000000707a00000, 0x0000000707a00000, 0x0000000707b00000|  0%| F|  |TAMS 0x0000000707a00000, 0x0000000707a00000| Untracked 
|  57|0x0000000707b00000, 0x0000000707b00000, 0x0000000707c00000|  0%| F|  |TAMS 0x0000000707b00000, 0x0000000707b00000| Untracked 
|  58|0x0000000707c00000, 0x0000000707c00000, 0x0000000707d00000|  0%| F|  |TAMS 0x0000000707c00000, 0x0000000707c00000| Untracked 
|  59|0x0000000707d00000, 0x0000000707d00000, 0x0000000707e00000|  0%| F|  |TAMS 0x0000000707d00000, 0x0000000707d00000| Untracked 
|  60|0x0000000707e00000, 0x0000000707e00000, 0x0000000707f00000|  0%| F|  |TAMS 0x0000000707e00000, 0x0000000707e00000| Untracked 
|  61|0x0000000707f00000, 0x0000000707f00000, 0x0000000708000000|  0%| F|  |TAMS 0x0000000707f00000, 0x0000000707f00000| Untracked 
|  62|0x0000000708000000, 0x0000000708000000, 0x0000000708100000|  0%| F|  |TAMS 0x0000000708000000, 0x0000000708000000| Untracked 
|  63|0x0000000708100000, 0x0000000708100000, 0x0000000708200000|  0%| F|  |TAMS 0x0000000708100000, 0x0000000708100000| Untracked 
|  64|0x0000000708200000, 0x0000000708200000, 0x0000000708300000|  0%| F|  |TAMS 0x0000000708200000, 0x0000000708200000| Untracked 
|  65|0x0000000708300000, 0x0000000708300000, 0x0000000708400000|  0%| F|  |TAMS 0x0000000708300000, 0x0000000708300000| Untracked 
|  66|0x0000000708400000, 0x0000000708400000, 0x0000000708500000|  0%| F|  |TAMS 0x0000000708400000, 0x0000000708400000| Untracked 
|  67|0x0000000708500000, 0x0000000708500000, 0x0000000708600000|  0%| F|  |TAMS 0x0000000708500000, 0x0000000708500000| Untracked 
|  68|0x0000000708600000, 0x0000000708600000, 0x0000000708700000|  0%| F|  |TAMS 0x0000000708600000, 0x0000000708600000| Untracked 
|  69|0x0000000708700000, 0x0000000708700000, 0x0000000708800000|  0%| F|  |TAMS 0x0000000708700000, 0x0000000708700000| Untracked 
|  70|0x0000000708800000, 0x0000000708800000, 0x0000000708900000|  0%| F|  |TAMS 0x0000000708800000, 0x0000000708800000| Untracked 
|  71|0x0000000708900000, 0x0000000708900000, 0x0000000708a00000|  0%| F|  |TAMS 0x0000000708900000, 0x0000000708900000| Untracked 
|  72|0x0000000708a00000, 0x0000000708a00000, 0x0000000708b00000|  0%| F|  |TAMS 0x0000000708a00000, 0x0000000708a00000| Untracked 
|  73|0x0000000708b00000, 0x0000000708b00000, 0x0000000708c00000|  0%| F|  |TAMS 0x0000000708b00000, 0x0000000708b00000| Untracked 
|  74|0x0000000708c00000, 0x0000000708c00000, 0x0000000708d00000|  0%| F|  |TAMS 0x0000000708c00000, 0x0000000708c00000| Untracked 
|  75|0x0000000708d00000, 0x0000000708d00000, 0x0000000708e00000|  0%| F|  |TAMS 0x0000000708d00000, 0x0000000708d00000| Untracked 
|  76|0x0000000708e00000, 0x0000000708e00000, 0x0000000708f00000|  0%| F|  |TAMS 0x0000000708e00000, 0x0000000708e00000| Untracked 
|  77|0x0000000708f00000, 0x0000000708f00000, 0x0000000709000000|  0%| F|  |TAMS 0x0000000708f00000, 0x0000000708f00000| Untracked 
|  78|0x0000000709000000, 0x0000000709000000, 0x0000000709100000|  0%| F|  |TAMS 0x0000000709000000, 0x0000000709000000| Untracked 
|  79|0x0000000709100000, 0x0000000709100000, 0x0000000709200000|  0%| F|  |TAMS 0x0000000709100000, 0x0000000709100000| Untracked 
|  80|0x0000000709200000, 0x0000000709200000, 0x0000000709300000|  0%| F|  |TAMS 0x0000000709200000, 0x0000000709200000| Untracked 
|  81|0x0000000709300000, 0x0000000709300000, 0x0000000709400000|  0%| F|  |TAMS 0x0000000709300000, 0x0000000709300000| Untracked 
|  82|0x0000000709400000, 0x0000000709400000, 0x0000000709500000|  0%| F|  |TAMS 0x0000000709400000, 0x0000000709400000| Untracked 
|  83|0x0000000709500000, 0x0000000709500000, 0x0000000709600000|  0%| F|  |TAMS 0x0000000709500000, 0x0000000709500000| Untracked 
|  84|0x0000000709600000, 0x0000000709600000, 0x0000000709700000|  0%| F|  |TAMS 0x0000000709600000, 0x0000000709600000| Untracked 
|  85|0x0000000709700000, 0x0000000709700000, 0x0000000709800000|  0%| F|  |TAMS 0x0000000709700000, 0x0000000709700000| Untracked 
|  86|0x0000000709800000, 0x0000000709800000, 0x0000000709900000|  0%| F|  |TAMS 0x0000000709800000, 0x0000000709800000| Untracked 
|  87|0x0000000709900000, 0x0000000709900000, 0x0000000709a00000|  0%| F|  |TAMS 0x0000000709900000, 0x0000000709900000| Untracked 
|  88|0x0000000709a00000, 0x0000000709a00000, 0x0000000709b00000|  0%| F|  |TAMS 0x0000000709a00000, 0x0000000709a00000| Untracked 
|  89|0x0000000709b00000, 0x0000000709b00000, 0x0000000709c00000|  0%| F|  |TAMS 0x0000000709b00000, 0x0000000709b00000| Untracked 
|  90|0x0000000709c00000, 0x0000000709c00000, 0x0000000709d00000|  0%| F|  |TAMS 0x0000000709c00000, 0x0000000709c00000| Untracked 
|  91|0x0000000709d00000, 0x0000000709d00000, 0x0000000709e00000|  0%| F|  |TAMS 0x0000000709d00000, 0x0000000709d00000| Untracked 
|  92|0x0000000709e00000, 0x0000000709e00000, 0x0000000709f00000|  0%| F|  |TAMS 0x0000000709e00000, 0x0000000709e00000| Untracked 
|  93|0x0000000709f00000, 0x0000000709f00000, 0x000000070a000000|  0%| F|  |TAMS 0x0000000709f00000, 0x0000000709f00000| Untracked 
|  94|0x000000070a000000, 0x000000070a000000, 0x000000070a100000|  0%| F|  |TAMS 0x000000070a000000, 0x000000070a000000| Untracked 
|  95|0x000000070a100000, 0x000000070a100000, 0x000000070a200000|  0%| F|  |TAMS 0x000000070a100000, 0x000000070a100000| Untracked 
|  96|0x000000070a200000, 0x000000070a200000, 0x000000070a300000|  0%| F|  |TAMS 0x000000070a200000, 0x000000070a200000| Untracked 
|  97|0x000000070a300000, 0x000000070a300000, 0x000000070a400000|  0%| F|  |TAMS 0x000000070a300000, 0x000000070a300000| Untracked 
|  98|0x000000070a400000, 0x000000070a400000, 0x000000070a500000|  0%| F|  |TAMS 0x000000070a400000, 0x000000070a400000| Untracked 
|  99|0x000000070a500000, 0x000000070a500000, 0x000000070a600000|  0%| F|  |TAMS 0x000000070a500000, 0x000000070a500000| Untracked 
| 100|0x000000070a600000, 0x000000070a600000, 0x000000070a700000|  0%| F|  |TAMS 0x000000070a600000, 0x000000070a600000| Untracked 
| 101|0x000000070a700000, 0x000000070a700000, 0x000000070a800000|  0%| F|  |TAMS 0x000000070a700000, 0x000000070a700000| Untracked 
| 102|0x000000070a800000, 0x000000070a800000, 0x000000070a900000|  0%| F|  |TAMS 0x000000070a800000, 0x000000070a800000| Untracked 
| 103|0x000000070a900000, 0x000000070a900000, 0x000000070aa00000|  0%| F|  |TAMS 0x000000070a900000, 0x000000070a900000| Untracked 
| 104|0x000000070aa00000, 0x000000070aa00000, 0x000000070ab00000|  0%| F|  |TAMS 0x000000070aa00000, 0x000000070aa00000| Untracked 
| 105|0x000000070ab00000, 0x000000070ab00000, 0x000000070ac00000|  0%| F|  |TAMS 0x000000070ab00000, 0x000000070ab00000| Untracked 
| 106|0x000000070ac00000, 0x000000070ac00000, 0x000000070ad00000|  0%| F|  |TAMS 0x000000070ac00000, 0x000000070ac00000| Untracked 
| 107|0x000000070ad00000, 0x000000070ad00000, 0x000000070ae00000|  0%| F|  |TAMS 0x000000070ad00000, 0x000000070ad00000| Untracked 
| 108|0x000000070ae00000, 0x000000070ae00000, 0x000000070af00000|  0%| F|  |TAMS 0x000000070ae00000, 0x000000070ae00000| Untracked 
| 109|0x000000070af00000, 0x000000070af00000, 0x000000070b000000|  0%| F|  |TAMS 0x000000070af00000, 0x000000070af00000| Untracked 
| 110|0x000000070b000000, 0x000000070b000000, 0x000000070b100000|  0%| F|  |TAMS 0x000000070b000000, 0x000000070b000000| Untracked 
| 111|0x000000070b100000, 0x000000070b100000, 0x000000070b200000|  0%| F|  |TAMS 0x000000070b100000, 0x000000070b100000| Untracked 
| 112|0x000000070b200000, 0x000000070b200000, 0x000000070b300000|  0%| F|  |TAMS 0x000000070b200000, 0x000000070b200000| Untracked 
| 113|0x000000070b300000, 0x000000070b300000, 0x000000070b400000|  0%| F|  |TAMS 0x000000070b300000, 0x000000070b300000| Untracked 
| 114|0x000000070b400000, 0x000000070b400000, 0x000000070b500000|  0%| F|  |TAMS 0x000000070b400000, 0x000000070b400000| Untracked 
| 115|0x000000070b500000, 0x000000070b500000, 0x000000070b600000|  0%| F|  |TAMS 0x000000070b500000, 0x000000070b500000| Untracked 
| 116|0x000000070b600000, 0x000000070b600000, 0x000000070b700000|  0%| F|  |TAMS 0x000000070b600000, 0x000000070b600000| Untracked 
| 117|0x000000070b700000, 0x000000070b700000, 0x000000070b800000|  0%| F|  |TAMS 0x000000070b700000, 0x000000070b700000| Untracked 
| 118|0x000000070b800000, 0x000000070b800000, 0x000000070b900000|  0%| F|  |TAMS 0x000000070b800000, 0x000000070b800000| Untracked 
| 119|0x000000070b900000, 0x000000070b900000, 0x000000070ba00000|  0%| F|  |TAMS 0x000000070b900000, 0x000000070b900000| Untracked 
| 120|0x000000070ba00000, 0x000000070ba00000, 0x000000070bb00000|  0%| F|  |TAMS 0x000000070ba00000, 0x000000070ba00000| Untracked 
| 121|0x000000070bb00000, 0x000000070bb00000, 0x000000070bc00000|  0%| F|  |TAMS 0x000000070bb00000, 0x000000070bb00000| Untracked 
| 122|0x000000070bc00000, 0x000000070bc00000, 0x000000070bd00000|  0%| F|  |TAMS 0x000000070bc00000, 0x000000070bc00000| Untracked 
| 123|0x000000070bd00000, 0x000000070bd00000, 0x000000070be00000|  0%| F|  |TAMS 0x000000070bd00000, 0x000000070bd00000| Untracked 
| 124|0x000000070be00000, 0x000000070be00000, 0x000000070bf00000|  0%| F|  |TAMS 0x000000070be00000, 0x000000070be00000| Untracked 
| 125|0x000000070bf00000, 0x000000070bf00000, 0x000000070c000000|  0%| F|  |TAMS 0x000000070bf00000, 0x000000070bf00000| Untracked 
| 126|0x000000070c000000, 0x000000070c000000, 0x000000070c100000|  0%| F|  |TAMS 0x000000070c000000, 0x000000070c000000| Untracked 
| 127|0x000000070c100000, 0x000000070c100000, 0x000000070c200000|  0%| F|  |TAMS 0x000000070c100000, 0x000000070c100000| Untracked 
| 128|0x000000070c200000, 0x000000070c200000, 0x000000070c300000|  0%| F|  |TAMS 0x000000070c200000, 0x000000070c200000| Untracked 
| 129|0x000000070c300000, 0x000000070c300000, 0x000000070c400000|  0%| F|  |TAMS 0x000000070c300000, 0x000000070c300000| Untracked 
| 130|0x000000070c400000, 0x000000070c400000, 0x000000070c500000|  0%| F|  |TAMS 0x000000070c400000, 0x000000070c400000| Untracked 
| 131|0x000000070c500000, 0x000000070c500000, 0x000000070c600000|  0%| F|  |TAMS 0x000000070c500000, 0x000000070c500000| Untracked 
| 132|0x000000070c600000, 0x000000070c600000, 0x000000070c700000|  0%| F|  |TAMS 0x000000070c600000, 0x000000070c600000| Untracked 
| 133|0x000000070c700000, 0x000000070c700000, 0x000000070c800000|  0%| F|  |TAMS 0x000000070c700000, 0x000000070c700000| Untracked 
| 134|0x000000070c800000, 0x000000070c800000, 0x000000070c900000|  0%| F|  |TAMS 0x000000070c800000, 0x000000070c800000| Untracked 
| 135|0x000000070c900000, 0x000000070c900000, 0x000000070ca00000|  0%| F|  |TAMS 0x000000070c900000, 0x000000070c900000| Untracked 
| 136|0x000000070ca00000, 0x000000070ca00000, 0x000000070cb00000|  0%| F|  |TAMS 0x000000070ca00000, 0x000000070ca00000| Untracked 
| 137|0x000000070cb00000, 0x000000070cb00000, 0x000000070cc00000|  0%| F|  |TAMS 0x000000070cb00000, 0x000000070cb00000| Untracked 
| 138|0x000000070cc00000, 0x000000070cc00000, 0x000000070cd00000|  0%| F|  |TAMS 0x000000070cc00000, 0x000000070cc00000| Untracked 
| 139|0x000000070cd00000, 0x000000070cd00000, 0x000000070ce00000|  0%| F|  |TAMS 0x000000070cd00000, 0x000000070cd00000| Untracked 
| 140|0x000000070ce00000, 0x000000070ce00000, 0x000000070cf00000|  0%| F|  |TAMS 0x000000070ce00000, 0x000000070ce00000| Untracked 
| 141|0x000000070cf00000, 0x000000070cf00000, 0x000000070d000000|  0%| F|  |TAMS 0x000000070cf00000, 0x000000070cf00000| Untracked 
| 142|0x000000070d000000, 0x000000070d000000, 0x000000070d100000|  0%| F|  |TAMS 0x000000070d000000, 0x000000070d000000| Untracked 
| 143|0x000000070d100000, 0x000000070d100000, 0x000000070d200000|  0%| F|  |TAMS 0x000000070d100000, 0x000000070d100000| Untracked 
| 144|0x000000070d200000, 0x000000070d200000, 0x000000070d300000|  0%| F|  |TAMS 0x000000070d200000, 0x000000070d200000| Untracked 
| 145|0x000000070d300000, 0x000000070d300000, 0x000000070d400000|  0%| F|  |TAMS 0x000000070d300000, 0x000000070d300000| Untracked 
| 146|0x000000070d400000, 0x000000070d400000, 0x000000070d500000|  0%| F|  |TAMS 0x000000070d400000, 0x000000070d400000| Untracked 
| 147|0x000000070d500000, 0x000000070d500000, 0x000000070d600000|  0%| F|  |TAMS 0x000000070d500000, 0x000000070d500000| Untracked 
| 148|0x000000070d600000, 0x000000070d600000, 0x000000070d700000|  0%| F|  |TAMS 0x000000070d600000, 0x000000070d600000| Untracked 
| 149|0x000000070d700000, 0x000000070d700000, 0x000000070d800000|  0%| F|  |TAMS 0x000000070d700000, 0x000000070d700000| Untracked 
| 150|0x000000070d800000, 0x000000070d800000, 0x000000070d900000|  0%| F|  |TAMS 0x000000070d800000, 0x000000070d800000| Untracked 
| 151|0x000000070d900000, 0x000000070d900000, 0x000000070da00000|  0%| F|  |TAMS 0x000000070d900000, 0x000000070d900000| Untracked 
| 152|0x000000070da00000, 0x000000070da00000, 0x000000070db00000|  0%| F|  |TAMS 0x000000070da00000, 0x000000070da00000| Untracked 
| 153|0x000000070db00000, 0x000000070db00000, 0x000000070dc00000|  0%| F|  |TAMS 0x000000070db00000, 0x000000070db00000| Untracked 
| 154|0x000000070dc00000, 0x000000070dc00000, 0x000000070dd00000|  0%| F|  |TAMS 0x000000070dc00000, 0x000000070dc00000| Untracked 
| 155|0x000000070dd00000, 0x000000070dd00000, 0x000000070de00000|  0%| F|  |TAMS 0x000000070dd00000, 0x000000070dd00000| Untracked 
| 156|0x000000070de00000, 0x000000070de00000, 0x000000070df00000|  0%| F|  |TAMS 0x000000070de00000, 0x000000070de00000| Untracked 
| 157|0x000000070df00000, 0x000000070df00000, 0x000000070e000000|  0%| F|  |TAMS 0x000000070df00000, 0x000000070df00000| Untracked 
| 158|0x000000070e000000, 0x000000070e000000, 0x000000070e100000|  0%| F|  |TAMS 0x000000070e000000, 0x000000070e000000| Untracked 
| 159|0x000000070e100000, 0x000000070e100000, 0x000000070e200000|  0%| F|  |TAMS 0x000000070e100000, 0x000000070e100000| Untracked 
| 160|0x000000070e200000, 0x000000070e200000, 0x000000070e300000|  0%| F|  |TAMS 0x000000070e200000, 0x000000070e200000| Untracked 
| 161|0x000000070e300000, 0x000000070e300000, 0x000000070e400000|  0%| F|  |TAMS 0x000000070e300000, 0x000000070e300000| Untracked 
| 162|0x000000070e400000, 0x000000070e400000, 0x000000070e500000|  0%| F|  |TAMS 0x000000070e400000, 0x000000070e400000| Untracked 
| 163|0x000000070e500000, 0x000000070e500000, 0x000000070e600000|  0%| F|  |TAMS 0x000000070e500000, 0x000000070e500000| Untracked 
| 164|0x000000070e600000, 0x000000070e600000, 0x000000070e700000|  0%| F|  |TAMS 0x000000070e600000, 0x000000070e600000| Untracked 
| 165|0x000000070e700000, 0x000000070e700000, 0x000000070e800000|  0%| F|  |TAMS 0x000000070e700000, 0x000000070e700000| Untracked 
| 166|0x000000070e800000, 0x000000070e800000, 0x000000070e900000|  0%| F|  |TAMS 0x000000070e800000, 0x000000070e800000| Untracked 
| 167|0x000000070e900000, 0x000000070e900000, 0x000000070ea00000|  0%| F|  |TAMS 0x000000070e900000, 0x000000070e900000| Untracked 
| 168|0x000000070ea00000, 0x000000070ea00000, 0x000000070eb00000|  0%| F|  |TAMS 0x000000070ea00000, 0x000000070ea00000| Untracked 
| 169|0x000000070eb00000, 0x000000070eb00000, 0x000000070ec00000|  0%| F|  |TAMS 0x000000070eb00000, 0x000000070eb00000| Untracked 
| 170|0x000000070ec00000, 0x000000070ec00000, 0x000000070ed00000|  0%| F|  |TAMS 0x000000070ec00000, 0x000000070ec00000| Untracked 
| 171|0x000000070ed00000, 0x000000070ed00000, 0x000000070ee00000|  0%| F|  |TAMS 0x000000070ed00000, 0x000000070ed00000| Untracked 
| 172|0x000000070ee00000, 0x000000070ee00000, 0x000000070ef00000|  0%| F|  |TAMS 0x000000070ee00000, 0x000000070ee00000| Untracked 
| 173|0x000000070ef00000, 0x000000070ef00000, 0x000000070f000000|  0%| F|  |TAMS 0x000000070ef00000, 0x000000070ef00000| Untracked 
| 174|0x000000070f000000, 0x000000070f000000, 0x000000070f100000|  0%| F|  |TAMS 0x000000070f000000, 0x000000070f000000| Untracked 
| 175|0x000000070f100000, 0x000000070f100000, 0x000000070f200000|  0%| F|  |TAMS 0x000000070f100000, 0x000000070f100000| Untracked 
| 176|0x000000070f200000, 0x000000070f200000, 0x000000070f300000|  0%| F|  |TAMS 0x000000070f200000, 0x000000070f200000| Untracked 
| 177|0x000000070f300000, 0x000000070f300000, 0x000000070f400000|  0%| F|  |TAMS 0x000000070f300000, 0x000000070f300000| Untracked 
| 178|0x000000070f400000, 0x000000070f400000, 0x000000070f500000|  0%| F|  |TAMS 0x000000070f400000, 0x000000070f400000| Untracked 
| 179|0x000000070f500000, 0x000000070f500000, 0x000000070f600000|  0%| F|  |TAMS 0x000000070f500000, 0x000000070f500000| Untracked 
| 180|0x000000070f600000, 0x000000070f600000, 0x000000070f700000|  0%| F|  |TAMS 0x000000070f600000, 0x000000070f600000| Untracked 
| 181|0x000000070f700000, 0x000000070f700000, 0x000000070f800000|  0%| F|  |TAMS 0x000000070f700000, 0x000000070f700000| Untracked 
| 182|0x000000070f800000, 0x000000070f800000, 0x000000070f900000|  0%| F|  |TAMS 0x000000070f800000, 0x000000070f800000| Untracked 
| 183|0x000000070f900000, 0x000000070f900000, 0x000000070fa00000|  0%| F|  |TAMS 0x000000070f900000, 0x000000070f900000| Untracked 
| 184|0x000000070fa00000, 0x000000070fa00000, 0x000000070fb00000|  0%| F|  |TAMS 0x000000070fa00000, 0x000000070fa00000| Untracked 
| 185|0x000000070fb00000, 0x000000070fb00000, 0x000000070fc00000|  0%| F|  |TAMS 0x000000070fb00000, 0x000000070fb00000| Untracked 
| 186|0x000000070fc00000, 0x000000070fc00000, 0x000000070fd00000|  0%| F|  |TAMS 0x000000070fc00000, 0x000000070fc00000| Untracked 
| 187|0x000000070fd00000, 0x000000070fd00000, 0x000000070fe00000|  0%| F|  |TAMS 0x000000070fd00000, 0x000000070fd00000| Untracked 
| 188|0x000000070fe00000, 0x000000070fe00000, 0x000000070ff00000|  0%| F|  |TAMS 0x000000070fe00000, 0x000000070fe00000| Untracked 
| 189|0x000000070ff00000, 0x000000070ff00000, 0x0000000710000000|  0%| F|  |TAMS 0x000000070ff00000, 0x000000070ff00000| Untracked 
| 190|0x0000000710000000, 0x0000000710000000, 0x0000000710100000|  0%| F|  |TAMS 0x0000000710000000, 0x0000000710000000| Untracked 
| 191|0x0000000710100000, 0x0000000710100000, 0x0000000710200000|  0%| F|  |TAMS 0x0000000710100000, 0x0000000710100000| Untracked 
| 192|0x0000000710200000, 0x0000000710200000, 0x0000000710300000|  0%| F|  |TAMS 0x0000000710200000, 0x0000000710200000| Untracked 
| 193|0x0000000710300000, 0x0000000710300000, 0x0000000710400000|  0%| F|  |TAMS 0x0000000710300000, 0x0000000710300000| Untracked 
| 194|0x0000000710400000, 0x0000000710400000, 0x0000000710500000|  0%| F|  |TAMS 0x0000000710400000, 0x0000000710400000| Untracked 
| 195|0x0000000710500000, 0x0000000710500000, 0x0000000710600000|  0%| F|  |TAMS 0x0000000710500000, 0x0000000710500000| Untracked 
| 196|0x0000000710600000, 0x0000000710600000, 0x0000000710700000|  0%| F|  |TAMS 0x0000000710600000, 0x0000000710600000| Untracked 
| 197|0x0000000710700000, 0x0000000710700000, 0x0000000710800000|  0%| F|  |TAMS 0x0000000710700000, 0x0000000710700000| Untracked 
| 198|0x0000000710800000, 0x0000000710800000, 0x0000000710900000|  0%| F|  |TAMS 0x0000000710800000, 0x0000000710800000| Untracked 
| 199|0x0000000710900000, 0x0000000710900000, 0x0000000710a00000|  0%| F|  |TAMS 0x0000000710900000, 0x0000000710900000| Untracked 
| 200|0x0000000710a00000, 0x0000000710a00000, 0x0000000710b00000|  0%| F|  |TAMS 0x0000000710a00000, 0x0000000710a00000| Untracked 
| 201|0x0000000710b00000, 0x0000000710b00000, 0x0000000710c00000|  0%| F|  |TAMS 0x0000000710b00000, 0x0000000710b00000| Untracked 
| 202|0x0000000710c00000, 0x0000000710c00000, 0x0000000710d00000|  0%| F|  |TAMS 0x0000000710c00000, 0x0000000710c00000| Untracked 
| 203|0x0000000710d00000, 0x0000000710d00000, 0x0000000710e00000|  0%| F|  |TAMS 0x0000000710d00000, 0x0000000710d00000| Untracked 
| 204|0x0000000710e00000, 0x0000000710e00000, 0x0000000710f00000|  0%| F|  |TAMS 0x0000000710e00000, 0x0000000710e00000| Untracked 
| 205|0x0000000710f00000, 0x0000000710f00000, 0x0000000711000000|  0%| F|  |TAMS 0x0000000710f00000, 0x0000000710f00000| Untracked 
| 206|0x0000000711000000, 0x0000000711000000, 0x0000000711100000|  0%| F|  |TAMS 0x0000000711000000, 0x0000000711000000| Untracked 
| 207|0x0000000711100000, 0x0000000711100000, 0x0000000711200000|  0%| F|  |TAMS 0x0000000711100000, 0x0000000711100000| Untracked 
| 208|0x0000000711200000, 0x0000000711200000, 0x0000000711300000|  0%| F|  |TAMS 0x0000000711200000, 0x0000000711200000| Untracked 
| 209|0x0000000711300000, 0x0000000711300000, 0x0000000711400000|  0%| F|  |TAMS 0x0000000711300000, 0x0000000711300000| Untracked 
| 210|0x0000000711400000, 0x0000000711400000, 0x0000000711500000|  0%| F|  |TAMS 0x0000000711400000, 0x0000000711400000| Untracked 
| 211|0x0000000711500000, 0x0000000711500000, 0x0000000711600000|  0%| F|  |TAMS 0x0000000711500000, 0x0000000711500000| Untracked 
| 212|0x0000000711600000, 0x0000000711600000, 0x0000000711700000|  0%| F|  |TAMS 0x0000000711600000, 0x0000000711600000| Untracked 
| 213|0x0000000711700000, 0x0000000711700000, 0x0000000711800000|  0%| F|  |TAMS 0x0000000711700000, 0x0000000711700000| Untracked 
| 214|0x0000000711800000, 0x0000000711800000, 0x0000000711900000|  0%| F|  |TAMS 0x0000000711800000, 0x0000000711800000| Untracked 
| 215|0x0000000711900000, 0x0000000711900000, 0x0000000711a00000|  0%| F|  |TAMS 0x0000000711900000, 0x0000000711900000| Untracked 
| 216|0x0000000711a00000, 0x0000000711a00000, 0x0000000711b00000|  0%| F|  |TAMS 0x0000000711a00000, 0x0000000711a00000| Untracked 
| 217|0x0000000711b00000, 0x0000000711b00000, 0x0000000711c00000|  0%| F|  |TAMS 0x0000000711b00000, 0x0000000711b00000| Untracked 
| 218|0x0000000711c00000, 0x0000000711c00000, 0x0000000711d00000|  0%| F|  |TAMS 0x0000000711c00000, 0x0000000711c00000| Untracked 
| 219|0x0000000711d00000, 0x0000000711d00000, 0x0000000711e00000|  0%| F|  |TAMS 0x0000000711d00000, 0x0000000711d00000| Untracked 
| 220|0x0000000711e00000, 0x0000000711e00000, 0x0000000711f00000|  0%| F|  |TAMS 0x0000000711e00000, 0x0000000711e00000| Untracked 
| 221|0x0000000711f00000, 0x0000000711f00000, 0x0000000712000000|  0%| F|  |TAMS 0x0000000711f00000, 0x0000000711f00000| Untracked 
| 222|0x0000000712000000, 0x0000000712000000, 0x0000000712100000|  0%| F|  |TAMS 0x0000000712000000, 0x0000000712000000| Untracked 
| 223|0x0000000712100000, 0x0000000712100000, 0x0000000712200000|  0%| F|  |TAMS 0x0000000712100000, 0x0000000712100000| Untracked 
| 224|0x0000000712200000, 0x0000000712200000, 0x0000000712300000|  0%| F|  |TAMS 0x0000000712200000, 0x0000000712200000| Untracked 
| 225|0x0000000712300000, 0x0000000712400000, 0x0000000712400000|100%| S|CS|TAMS 0x0000000712300000, 0x0000000712300000| Complete 
| 226|0x0000000712400000, 0x0000000712500000, 0x0000000712500000|100%| S|CS|TAMS 0x0000000712400000, 0x0000000712400000| Complete 
| 227|0x0000000712500000, 0x0000000712600000, 0x0000000712600000|100%| S|CS|TAMS 0x0000000712500000, 0x0000000712500000| Complete 
| 228|0x0000000712600000, 0x0000000712600000, 0x0000000712700000|  0%| F|  |TAMS 0x0000000712600000, 0x0000000712600000| Untracked 
| 229|0x0000000712700000, 0x0000000712700000, 0x0000000712800000|  0%| F|  |TAMS 0x0000000712700000, 0x0000000712700000| Untracked 
| 230|0x0000000712800000, 0x0000000712800000, 0x0000000712900000|  0%| F|  |TAMS 0x0000000712800000, 0x0000000712800000| Untracked 
| 231|0x0000000712900000, 0x0000000712900000, 0x0000000712a00000|  0%| F|  |TAMS 0x0000000712900000, 0x0000000712900000| Untracked 
| 232|0x0000000712a00000, 0x0000000712a00000, 0x0000000712b00000|  0%| F|  |TAMS 0x0000000712a00000, 0x0000000712a00000| Untracked 
| 233|0x0000000712b00000, 0x0000000712b00000, 0x0000000712c00000|  0%| F|  |TAMS 0x0000000712b00000, 0x0000000712b00000| Untracked 
| 234|0x0000000712c00000, 0x0000000712c00000, 0x0000000712d00000|  0%| F|  |TAMS 0x0000000712c00000, 0x0000000712c00000| Untracked 
| 235|0x0000000712d00000, 0x0000000712d00000, 0x0000000712e00000|  0%| F|  |TAMS 0x0000000712d00000, 0x0000000712d00000| Untracked 
| 236|0x0000000712e00000, 0x0000000712e00000, 0x0000000712f00000|  0%| F|  |TAMS 0x0000000712e00000, 0x0000000712e00000| Untracked 
| 237|0x0000000712f00000, 0x0000000712f00000, 0x0000000713000000|  0%| F|  |TAMS 0x0000000712f00000, 0x0000000712f00000| Untracked 
| 238|0x0000000713000000, 0x0000000713000000, 0x0000000713100000|  0%| F|  |TAMS 0x0000000713000000, 0x0000000713000000| Untracked 
| 239|0x0000000713100000, 0x0000000713100000, 0x0000000713200000|  0%| F|  |TAMS 0x0000000713100000, 0x0000000713100000| Untracked 
| 240|0x0000000713200000, 0x0000000713200000, 0x0000000713300000|  0%| F|  |TAMS 0x0000000713200000, 0x0000000713200000| Untracked 
| 241|0x0000000713300000, 0x0000000713300000, 0x0000000713400000|  0%| F|  |TAMS 0x0000000713300000, 0x0000000713300000| Untracked 
| 242|0x0000000713400000, 0x0000000713400000, 0x0000000713500000|  0%| F|  |TAMS 0x0000000713400000, 0x0000000713400000| Untracked 
| 243|0x0000000713500000, 0x0000000713500000, 0x0000000713600000|  0%| F|  |TAMS 0x0000000713500000, 0x0000000713500000| Untracked 
| 244|0x0000000713600000, 0x0000000713600000, 0x0000000713700000|  0%| F|  |TAMS 0x0000000713600000, 0x0000000713600000| Untracked 
| 245|0x0000000713700000, 0x0000000713700000, 0x0000000713800000|  0%| F|  |TAMS 0x0000000713700000, 0x0000000713700000| Untracked 
| 246|0x0000000713800000, 0x0000000713800000, 0x0000000713900000|  0%| F|  |TAMS 0x0000000713800000, 0x0000000713800000| Untracked 
| 247|0x0000000713900000, 0x0000000713900000, 0x0000000713a00000|  0%| F|  |TAMS 0x0000000713900000, 0x0000000713900000| Untracked 
| 248|0x0000000713a00000, 0x0000000713b00000, 0x0000000713b00000|100%| E|  |TAMS 0x0000000713a00000, 0x0000000713a00000| Complete 
| 249|0x0000000713b00000, 0x0000000713c00000, 0x0000000713c00000|100%| E|CS|TAMS 0x0000000713b00000, 0x0000000713b00000| Complete 
| 250|0x0000000713c00000, 0x0000000713d00000, 0x0000000713d00000|100%| E|CS|TAMS 0x0000000713c00000, 0x0000000713c00000| Complete 
| 251|0x0000000713d00000, 0x0000000713e00000, 0x0000000713e00000|100%| E|CS|TAMS 0x0000000713d00000, 0x0000000713d00000| Complete 

Card table byte_map: [0x0000022634720000,0x0000022634f00000] _byte_map_base: 0x0000022630eff000

Marking Bits (Prev, Next): (CMBitMap*) 0x000002261bebe348, (CMBitMap*) 0x000002261bebe380
 Prev Bits: [0x00000226356e0000, 0x00000226395d8000)
 Next Bits: [0x00000226395e0000, 0x000002263d4d8000)

Polling page: 0x000002261a630000

Metaspace:

Usage:
  Non-class:     15.34 MB capacity,    15.11 MB ( 98%) used,   197.79 KB (  1%) free+waste,    46.63 KB ( <1%) overhead. 
      Class:      2.03 MB capacity,     1.86 MB ( 92%) used,   147.39 KB (  7%) free+waste,    24.13 KB (  1%) overhead. 
       Both:     17.37 MB capacity,    16.96 MB ( 98%) used,   345.18 KB (  2%) free+waste,    70.75 KB ( <1%) overhead. 

Virtual space:
  Non-class space:       16.00 MB reserved,      15.50 MB ( 97%) committed 
      Class space:        1.00 GB reserved,       2.13 MB ( <1%) committed 
             Both:        1.02 GB reserved,      17.63 MB (  2%) committed 

Chunk freelists:
   Non-Class:  31.00 KB
       Class:  6.00 KB
        Both:  37.00 KB

MaxMetaspaceSize: 17179869184.00 GB
CompressedClassSpaceSize: 1.00 GB

CodeHeap 'non-profiled nmethods': size=120000Kb used=532Kb max_used=532Kb free=119468Kb
 bounds [0x000002262bfa0000, 0x000002262c210000, 0x00000226334d0000]
CodeHeap 'profiled nmethods': size=120000Kb used=3352Kb max_used=3352Kb free=116647Kb
 bounds [0x0000022624a70000, 0x0000022624dc0000, 0x000002262bfa0000]
CodeHeap 'non-nmethods': size=5760Kb used=1228Kb max_used=1243Kb free=4531Kb
 bounds [0x00000226244d0000, 0x0000022624740000, 0x0000022624a70000]
 total_blobs=2354 nmethods=1746 adapters=519
 compilation: enabled
              stopped_count=0, restarted_count=0
 full_count=0

Compilation events (20 events):
Event: 11.235 Thread 0x0000022640908000 nmethod 1736 0x000002262c024910 code [0x000002262c024ac0, 0x000002262c024b78]
Event: 11.451 Thread 0x0000022640908000 1737       3       sun.awt.windows.WComponentPeer::handleJavaMouseEvent (75 bytes)
Event: 11.452 Thread 0x0000022640908000 nmethod 1737 0x0000022624daea10 code [0x0000022624daeca0, 0x0000022624dafa58]
Event: 70.201 Thread 0x0000022640908000 1738   !   3       java.lang.ref.ReferenceQueue::remove (125 bytes)
Event: 70.202 Thread 0x0000022640908000 nmethod 1738 0x0000022624dafe10 code [0x0000022624db0040, 0x0000022624db08b8]
Event: 3730.653 Thread 0x0000022640908000 1739   !   3       jdk.internal.ref.PhantomCleanable::isListEmpty (34 bytes)
Event: 3730.657 Thread 0x0000022640908000 nmethod 1739 0x0000022624db0c10 code [0x0000022624db0dc0, 0x0000022624db10d8]
Event: 3730.657 Thread 0x0000022640908000 1740       3       jdk.internal.misc.InnocuousThread::eraseThreadLocals (23 bytes)
Event: 3730.661 Thread 0x0000022640908000 nmethod 1740 0x0000022624db1210 code [0x0000022624db13c0, 0x0000022624db15b8]
Event: 7525.938 Thread 0x0000022640908000 1741       3       java.awt.Font::<init> (56 bytes)
Event: 7525.940 Thread 0x0000022640908000 nmethod 1741 0x0000022624db1690 code [0x0000022624db1860, 0x0000022624db1af8]
Event: 7525.943 Thread 0x0000022640908000 1742       3       java.util.HashMap$EntryIterator::next (5 bytes)
Event: 7525.944 Thread 0x0000022640908000 nmethod 1742 0x0000022624db1b90 code [0x0000022624db1d60, 0x0000022624db1ee8]
Event: 7525.949 Thread 0x0000022640908000 1743   !   3       java.util.concurrent.ConcurrentHashMap::replaceNode (437 bytes)
Event: 7525.954 Thread 0x0000022640908000 nmethod 1743 0x0000022624db1f90 code [0x0000022624db2340, 0x0000022624db4558]
Event: 7525.954 Thread 0x0000022640908000 1744       3       java.util.concurrent.ConcurrentHashMap::remove (8 bytes)
Event: 7525.955 Thread 0x0000022640908000 nmethod 1744 0x0000022624db5390 code [0x0000022624db5540, 0x0000022624db5688]
Event: 7525.963 Thread 0x0000022640908000 1745       3       java.beans.PropertyChangeSupport::firePropertyChange (35 bytes)
Event: 7525.965 Thread 0x0000022640908000 nmethod 1745 0x0000022624db5710 code [0x0000022624db5920, 0x0000022624db60e8]
Event: 34431.000 Thread 0x0000022640908000 1747       3       jdk.internal.org.objectweb.asm.Frame::execute (2264 bytes)

GC Heap History (2 events):
Event: 10.186 GC heap before
{Heap before GC invocations=0 (full 0):
 garbage-first heap   total 258048K, used 35840K [0x0000000704200000, 0x0000000800000000)
  region size 1024K, 24 young (24576K), 0 survivors (0K)
 Metaspace       used 17302K, capacity 17716K, committed 18048K, reserved 1064960K
  class space    used 1897K, capacity 2071K, committed 2176K, reserved 1048576K
}
Event: 10.189 GC heap after
{Heap after GC invocations=1 (full 0):
 garbage-first heap   total 258048K, used 15448K [0x0000000704200000, 0x0000000800000000)
  region size 1024K, 3 young (3072K), 3 survivors (3072K)
 Metaspace       used 17302K, capacity 17716K, committed 18048K, reserved 1064960K
  class space    used 1897K, capacity 2071K, committed 2176K, reserved 1048576K
}

Deoptimization events (20 events):
Event: 0.641 Thread 0x0000022641346800 DEOPT PACKING pc=0x000002262bfb46e8 sp=0x000000d482cfa2b0
Event: 0.641 Thread 0x0000022641346800 DEOPT UNPACKING pc=0x00000226244f772f sp=0x000000d482cfa258 mode 2
Event: 0.643 Thread 0x0000022641346800 DEOPT PACKING pc=0x0000022624be818d sp=0x000000d482cf9510
Event: 0.643 Thread 0x0000022641346800 DEOPT UNPACKING pc=0x00000226244f754e sp=0x000000d482cf89b0 mode 0
Event: 0.644 Thread 0x0000022641346800 Uncommon trap: trap_request=0xffffffde fr.pc=0x000002262bfb46e8 relative=0x00000000000001c8
Event: 0.644 Thread 0x0000022641346800 Uncommon trap: reason=class_check action=maybe_recompile pc=0x000002262bfb46e8 method=java.lang.String.equals(Ljava/lang/Object;)Z @ 8 c2
Event: 0.644 Thread 0x0000022641346800 DEOPT PACKING pc=0x000002262bfb46e8 sp=0x000000d482cfa360
Event: 0.644 Thread 0x0000022641346800 DEOPT UNPACKING pc=0x00000226244f772f sp=0x000000d482cfa308 mode 2
Event: 5.894 Thread 0x0000022641346800 DEOPT PACKING pc=0x0000022624c463fc sp=0x000000d482cf97a0
Event: 5.894 Thread 0x0000022641346800 DEOPT UNPACKING pc=0x00000226244f754e sp=0x000000d482cf8c98 mode 0
Event: 8.547 Thread 0x0000022641346800 DEOPT PACKING pc=0x0000022624c1866a sp=0x000000d482cf97a0
Event: 8.547 Thread 0x0000022641346800 DEOPT UNPACKING pc=0x00000226244f754e sp=0x000000d482cf8c80 mode 0
Event: 7525.947 Thread 0x0000022640ebd000 Uncommon trap: trap_request=0xffffff4d fr.pc=0x000002262bfe4bfc relative=0x0000000000000ebc
Event: 7525.947 Thread 0x0000022640ebd000 Uncommon trap: reason=unstable_if action=reinterpret pc=0x000002262bfe4bfc method=java.lang.ref.ReferenceQueue.poll()Ljava/lang/ref/Reference; @ 4 c2
Event: 7525.947 Thread 0x0000022640ebd000 DEOPT PACKING pc=0x000002262bfe4bfc sp=0x000000d4828fd700
Event: 7525.948 Thread 0x0000022640ebd000 DEOPT UNPACKING pc=0x00000226244f772f sp=0x000000d4828fd598 mode 2
Event: 34430.698 Thread 0x0000022640ebd000 Uncommon trap: trap_request=0xffffff4d fr.pc=0x000002262bfcf1b8 relative=0x0000000000003698
Event: 34430.732 Thread 0x0000022640ebd000 Uncommon trap: reason=unstable_if action=reinterpret pc=0x000002262bfcf1b8 method=jdk.internal.org.objectweb.asm.Frame.execute(IILjdk/internal/org/objectweb/asm/ClassWriter;Ljdk/internal/org/objectweb/asm/Item;)V @ 1 c2
Event: 34430.733 Thread 0x0000022640ebd000 DEOPT PACKING pc=0x000002262bfcf1b8 sp=0x000000d4828fd320
Event: 34430.738 Thread 0x0000022640ebd000 DEOPT UNPACKING pc=0x00000226244f772f sp=0x000000d4828fd2e8 mode 2

Classes redefined (0 events):
No events

Internal exceptions (20 events):
Event: 0.165 Thread 0x000002261be58800 Exception <a 'java/lang/NoSuchMethodError'{0x0000000713b56308}: 'java.lang.Object java.lang.invoke.DirectMethodHandle$Holder.invokeSpecial(java.lang.Object, java.lang.Object, int, int, java.lang.Object, java.lang.Object, java.lang.Object)'> (0x0000000713b56308) thrown at [./src/hotspot/share/interpreter/linkResolver.cpp, line 773]
Event: 0.165 Thread 0x000002261be58800 Exception <a 'java/lang/NoSuchMethodError'{0x0000000713b59898}: 'java.lang.Object java.lang.invoke.DelegatingMethodHandle$Holder.reinvoke_L(java.lang.Object, int, int, java.lang.Object, java.lang.Object, java.lang.Object)'> (0x0000000713b59898) thrown at [./src/hotspot/share/interpreter/linkResolver.cpp, line 773]
Event: 0.166 Thread 0x000002261be58800 Exception <a 'java/lang/NoSuchMethodError'{0x0000000713b5d978}: 'java.lang.Object java.lang.invoke.DirectMethodHandle$Holder.invokeStatic(java.lang.Object, java.lang.Object, java.lang.Object, java.lang.Object, int)'> (0x0000000713b5d978) thrown at [./src/hotspot/share/interpreter/linkResolver.cpp, line 773]
Event: 0.172 Thread 0x000002261be58800 Exception <a 'java/io/FileNotFoundException'{0x0000000713bc09c8}> (0x0000000713bc09c8) thrown at [./src/hotspot/share/prims/jni.cpp, line 615]
Event: 0.216 Thread 0x0000022640ebd000 Exception <a 'java/lang/NoSuchMethodError'{0x0000000713a80b70}: 'void java.lang.invoke.DirectMethodHandle$Holder.invokeSpecial(java.lang.Object, java.lang.Object)'> (0x0000000713a80b70) thrown at [./src/hotspot/share/interpreter/linkResolver.cpp, line 773]
Event: 0.219 Thread 0x000002261be58800 Exception <a 'java/lang/NoSuchMethodError'{0x0000000713af6b18}: 'java.lang.Object java.lang.invoke.DirectMethodHandle$Holder.invokeStatic(java.lang.Object, java.lang.Object, java.lang.Object, java.lang.Object, java.lang.Object, java.lang.Object, java.lang.Object, java.lang.Object, int)'> (0x0000000713af6b18) thrown at [./src/hotspot/share/interpreter/linkResolver.cpp, line 773]
Event: 0.221 Thread 0x000002261be58800 Exception <a 'java/lang/NoSuchMethodError'{0x0000000713910f58}: 'java.lang.Object java.lang.invoke.DirectMethodHandle$Holder.invokeStatic(java.lang.Object, java.lang.Object, java.lang.Object, java.lang.Object, java.lang.Object, java.lang.Object, java.lang.Object, java.lang.Object, int, int)'> (0x0000000713910f58) thrown at [./src/hotspot/share/interpreter/linkResolver.cpp, line 773]
Event: 0.255 Thread 0x000002261be58800 Exception <a 'java/lang/NoSuchMethodError'{0x0000000713821948}: 'java.lang.Object java.lang.invoke.DirectMethodHandle$Holder.invokeStatic(java.lang.Object, int, java.lang.Object, java.lang.Object, java.lang.Object, java.lang.Object)'> (0x0000000713821948) thrown at [./src/hotspot/share/interpreter/linkResolver.cpp, line 773]
Event: 0.255 Thread 0x000002261be58800 Exception <a 'java/lang/NoSuchMethodError'{0x0000000713828a08}: 'java.lang.Object java.lang.invoke.DirectMethodHandle$Holder.invokeStatic(java.lang.Object, int, java.lang.Object, java.lang.Object, java.lang.Object)'> (0x0000000713828a08) thrown at [./src/hotspot/share/interpreter/linkResolver.cpp, line 773]
Event: 0.255 Thread 0x000002261be58800 Exception <a 'java/lang/NoSuchMethodError'{0x000000071382c550}: 'java.lang.Object java.lang.invoke.DirectMethodHandle$Holder.invokeSpecial(java.lang.Object, java.lang.Object, int, java.lang.Object, java.lang.Object, java.lang.Object)'> (0x000000071382c550) thrown at [./src/hotspot/share/interpreter/linkResolver.cpp, line 773]
Event: 0.257 Thread 0x000002261be58800 Exception <a 'java/lang/NoSuchMethodError'{0x0000000713843e30}: 'java.lang.Object java.lang.invoke.DirectMethodHandle$Holder.invokeStatic(java.lang.Object, int, java.lang.Object)'> (0x0000000713843e30) thrown at [./src/hotspot/share/interpreter/linkResolver.cpp, line 773]
Event: 0.276 Thread 0x000002261be58800 Exception <a 'java/lang/ClassNotFoundException'{0x00000007138eff58}: com/sun/swing/internal/plaf/metal/resources/spi/metalProvider> (0x00000007138eff58) thrown at [./src/hotspot/share/classfile/systemDictionary.cpp, line 231]
Event: 0.277 Thread 0x000002261be58800 Exception <a 'java/lang/ClassNotFoundException'{0x00000007138f4360}: com/sun/swing/internal/plaf/basic/resources/spi/basicProvider> (0x00000007138f4360) thrown at [./src/hotspot/share/classfile/systemDictionary.cpp, line 231]
Event: 0.303 Thread 0x0000022641094000 Exception <a 'java/io/FileNotFoundException'{0x00000007137f6588}> (0x00000007137f6588) thrown at [./src/hotspot/share/prims/jni.cpp, line 615]
Event: 0.449 Thread 0x000002261be58800 Exception <a 'java/lang/NoSuchMethodError'{0x00000007135ba298}: 'java.lang.Object java.lang.invoke.DirectMethodHandle$Holder.invokeStatic(java.lang.Object, java.lang.Object, java.lang.Object, java.lang.Object, java.lang.Object, java.lang.Object, java.lang.Object, java.lang.Object, java.lang.Object, java.lang.Object, java.lang.Object, int)'> (0x00000007135ba298) thrown at [./src/hotspot/share/interpreter/linkResolver.cpp, line 773]
Event: 0.450 Thread 0x000002261be58800 Exception <a 'java/lang/NoSuchMethodError'{0x00000007135d8198}: 'java.lang.Object java.lang.invoke.DirectMethodHandle$Holder.invokeStatic(java.lang.Object, java.lang.Object, java.lang.Object, java.lang.Object, java.lang.Object, java.lang.Object, java.lang.Object, java.lang.Object, java.lang.Object, java.lang.Object, java.lang.Object, int, int)'> (0x00000007135d8198) thrown at [./src/hotspot/share/interpreter/linkResolver.cpp, line 773]
Event: 0.451 Thread 0x000002261be58800 Exception <a 'java/lang/NoSuchMethodError'{0x00000007135f8168}: 'java.lang.Object java.lang.invoke.DirectMethodHandle$Holder.invokeStatic(java.lang.Object, java.lang.Object, java.lang.Object, java.lang.Object, java.lang.Object, java.lang.Object, java.lang.Object, java.lang.Object, java.lang.Object, java.lang.Object, java.lang.Object, int, int, java.lang.Object)'> (0x00000007135f8168) thrown at [./src/hotspot/share/interpreter/linkResolver.cpp, line 773]
Event: 0.453 Thread 0x000002261be58800 Exception <a 'java/lang/NoSuchMethodError'{0x0000000713418ca0}: 'java.lang.Object java.lang.invoke.DirectMethodHandle$Holder.invokeStatic(java.lang.Object, java.lang.Object, java.lang.Object, java.lang.Object, java.lang.Object, java.lang.Object, java.lang.Object, java.lang.Object, java.lang.Object, java.lang.Object, java.lang.Object, int, int, java.lang.Object, java.lang.Object)'> (0x0000000713418ca0) thrown at [./src/hotspot/share/interpreter/linkResolver.cpp, line 773]
Event: 0.492 Thread 0x000002261be58800 Exception <a 'java/lang/NoSuchMethodError'{0x000000071346d3b8}: 'void java.lang.invoke.DirectMethodHandle$Holder.invokeStaticInit(java.lang.Object)'> (0x000000071346d3b8) thrown at [./src/hotspot/share/interpreter/linkResolver.cpp, line 773]
Event: 0.499 Thread 0x000002261be58800 Exception <a 'java/lang/NoSuchMethodError'{0x000000071333a608}: 'java.lang.Object java.lang.invoke.Invokers$Holder.linkToTargetMethod(java.lang.Object, int, java.lang.Object)'> (0x000000071333a608) thrown at [./src/hotspot/share/interpreter/linkResolver.cpp, line 773]

Events (20 events):
Event: 10.189 Executing VM operation: RevokeBias
Event: 10.190 Executing VM operation: RevokeBias done
Event: 11.785 loading class java/awt/KeyboardFocusManager$2
Event: 11.785 loading class java/awt/KeyboardFocusManager$2 done
Event: 11.785 loading class sun/awt/SunToolkit$1
Event: 11.785 loading class sun/awt/SunToolkit$1 done
Event: 7525.553 Executing VM operation: RevokeBias
Event: 7525.556 Executing VM operation: RevokeBias done
Event: 7525.948 Executing VM operation: RevokeBias
Event: 7525.949 Executing VM operation: RevokeBias done
Event: 7525.949 Executing VM operation: RevokeBias
Event: 7525.949 Executing VM operation: RevokeBias done
Event: 7525.964 Executing VM operation: RevokeBias
Event: 7525.964 Executing VM operation: RevokeBias done
Event: 7525.964 Executing VM operation: RevokeBias
Event: 7525.964 Executing VM operation: RevokeBias done
Event: 9665.779 loading class java/awt/desktop/SystemSleepListener
Event: 9665.779 loading class java/awt/desktop/SystemEventListener
Event: 9665.780 loading class java/awt/desktop/SystemEventListener done
Event: 9665.780 loading class java/awt/desktop/SystemSleepListener done


Dynamic libraries:
0x00007ff7d4400000 - 0x00007ff7d440d000 	C:\jdk11.0.8_10\bin\javaw.exe
0x00007ffc6a250000 - 0x00007ffc6a448000 	C:\WINDOWS\SYSTEM32\ntdll.dll
0x00007ffc698e0000 - 0x00007ffc6999d000 	C:\WINDOWS\System32\KERNEL32.DLL
0x00007ffc67e70000 - 0x00007ffc6813e000 	C:\WINDOWS\System32\KERNELBASE.dll
0x00007ffc67b00000 - 0x00007ffc67c00000 	C:\WINDOWS\System32\ucrtbase.dll
0x00007ffc581e0000 - 0x00007ffc581f7000 	C:\jdk11.0.8_10\bin\jli.dll
0x00007ffc581c0000 - 0x00007ffc581d5000 	C:\jdk11.0.8_10\bin\VCRUNTIME140.dll
0x00007ffc694d0000 - 0x00007ffc69670000 	C:\WINDOWS\System32\USER32.dll
0x00007ffc66d80000 - 0x00007ffc6701a000 	C:\WINDOWS\WinSxS\amd64_microsoft.windows.common-controls_6595b64144ccf1df_6.0.19041.1110_none_60b5254171f9507e\COMCTL32.dll
0x00007ffc67970000 - 0x00007ffc67992000 	C:\WINDOWS\System32\win32u.dll
0x00007ffc69e30000 - 0x00007ffc69ece000 	C:\WINDOWS\System32\msvcrt.dll
0x00007ffc68f90000 - 0x00007ffc68fba000 	C:\WINDOWS\System32\GDI32.dll
0x00007ffc67cf0000 - 0x00007ffc67dfb000 	C:\WINDOWS\System32\gdi32full.dll
0x00007ffc67c00000 - 0x00007ffc67c9d000 	C:\WINDOWS\System32\msvcp_win.dll
0x00007ffc69f60000 - 0x00007ffc69f90000 	C:\WINDOWS\System32\IMM32.DLL
0x00007ffc58120000 - 0x00007ffc581bb000 	C:\jdk11.0.8_10\bin\msvcp140.dll
0x00007ffbfd470000 - 0x00007ffbfdf2d000 	C:\jdk11.0.8_10\bin\server\jvm.dll
0x00007ffc69360000 - 0x00007ffc6940e000 	C:\WINDOWS\System32\ADVAPI32.dll
0x00007ffc68a00000 - 0x00007ffc68a9c000 	C:\WINDOWS\System32\sechost.dll
0x00007ffc69d00000 - 0x00007ffc69e25000 	C:\WINDOWS\System32\RPCRT4.dll
0x00007ffc68ab0000 - 0x00007ffc68ab8000 	C:\WINDOWS\System32\PSAPI.DLL
0x00007ffc4de20000 - 0x00007ffc4de47000 	C:\WINDOWS\SYSTEM32\WINMM.dll
0x00007ffc60b60000 - 0x00007ffc60b6a000 	C:\WINDOWS\SYSTEM32\VERSION.dll
0x00007ffc446b0000 - 0x00007ffc446b9000 	C:\WINDOWS\SYSTEM32\WSOCK32.dll
0x00007ffc6a120000 - 0x00007ffc6a18b000 	C:\WINDOWS\System32\WS2_32.dll
0x00007ffc65510000 - 0x00007ffc65522000 	C:\WINDOWS\SYSTEM32\kernel.appcore.dll
0x00007ffc4d530000 - 0x00007ffc4d540000 	C:\jdk11.0.8_10\bin\verify.dll
0x00007ffc67370000 - 0x00007ffc67554000 	C:\WINDOWS\SYSTEM32\DBGHELP.DLL
0x00007ffc67150000 - 0x00007ffc6717c000 	C:\WINDOWS\SYSTEM32\dbgcore.DLL
0x00007ffc68140000 - 0x00007ffc681c2000 	C:\WINDOWS\System32\bcryptPrimitives.dll
0x00007ffc45af0000 - 0x00007ffc45b18000 	C:\jdk11.0.8_10\bin\java.dll
0x00007ffc4a680000 - 0x00007ffc4a68a000 	C:\jdk11.0.8_10\bin\jimage.dll
0x00007ffc45ad0000 - 0x00007ffc45ae7000 	C:\jdk11.0.8_10\bin\zip.dll
0x00007ffc682b0000 - 0x00007ffc689f3000 	C:\WINDOWS\System32\SHELL32.dll
0x00007ffc64d60000 - 0x00007ffc654f5000 	C:\WINDOWS\SYSTEM32\windows.storage.dll
0x00007ffc699a0000 - 0x00007ffc69cf4000 	C:\WINDOWS\System32\combase.dll
0x00007ffc66ce0000 - 0x00007ffc66d10000 	C:\WINDOWS\SYSTEM32\Wldp.dll
0x00007ffc691d0000 - 0x00007ffc6927d000 	C:\WINDOWS\System32\SHCORE.dll
0x00007ffc69f90000 - 0x00007ffc69fe5000 	C:\WINDOWS\System32\shlwapi.dll
0x00007ffc678b0000 - 0x00007ffc678cf000 	C:\WINDOWS\SYSTEM32\profapi.dll
0x00007ffbe16c0000 - 0x00007ffbe1859000 	C:\jdk11.0.8_10\bin\awt.dll
0x00007ffc696f0000 - 0x00007ffc697bd000 	C:\WINDOWS\System32\OLEAUT32.dll
0x00007ffc5fff0000 - 0x00007ffc60080000 	C:\WINDOWS\SYSTEM32\apphelp.dll
0x00007ffc64860000 - 0x00007ffc6488f000 	C:\WINDOWS\system32\DWMAPI.DLL
0x00007ffc609c0000 - 0x00007ffc60a5e000 	C:\WINDOWS\system32\uxtheme.dll
0x00007ffc697c0000 - 0x00007ffc698d5000 	C:\WINDOWS\System32\MSCTF.dll
0x00007ffc69ff0000 - 0x00007ffc6a11a000 	C:\WINDOWS\System32\ole32.dll
0x00007ffc1e3b0000 - 0x00007ffc1e4d7000 	C:\WINDOWS\system32\opengl32.dll
0x00007ffc20dc0000 - 0x00007ffc20dec000 	C:\WINDOWS\SYSTEM32\GLU32.dll
0x00007ffc58090000 - 0x00007ffc58112000 	C:\jdk11.0.8_10\bin\freetype.dll
0x00007ffc3a590000 - 0x00007ffc3a636000 	C:\jdk11.0.8_10\bin\fontmanager.dll
0x00007ffc45ab0000 - 0x00007ffc45ac9000 	C:\jdk11.0.8_10\bin\net.dll
0x00007ffc5c7a0000 - 0x00007ffc5c8aa000 	C:\WINDOWS\SYSTEM32\WINHTTP.dll
0x00007ffc669d0000 - 0x00007ffc66a3a000 	C:\WINDOWS\system32\mswsock.dll
0x00007ffc453a0000 - 0x00007ffc453b2000 	C:\jdk11.0.8_10\bin\nio.dll
0x00007ffc69410000 - 0x00007ffc694b9000 	C:\WINDOWS\System32\clbcatq.dll
0x00007ffc5bcb0000 - 0x00007ffc5be64000 	C:\WINDOWS\SYSTEM32\WindowsCodecs.dll
0x00007ffc68280000 - 0x00007ffc682a7000 	C:\WINDOWS\System32\bcrypt.dll
0x00007ffc1dc10000 - 0x00007ffc1dc4e000 	C:\WINDOWS\system32\dataexchange.dll
0x00007ffc5e9f0000 - 0x00007ffc5ec53000 	C:\WINDOWS\system32\d3d11.dll
0x00007ffc5ef10000 - 0x00007ffc5f0f4000 	C:\WINDOWS\system32\dcomp.dll
0x00007ffc65c10000 - 0x00007ffc65d03000 	C:\WINDOWS\system32\dxgi.dll
0x00007ffc5c000000 - 0x00007ffc5c200000 	C:\WINDOWS\system32\twinapi.appcore.dll
0x00007ffc53320000 - 0x00007ffc53419000 	C:\WINDOWS\SYSTEM32\textinputframework.dll
0x00007ffc5f8e0000 - 0x00007ffc5f9d2000 	C:\WINDOWS\System32\CoreMessaging.dll
0x00007ffc5f480000 - 0x00007ffc5f7de000 	C:\WINDOWS\System32\CoreUIComponents.dll
0x00007ffc676c0000 - 0x00007ffc676f3000 	C:\WINDOWS\SYSTEM32\ntmarta.dll
0x00007ffc5faf0000 - 0x00007ffc5fc44000 	C:\WINDOWS\SYSTEM32\wintypes.dll

dbghelp: loaded successfully - version: 4.0.5 - missing functions: none
symbol engine: initialized successfully - sym options: 0x614 - pdb path: .;C:\jdk11.0.8_10\bin;C:\WINDOWS\SYSTEM32;C:\WINDOWS\WinSxS\amd64_microsoft.windows.common-controls_6595b64144ccf1df_6.0.19041.1110_none_60b5254171f9507e;C:\jdk11.0.8_10\bin\server

VM Arguments:
jvm_args: -Dfile.encoding=Cp1252 
java_command: NumPuzzle
java_class_path (initial): C:\Users\natha\git\NumberPuzzle\bin
Launcher Type: SUN_STANDARD

[Global flags]
     intx CICompilerCount                          = 4                                         {product} {ergonomic}
     uint ConcGCThreads                            = 2                                         {product} {ergonomic}
     uint G1ConcRefinementThreads                  = 8                                         {product} {ergonomic}
   size_t G1HeapRegionSize                         = 1048576                                   {product} {ergonomic}
    uintx GCDrainStackTargetSize                   = 64                                        {product} {ergonomic}
   size_t InitialHeapSize                          = 264241152                                 {product} {ergonomic}
   size_t MarkStackSize                            = 4194304                                   {product} {ergonomic}
   size_t MaxHeapSize                              = 4225761280                                {product} {ergonomic}
   size_t MaxNewSize                               = 2535456768                                {product} {ergonomic}
   size_t MinHeapDeltaBytes                        = 1048576                                   {product} {ergonomic}
    uintx NonNMethodCodeHeapSize                   = 5836300                                {pd product} {ergonomic}
    uintx NonProfiledCodeHeapSize                  = 122910970                              {pd product} {ergonomic}
    uintx ProfiledCodeHeapSize                     = 122910970                              {pd product} {ergonomic}
    uintx ReservedCodeCacheSize                    = 251658240                              {pd product} {ergonomic}
     bool SegmentedCodeCache                       = true                                      {product} {ergonomic}
     bool UseCompressedClassPointers               = true                                 {lp64_product} {ergonomic}
     bool UseCompressedOops                        = true                                 {lp64_product} {ergonomic}
     bool UseG1GC                                  = true                                      {product} {ergonomic}
     bool UseLargePagesIndividualAllocation        = false                                  {pd product} {ergonomic}

Logging:
Log output configuration:
 #0: stdout all=warning uptime,level,tags
 #1: stderr all=off uptime,level,tags

Environment Variables:
JAVA_HOME=C:\jdk11.0.8_10
PATH=C:/jdk11.0.8_10/bin/server;C:/jdk11.0.8_10/bin;C:\jdk11.0.8_10\bin;C:\Windows\system32;C:\Windows;C:\Windows\System32\Wbem;C:\Windows\System32\WindowsPowerShell\v1.0\;C:\Windows\System32\OpenSSH\;C:\Program Files\NVIDIA Corporation\NVIDIA NvDLISR;C:\Program Files (x86)\NVIDIA Corporation\PhysX\Common;C:\WINDOWS\system32;C:\WINDOWS;C:\WINDOWS\System32\Wbem;C:\WINDOWS\System32\WindowsPowerShell\v1.0\;C:\WINDOWS\System32\OpenSSH\;C:\Program Files\Microsoft SQL Server\130\Tools\Binn\;C:\Program Files\Microsoft SQL Server\Client SDK\ODBC\170\Tools\Binn\;C:\Program Files\Microsoft SQL Server\150\Tools\Binn\;C:\Program Files\dotnet\;C:\Program Files\Git\cmd;C:\Users\natha\AppData\Local\Microsoft\WindowsApps;C:\Users\natha\AppData\Local\Programs\Microsoft VS Code\bin;C:\Users\natha\AppData\Local\GitHubDesktop\bin;C:\Users\natha\.dotnet\tools;C:\WINDOWS\system32;
USERNAME=natha
OS=Windows_NT
PROCESSOR_IDENTIFIER=Intel64 Family 6 Model 142 Stepping 12, GenuineIntel



---------------  S Y S T E M  ---------------

OS: Windows 10 , 64 bit Build 19041 (10.0.19041.1889)
OS uptime: 0 days 9:37 hours

CPU:total 8 (initial active 8) (4 cores per cpu, 2 threads per core) family 6 model 142 stepping 12, cmov, cx8, fxsr, mmx, sse, sse2, sse3, ssse3, sse4.1, sse4.2, popcnt, avx, avx2, aes, clmul, erms, 3dnowpref, lzcnt, ht, tsc, tscinvbit, bmi1, bmi2, adx, fma

Memory: 4k page, system-wide physical 16114M (305M free)
TotalPageFile size 65266M (AvailPageFile size 0M)
current process WorkingSet (physical memory assigned to process): 13M, peak: 105M
current process commit charge ("private bytes"): 357M, peak: 363M

vm_info: OpenJDK 64-Bit Server VM (11.0.8+10-LTS) for windows-amd64 JRE (11.0.8+10-LTS), built on Jul 13 2020 00:42:50 by "Administrator" with MS VC++ 15.9 (VS2017)

END.
