#
# There is insufficient memory for the Java Runtime Environment to continue.
# Native memory allocation (malloc) failed to allocate 32744 bytes for ChunkPool::allocate
# Possible reasons:
#   The system is out of physical RAM or swap space
#   The process is running with CompressedOops enabled, and the Java Heap may be blocking the growth of the native heap
# Possible solutions:
#   Reduce memory load on the system
#   Increase physical memory or swap space
#   Check if swap backing store is full
#   Decrease Java heap size (-Xmx/-Xms)
#   Decrease number of Java threads
# This output file may be truncated or incomplete.
#
#  Out of Memory Error (./src/hotspot/share/memory/arena.cpp:81), pid=23268, tid=7056
#
# JRE version: OpenJDK Runtime Environment Corretto-11.0.8.10.1 (11.0.8+10) (build 11.0.8+10-LTS)
# Java VM: OpenJDK 64-Bit Server VM Corretto-11.0.8.10.1 (11.0.8+10-LTS, mixed mode, tiered, compressed oops, g1 gc, windows-amd64)
# No core dump will be written. Minidumps are not enabled by default on client versions of Windows
#

---------------  S U M M A R Y ------------

Command Line: -Dfile.encoding=Cp1252 NumPuzzle

Host: Intel(R) Core(TM) i7-10510U CPU @ 1.80GHz, 8 cores, 15G,  Windows 10 , 64 bit Build 19041 (10.0.19041.1889)
Time: Thu Sep 29 11:38:26 2022 Eastern Daylight Time elapsed time: 30972 seconds (0d 8h 36m 12s)

---------------  T H R E A D  ---------------

Current thread (0x0000016397cd9800):  JavaThread "C1 CompilerThread0" daemon [_thread_in_native, id=7056, stack(0x00000011b6700000,0x00000011b6800000)]


Current CompileTask:
C1:30972055 1402       3       sun.awt.image.IntegerComponentRaster::verify (410 bytes)

Stack: [0x00000011b6700000,0x00000011b6800000]
Native frames: (J=compiled Java code, j=interpreted, Vv=VM code, C=native code)
V  [jvm.dll+0x5dfc8a]
V  [jvm.dll+0x7179be]
V  [jvm.dll+0x71908f]
V  [jvm.dll+0x719753]
V  [jvm.dll+0x240e48]
V  [jvm.dll+0xb9a4b]
V  [jvm.dll+0xb9dac]
V  [jvm.dll+0x13bad1]
V  [jvm.dll+0x13e8aa]
V  [jvm.dll+0x142c5e]
V  [jvm.dll+0x13c1a7]
V  [jvm.dll+0x13bfde]
V  [jvm.dll+0x11eee9]
V  [jvm.dll+0x11e9ca]
V  [jvm.dll+0x11ebaf]
V  [jvm.dll+0x11de57]
V  [jvm.dll+0x11fd67]
V  [jvm.dll+0x208f27]
V  [jvm.dll+0x20710b]
V  [jvm.dll+0x6dc729]
V  [jvm.dll+0x6d57d4]
V  [jvm.dll+0x5debc6]
C  [ucrtbase.dll+0x21bb2]
C  [KERNEL32.DLL+0x17034]
C  [ntdll.dll+0x526a1]


---------------  P R O C E S S  ---------------

Threads class SMR info:
_java_thread_list=0x0000016398938050, length=15, elements={
0x0000016397428800, 0x0000016397434000, 0x0000016397d23800, 0x0000016397d25800,
0x0000016397cd4000, 0x0000016397cd9800, 0x0000016397d27000, 0x0000016397e90800,
0x0000016397e99800, 0x00000163982bb000, 0x00000163982ab800, 0x00000163982ac000,
0x00000163985b2000, 0x00000163f38fe800, 0x00000163988ec800
}

Java Threads: ( => current thread )
  0x0000016397428800 JavaThread "Reference Handler" daemon [_thread_blocked, id=21508, stack(0x00000011b6200000,0x00000011b6300000)]
  0x0000016397434000 JavaThread "Finalizer" daemon [_thread_blocked, id=12548, stack(0x00000011b6300000,0x00000011b6400000)]
  0x0000016397d23800 JavaThread "Signal Dispatcher" daemon [_thread_blocked, id=18628, stack(0x00000011b6400000,0x00000011b6500000)]
  0x0000016397d25800 JavaThread "Attach Listener" daemon [_thread_blocked, id=6332, stack(0x00000011b6500000,0x00000011b6600000)]
  0x0000016397cd4000 JavaThread "C2 CompilerThread0" daemon [_thread_blocked, id=23788, stack(0x00000011b6600000,0x00000011b6700000)]
=>0x0000016397cd9800 JavaThread "C1 CompilerThread0" daemon [_thread_in_native, id=7056, stack(0x00000011b6700000,0x00000011b6800000)]
  0x0000016397d27000 JavaThread "Sweeper thread" daemon [_thread_blocked, id=20400, stack(0x00000011b6800000,0x00000011b6900000)]
  0x0000016397e90800 JavaThread "Service Thread" daemon [_thread_blocked, id=9568, stack(0x00000011b6900000,0x00000011b6a00000)]
  0x0000016397e99800 JavaThread "Common-Cleaner" daemon [_thread_blocked, id=19444, stack(0x00000011b6b00000,0x00000011b6c00000)]
  0x00000163982bb000 JavaThread "Java2D Disposer" daemon [_thread_blocked, id=22404, stack(0x00000011b6c00000,0x00000011b6d00000)]
  0x00000163982ab800 JavaThread "AWT-Shutdown" [_thread_blocked, id=21948, stack(0x00000011b6d00000,0x00000011b6e00000)]
  0x00000163982ac000 JavaThread "AWT-Windows" daemon [_thread_in_native, id=23768, stack(0x00000011b6e00000,0x00000011b6f00000)]
  0x00000163985b2000 JavaThread "AWT-EventQueue-0" [_thread_in_native, id=23064, stack(0x00000011b7100000,0x00000011b7200000)]
  0x00000163f38fe800 JavaThread "DestroyJavaVM" [_thread_blocked, id=21356, stack(0x00000011b5b00000,0x00000011b5c00000)]
  0x00000163988ec800 JavaThread "TimerQueue" daemon [_thread_blocked, id=11828, stack(0x00000011b7900000,0x00000011b7a00000)]

Other Threads:
  0x0000016397427000 VMThread "VM Thread" [stack: 0x00000011b6100000,0x00000011b6200000] [id=20528]
  0x0000016397e92800 WatcherThread [stack: 0x00000011b6a00000,0x00000011b6b00000] [id=24400]
  0x00000163f16ed000 GCTaskThread "GC Thread#0" [stack: 0x00000011b5c00000,0x00000011b5d00000] [id=10520]
  0x00000163988b8000 GCTaskThread "GC Thread#1" [stack: 0x00000011b6f00000,0x00000011b7000000] [id=24196]
  0x00000163988b4800 GCTaskThread "GC Thread#2" [stack: 0x00000011b7500000,0x00000011b7600000] [id=24348]
  0x00000163988b9800 GCTaskThread "GC Thread#3" [stack: 0x00000011b7600000,0x00000011b7700000] [id=17696]
  0x00000163988b6000 GCTaskThread "GC Thread#4" [stack: 0x00000011b7700000,0x00000011b7800000] [id=1720]
  0x00000163988ba800 GCTaskThread "GC Thread#5" [stack: 0x00000011b7800000,0x00000011b7900000] [id=21000]
  0x00000163f3970800 ConcurrentGCThread "G1 Main Marker" [stack: 0x00000011b5d00000,0x00000011b5e00000] [id=20748]
  0x00000163f3976000 ConcurrentGCThread "G1 Conc#0" [stack: 0x00000011b5e00000,0x00000011b5f00000] [id=19616]
  0x00000163f39dd800 ConcurrentGCThread "G1 Refine#0" [stack: 0x00000011b5f00000,0x00000011b6000000] [id=10860]
  0x00000163972f4000 ConcurrentGCThread "G1 Young RemSet Sampling" [stack: 0x00000011b6000000,0x00000011b6100000] [id=11612]

Threads with active compile tasks:
C1 CompilerThread030972492 1402       3       sun.awt.image.IntegerComponentRaster::verify (410 bytes)

VM state:not at safepoint (normal execution)

VM Mutex/Monitor currently owned by a thread: None

Heap address: 0x0000000704200000, size: 4030 MB, Compressed Oops mode: Zero based, Oop shift amount: 3
Narrow klass base: 0x0000000800000000, Narrow klass shift: 0
Compressed class space size: 1073741824 Address: 0x0000000800000000

Heap:
 garbage-first heap   total 258048K, used 43966K [0x0000000704200000, 0x0000000800000000)
  region size 1024K, 18 young (18432K), 3 survivors (3072K)
 Metaspace       used 17034K, capacity 17472K, committed 17792K, reserved 1064960K
  class space    used 1904K, capacity 2076K, committed 2176K, reserved 1048576K
Heap Regions: E=young(eden), S=young(survivor), O=old, HS=humongous(starts), HC=humongous(continues), CS=collection set, F=free, A=archive, TAMS=top-at-mark-start (previous, next)
|   0|0x0000000704200000, 0x0000000704300000, 0x0000000704300000|100%|HS|  |TAMS 0x0000000704200000, 0x0000000704200000| Complete 
|   1|0x0000000704300000, 0x0000000704400000, 0x0000000704400000|100%|HC|  |TAMS 0x0000000704300000, 0x0000000704300000| Complete 
|   2|0x0000000704400000, 0x0000000704500000, 0x0000000704500000|100%|HC|  |TAMS 0x0000000704400000, 0x0000000704400000| Complete 
|   3|0x0000000704500000, 0x0000000704600000, 0x0000000704600000|100%|HC|  |TAMS 0x0000000704500000, 0x0000000704500000| Complete 
|   4|0x0000000704600000, 0x0000000704700000, 0x0000000704700000|100%|HC|  |TAMS 0x0000000704600000, 0x0000000704600000| Complete 
|   5|0x0000000704700000, 0x0000000704800000, 0x0000000704800000|100%|HC|  |TAMS 0x0000000704700000, 0x0000000704700000| Complete 
|   6|0x0000000704800000, 0x0000000704900000, 0x0000000704900000|100%|HC|  |TAMS 0x0000000704800000, 0x0000000704800000| Complete 
|   7|0x0000000704900000, 0x0000000704a00000, 0x0000000704a00000|100%|HC|  |TAMS 0x0000000704900000, 0x0000000704900000| Complete 
|   8|0x0000000704a00000, 0x0000000704b00000, 0x0000000704b00000|100%|HC|  |TAMS 0x0000000704a00000, 0x0000000704a00000| Complete 
|   9|0x0000000704b00000, 0x0000000704c00000, 0x0000000704c00000|100%|HC|  |TAMS 0x0000000704b00000, 0x0000000704b00000| Complete 
|  10|0x0000000704c00000, 0x0000000704d00000, 0x0000000704d00000|100%|HC|  |TAMS 0x0000000704c00000, 0x0000000704c00000| Complete 
|  11|0x0000000704d00000, 0x0000000704e00000, 0x0000000704e00000|100%|HC|  |TAMS 0x0000000704d00000, 0x0000000704d00000| Complete 
|  12|0x0000000704e00000, 0x0000000704f00000, 0x0000000704f00000|100%| O|  |TAMS 0x0000000704e00000, 0x0000000704e00000| Untracked 
|  13|0x0000000704f00000, 0x0000000705000000, 0x0000000705000000|100%| O|  |TAMS 0x0000000704f00000, 0x0000000704f00000| Untracked 
|  14|0x0000000705000000, 0x0000000705100000, 0x0000000705100000|100%| O|  |TAMS 0x0000000705000000, 0x0000000705000000| Untracked 
|  15|0x0000000705100000, 0x0000000705200000, 0x0000000705200000|100%| O|  |TAMS 0x0000000705100000, 0x0000000705100000| Untracked 
|  16|0x0000000705200000, 0x0000000705300000, 0x0000000705300000|100%| O|  |TAMS 0x0000000705200000, 0x0000000705200000| Untracked 
|  17|0x0000000705300000, 0x0000000705400000, 0x0000000705400000|100%| O|  |TAMS 0x0000000705300000, 0x0000000705300000| Untracked 
|  18|0x0000000705400000, 0x0000000705500000, 0x0000000705500000|100%| O|  |TAMS 0x0000000705400000, 0x0000000705400000| Untracked 
|  19|0x0000000705500000, 0x0000000705600000, 0x0000000705600000|100%| O|  |TAMS 0x0000000705500000, 0x0000000705500000| Untracked 
|  20|0x0000000705600000, 0x0000000705700000, 0x0000000705700000|100%| O|  |TAMS 0x0000000705600000, 0x0000000705600000| Untracked 
|  21|0x0000000705700000, 0x0000000705800000, 0x0000000705800000|100%| O|  |TAMS 0x0000000705700000, 0x0000000705700000| Untracked 
|  22|0x0000000705800000, 0x0000000705900000, 0x0000000705900000|100%| O|  |TAMS 0x0000000705800000, 0x0000000705800000| Untracked 
|  23|0x0000000705900000, 0x00000007059efa00, 0x0000000705a00000| 93%| O|  |TAMS 0x0000000705900000, 0x0000000705900000| Untracked 
|  24|0x0000000705a00000, 0x0000000705b00000, 0x0000000705b00000|100%|HS|  |TAMS 0x0000000705a00000, 0x0000000705a00000| Complete 
|  25|0x0000000705b00000, 0x0000000705c00000, 0x0000000705c00000|100%|HC|  |TAMS 0x0000000705b00000, 0x0000000705b00000| Complete 
|  26|0x0000000705c00000, 0x0000000705d00000, 0x0000000705d00000|100%|HC|  |TAMS 0x0000000705c00000, 0x0000000705c00000| Complete 
|  27|0x0000000705d00000, 0x0000000705d00000, 0x0000000705e00000|  0%| F|  |TAMS 0x0000000705d00000, 0x0000000705d00000| Untracked 
|  28|0x0000000705e00000, 0x0000000705e00000, 0x0000000705f00000|  0%| F|  |TAMS 0x0000000705e00000, 0x0000000705e00000| Untracked 
|  29|0x0000000705f00000, 0x0000000705f00000, 0x0000000706000000|  0%| F|  |TAMS 0x0000000705f00000, 0x0000000705f00000| Untracked 
|  30|0x0000000706000000, 0x0000000706000000, 0x0000000706100000|  0%| F|  |TAMS 0x0000000706000000, 0x0000000706000000| Untracked 
|  31|0x0000000706100000, 0x0000000706100000, 0x0000000706200000|  0%| F|  |TAMS 0x0000000706100000, 0x0000000706100000| Untracked 
|  32|0x0000000706200000, 0x0000000706200000, 0x0000000706300000|  0%| F|  |TAMS 0x0000000706200000, 0x0000000706200000| Untracked 
|  33|0x0000000706300000, 0x0000000706300000, 0x0000000706400000|  0%| F|  |TAMS 0x0000000706300000, 0x0000000706300000| Untracked 
|  34|0x0000000706400000, 0x0000000706400000, 0x0000000706500000|  0%| F|  |TAMS 0x0000000706400000, 0x0000000706400000| Untracked 
|  35|0x0000000706500000, 0x0000000706500000, 0x0000000706600000|  0%| F|  |TAMS 0x0000000706500000, 0x0000000706500000| Untracked 
|  36|0x0000000706600000, 0x0000000706600000, 0x0000000706700000|  0%| F|  |TAMS 0x0000000706600000, 0x0000000706600000| Untracked 
|  37|0x0000000706700000, 0x0000000706700000, 0x0000000706800000|  0%| F|  |TAMS 0x0000000706700000, 0x0000000706700000| Untracked 
|  38|0x0000000706800000, 0x0000000706800000, 0x0000000706900000|  0%| F|  |TAMS 0x0000000706800000, 0x0000000706800000| Untracked 
|  39|0x0000000706900000, 0x0000000706900000, 0x0000000706a00000|  0%| F|  |TAMS 0x0000000706900000, 0x0000000706900000| Untracked 
|  40|0x0000000706a00000, 0x0000000706a00000, 0x0000000706b00000|  0%| F|  |TAMS 0x0000000706a00000, 0x0000000706a00000| Untracked 
|  41|0x0000000706b00000, 0x0000000706b00000, 0x0000000706c00000|  0%| F|  |TAMS 0x0000000706b00000, 0x0000000706b00000| Untracked 
|  42|0x0000000706c00000, 0x0000000706c00000, 0x0000000706d00000|  0%| F|  |TAMS 0x0000000706c00000, 0x0000000706c00000| Untracked 
|  43|0x0000000706d00000, 0x0000000706d00000, 0x0000000706e00000|  0%| F|  |TAMS 0x0000000706d00000, 0x0000000706d00000| Untracked 
|  44|0x0000000706e00000, 0x0000000706e00000, 0x0000000706f00000|  0%| F|  |TAMS 0x0000000706e00000, 0x0000000706e00000| Untracked 
|  45|0x0000000706f00000, 0x0000000706f00000, 0x0000000707000000|  0%| F|  |TAMS 0x0000000706f00000, 0x0000000706f00000| Untracked 
|  46|0x0000000707000000, 0x0000000707000000, 0x0000000707100000|  0%| F|  |TAMS 0x0000000707000000, 0x0000000707000000| Untracked 
|  47|0x0000000707100000, 0x0000000707100000, 0x0000000707200000|  0%| F|  |TAMS 0x0000000707100000, 0x0000000707100000| Untracked 
|  48|0x0000000707200000, 0x0000000707200000, 0x0000000707300000|  0%| F|  |TAMS 0x0000000707200000, 0x0000000707200000| Untracked 
|  49|0x0000000707300000, 0x0000000707300000, 0x0000000707400000|  0%| F|  |TAMS 0x0000000707300000, 0x0000000707300000| Untracked 
|  50|0x0000000707400000, 0x0000000707400000, 0x0000000707500000|  0%| F|  |TAMS 0x0000000707400000, 0x0000000707400000| Untracked 
|  51|0x0000000707500000, 0x0000000707500000, 0x0000000707600000|  0%| F|  |TAMS 0x0000000707500000, 0x0000000707500000| Untracked 
|  52|0x0000000707600000, 0x0000000707600000, 0x0000000707700000|  0%| F|  |TAMS 0x0000000707600000, 0x0000000707600000| Untracked 
|  53|0x0000000707700000, 0x0000000707700000, 0x0000000707800000|  0%| F|  |TAMS 0x0000000707700000, 0x0000000707700000| Untracked 
|  54|0x0000000707800000, 0x0000000707800000, 0x0000000707900000|  0%| F|  |TAMS 0x0000000707800000, 0x0000000707800000| Untracked 
|  55|0x0000000707900000, 0x0000000707900000, 0x0000000707a00000|  0%| F|  |TAMS 0x0000000707900000, 0x0000000707900000| Untracked 
|  56|0x0000000707a00000, 0x0000000707a00000, 0x0000000707b00000|  0%| F|  |TAMS 0x0000000707a00000, 0x0000000707a00000| Untracked 
|  57|0x0000000707b00000, 0x0000000707b00000, 0x0000000707c00000|  0%| F|  |TAMS 0x0000000707b00000, 0x0000000707b00000| Untracked 
|  58|0x0000000707c00000, 0x0000000707c00000, 0x0000000707d00000|  0%| F|  |TAMS 0x0000000707c00000, 0x0000000707c00000| Untracked 
|  59|0x0000000707d00000, 0x0000000707d00000, 0x0000000707e00000|  0%| F|  |TAMS 0x0000000707d00000, 0x0000000707d00000| Untracked 
|  60|0x0000000707e00000, 0x0000000707e00000, 0x0000000707f00000|  0%| F|  |TAMS 0x0000000707e00000, 0x0000000707e00000| Untracked 
|  61|0x0000000707f00000, 0x0000000707f00000, 0x0000000708000000|  0%| F|  |TAMS 0x0000000707f00000, 0x0000000707f00000| Untracked 
|  62|0x0000000708000000, 0x0000000708000000, 0x0000000708100000|  0%| F|  |TAMS 0x0000000708000000, 0x0000000708000000| Untracked 
|  63|0x0000000708100000, 0x0000000708100000, 0x0000000708200000|  0%| F|  |TAMS 0x0000000708100000, 0x0000000708100000| Untracked 
|  64|0x0000000708200000, 0x0000000708200000, 0x0000000708300000|  0%| F|  |TAMS 0x0000000708200000, 0x0000000708200000| Untracked 
|  65|0x0000000708300000, 0x0000000708300000, 0x0000000708400000|  0%| F|  |TAMS 0x0000000708300000, 0x0000000708300000| Untracked 
|  66|0x0000000708400000, 0x0000000708400000, 0x0000000708500000|  0%| F|  |TAMS 0x0000000708400000, 0x0000000708400000| Untracked 
|  67|0x0000000708500000, 0x0000000708500000, 0x0000000708600000|  0%| F|  |TAMS 0x0000000708500000, 0x0000000708500000| Untracked 
|  68|0x0000000708600000, 0x0000000708600000, 0x0000000708700000|  0%| F|  |TAMS 0x0000000708600000, 0x0000000708600000| Untracked 
|  69|0x0000000708700000, 0x0000000708700000, 0x0000000708800000|  0%| F|  |TAMS 0x0000000708700000, 0x0000000708700000| Untracked 
|  70|0x0000000708800000, 0x0000000708800000, 0x0000000708900000|  0%| F|  |TAMS 0x0000000708800000, 0x0000000708800000| Untracked 
|  71|0x0000000708900000, 0x0000000708900000, 0x0000000708a00000|  0%| F|  |TAMS 0x0000000708900000, 0x0000000708900000| Untracked 
|  72|0x0000000708a00000, 0x0000000708a00000, 0x0000000708b00000|  0%| F|  |TAMS 0x0000000708a00000, 0x0000000708a00000| Untracked 
|  73|0x0000000708b00000, 0x0000000708b00000, 0x0000000708c00000|  0%| F|  |TAMS 0x0000000708b00000, 0x0000000708b00000| Untracked 
|  74|0x0000000708c00000, 0x0000000708c00000, 0x0000000708d00000|  0%| F|  |TAMS 0x0000000708c00000, 0x0000000708c00000| Untracked 
|  75|0x0000000708d00000, 0x0000000708d00000, 0x0000000708e00000|  0%| F|  |TAMS 0x0000000708d00000, 0x0000000708d00000| Untracked 
|  76|0x0000000708e00000, 0x0000000708e00000, 0x0000000708f00000|  0%| F|  |TAMS 0x0000000708e00000, 0x0000000708e00000| Untracked 
|  77|0x0000000708f00000, 0x0000000708f00000, 0x0000000709000000|  0%| F|  |TAMS 0x0000000708f00000, 0x0000000708f00000| Untracked 
|  78|0x0000000709000000, 0x0000000709000000, 0x0000000709100000|  0%| F|  |TAMS 0x0000000709000000, 0x0000000709000000| Untracked 
|  79|0x0000000709100000, 0x0000000709100000, 0x0000000709200000|  0%| F|  |TAMS 0x0000000709100000, 0x0000000709100000| Untracked 
|  80|0x0000000709200000, 0x0000000709200000, 0x0000000709300000|  0%| F|  |TAMS 0x0000000709200000, 0x0000000709200000| Untracked 
|  81|0x0000000709300000, 0x0000000709300000, 0x0000000709400000|  0%| F|  |TAMS 0x0000000709300000, 0x0000000709300000| Untracked 
|  82|0x0000000709400000, 0x0000000709400000, 0x0000000709500000|  0%| F|  |TAMS 0x0000000709400000, 0x0000000709400000| Untracked 
|  83|0x0000000709500000, 0x0000000709500000, 0x0000000709600000|  0%| F|  |TAMS 0x0000000709500000, 0x0000000709500000| Untracked 
|  84|0x0000000709600000, 0x0000000709600000, 0x0000000709700000|  0%| F|  |TAMS 0x0000000709600000, 0x0000000709600000| Untracked 
|  85|0x0000000709700000, 0x0000000709700000, 0x0000000709800000|  0%| F|  |TAMS 0x0000000709700000, 0x0000000709700000| Untracked 
|  86|0x0000000709800000, 0x0000000709800000, 0x0000000709900000|  0%| F|  |TAMS 0x0000000709800000, 0x0000000709800000| Untracked 
|  87|0x0000000709900000, 0x0000000709900000, 0x0000000709a00000|  0%| F|  |TAMS 0x0000000709900000, 0x0000000709900000| Untracked 
|  88|0x0000000709a00000, 0x0000000709a00000, 0x0000000709b00000|  0%| F|  |TAMS 0x0000000709a00000, 0x0000000709a00000| Untracked 
|  89|0x0000000709b00000, 0x0000000709b00000, 0x0000000709c00000|  0%| F|  |TAMS 0x0000000709b00000, 0x0000000709b00000| Untracked 
|  90|0x0000000709c00000, 0x0000000709c00000, 0x0000000709d00000|  0%| F|  |TAMS 0x0000000709c00000, 0x0000000709c00000| Untracked 
|  91|0x0000000709d00000, 0x0000000709d00000, 0x0000000709e00000|  0%| F|  |TAMS 0x0000000709d00000, 0x0000000709d00000| Untracked 
|  92|0x0000000709e00000, 0x0000000709e00000, 0x0000000709f00000|  0%| F|  |TAMS 0x0000000709e00000, 0x0000000709e00000| Untracked 
|  93|0x0000000709f00000, 0x0000000709f00000, 0x000000070a000000|  0%| F|  |TAMS 0x0000000709f00000, 0x0000000709f00000| Untracked 
|  94|0x000000070a000000, 0x000000070a000000, 0x000000070a100000|  0%| F|  |TAMS 0x000000070a000000, 0x000000070a000000| Untracked 
|  95|0x000000070a100000, 0x000000070a100000, 0x000000070a200000|  0%| F|  |TAMS 0x000000070a100000, 0x000000070a100000| Untracked 
|  96|0x000000070a200000, 0x000000070a200000, 0x000000070a300000|  0%| F|  |TAMS 0x000000070a200000, 0x000000070a200000| Untracked 
|  97|0x000000070a300000, 0x000000070a300000, 0x000000070a400000|  0%| F|  |TAMS 0x000000070a300000, 0x000000070a300000| Untracked 
|  98|0x000000070a400000, 0x000000070a400000, 0x000000070a500000|  0%| F|  |TAMS 0x000000070a400000, 0x000000070a400000| Untracked 
|  99|0x000000070a500000, 0x000000070a500000, 0x000000070a600000|  0%| F|  |TAMS 0x000000070a500000, 0x000000070a500000| Untracked 
| 100|0x000000070a600000, 0x000000070a600000, 0x000000070a700000|  0%| F|  |TAMS 0x000000070a600000, 0x000000070a600000| Untracked 
| 101|0x000000070a700000, 0x000000070a700000, 0x000000070a800000|  0%| F|  |TAMS 0x000000070a700000, 0x000000070a700000| Untracked 
| 102|0x000000070a800000, 0x000000070a800000, 0x000000070a900000|  0%| F|  |TAMS 0x000000070a800000, 0x000000070a800000| Untracked 
| 103|0x000000070a900000, 0x000000070a900000, 0x000000070aa00000|  0%| F|  |TAMS 0x000000070a900000, 0x000000070a900000| Untracked 
| 104|0x000000070aa00000, 0x000000070aa00000, 0x000000070ab00000|  0%| F|  |TAMS 0x000000070aa00000, 0x000000070aa00000| Untracked 
| 105|0x000000070ab00000, 0x000000070ab00000, 0x000000070ac00000|  0%| F|  |TAMS 0x000000070ab00000, 0x000000070ab00000| Untracked 
| 106|0x000000070ac00000, 0x000000070ac00000, 0x000000070ad00000|  0%| F|  |TAMS 0x000000070ac00000, 0x000000070ac00000| Untracked 
| 107|0x000000070ad00000, 0x000000070ad00000, 0x000000070ae00000|  0%| F|  |TAMS 0x000000070ad00000, 0x000000070ad00000| Untracked 
| 108|0x000000070ae00000, 0x000000070ae00000, 0x000000070af00000|  0%| F|  |TAMS 0x000000070ae00000, 0x000000070ae00000| Untracked 
| 109|0x000000070af00000, 0x000000070af00000, 0x000000070b000000|  0%| F|  |TAMS 0x000000070af00000, 0x000000070af00000| Untracked 
| 110|0x000000070b000000, 0x000000070b000000, 0x000000070b100000|  0%| F|  |TAMS 0x000000070b000000, 0x000000070b000000| Untracked 
| 111|0x000000070b100000, 0x000000070b100000, 0x000000070b200000|  0%| F|  |TAMS 0x000000070b100000, 0x000000070b100000| Untracked 
| 112|0x000000070b200000, 0x000000070b200000, 0x000000070b300000|  0%| F|  |TAMS 0x000000070b200000, 0x000000070b200000| Untracked 
| 113|0x000000070b300000, 0x000000070b300000, 0x000000070b400000|  0%| F|  |TAMS 0x000000070b300000, 0x000000070b300000| Untracked 
| 114|0x000000070b400000, 0x000000070b400000, 0x000000070b500000|  0%| F|  |TAMS 0x000000070b400000, 0x000000070b400000| Untracked 
| 115|0x000000070b500000, 0x000000070b500000, 0x000000070b600000|  0%| F|  |TAMS 0x000000070b500000, 0x000000070b500000| Untracked 
| 116|0x000000070b600000, 0x000000070b600000, 0x000000070b700000|  0%| F|  |TAMS 0x000000070b600000, 0x000000070b600000| Untracked 
| 117|0x000000070b700000, 0x000000070b700000, 0x000000070b800000|  0%| F|  |TAMS 0x000000070b700000, 0x000000070b700000| Untracked 
| 118|0x000000070b800000, 0x000000070b800000, 0x000000070b900000|  0%| F|  |TAMS 0x000000070b800000, 0x000000070b800000| Untracked 
| 119|0x000000070b900000, 0x000000070b900000, 0x000000070ba00000|  0%| F|  |TAMS 0x000000070b900000, 0x000000070b900000| Untracked 
| 120|0x000000070ba00000, 0x000000070ba00000, 0x000000070bb00000|  0%| F|  |TAMS 0x000000070ba00000, 0x000000070ba00000| Untracked 
| 121|0x000000070bb00000, 0x000000070bb00000, 0x000000070bc00000|  0%| F|  |TAMS 0x000000070bb00000, 0x000000070bb00000| Untracked 
| 122|0x000000070bc00000, 0x000000070bc00000, 0x000000070bd00000|  0%| F|  |TAMS 0x000000070bc00000, 0x000000070bc00000| Untracked 
| 123|0x000000070bd00000, 0x000000070bd00000, 0x000000070be00000|  0%| F|  |TAMS 0x000000070bd00000, 0x000000070bd00000| Untracked 
| 124|0x000000070be00000, 0x000000070be00000, 0x000000070bf00000|  0%| F|  |TAMS 0x000000070be00000, 0x000000070be00000| Untracked 
| 125|0x000000070bf00000, 0x000000070bf00000, 0x000000070c000000|  0%| F|  |TAMS 0x000000070bf00000, 0x000000070bf00000| Untracked 
| 126|0x000000070c000000, 0x000000070c000000, 0x000000070c100000|  0%| F|  |TAMS 0x000000070c000000, 0x000000070c000000| Untracked 
| 127|0x000000070c100000, 0x000000070c100000, 0x000000070c200000|  0%| F|  |TAMS 0x000000070c100000, 0x000000070c100000| Untracked 
| 128|0x000000070c200000, 0x000000070c200000, 0x000000070c300000|  0%| F|  |TAMS 0x000000070c200000, 0x000000070c200000| Untracked 
| 129|0x000000070c300000, 0x000000070c300000, 0x000000070c400000|  0%| F|  |TAMS 0x000000070c300000, 0x000000070c300000| Untracked 
| 130|0x000000070c400000, 0x000000070c400000, 0x000000070c500000|  0%| F|  |TAMS 0x000000070c400000, 0x000000070c400000| Untracked 
| 131|0x000000070c500000, 0x000000070c500000, 0x000000070c600000|  0%| F|  |TAMS 0x000000070c500000, 0x000000070c500000| Untracked 
| 132|0x000000070c600000, 0x000000070c600000, 0x000000070c700000|  0%| F|  |TAMS 0x000000070c600000, 0x000000070c600000| Untracked 
| 133|0x000000070c700000, 0x000000070c700000, 0x000000070c800000|  0%| F|  |TAMS 0x000000070c700000, 0x000000070c700000| Untracked 
| 134|0x000000070c800000, 0x000000070c800000, 0x000000070c900000|  0%| F|  |TAMS 0x000000070c800000, 0x000000070c800000| Untracked 
| 135|0x000000070c900000, 0x000000070c900000, 0x000000070ca00000|  0%| F|  |TAMS 0x000000070c900000, 0x000000070c900000| Untracked 
| 136|0x000000070ca00000, 0x000000070ca00000, 0x000000070cb00000|  0%| F|  |TAMS 0x000000070ca00000, 0x000000070ca00000| Untracked 
| 137|0x000000070cb00000, 0x000000070cb00000, 0x000000070cc00000|  0%| F|  |TAMS 0x000000070cb00000, 0x000000070cb00000| Untracked 
| 138|0x000000070cc00000, 0x000000070cc00000, 0x000000070cd00000|  0%| F|  |TAMS 0x000000070cc00000, 0x000000070cc00000| Untracked 
| 139|0x000000070cd00000, 0x000000070cd00000, 0x000000070ce00000|  0%| F|  |TAMS 0x000000070cd00000, 0x000000070cd00000| Untracked 
| 140|0x000000070ce00000, 0x000000070ce00000, 0x000000070cf00000|  0%| F|  |TAMS 0x000000070ce00000, 0x000000070ce00000| Untracked 
| 141|0x000000070cf00000, 0x000000070cf00000, 0x000000070d000000|  0%| F|  |TAMS 0x000000070cf00000, 0x000000070cf00000| Untracked 
| 142|0x000000070d000000, 0x000000070d000000, 0x000000070d100000|  0%| F|  |TAMS 0x000000070d000000, 0x000000070d000000| Untracked 
| 143|0x000000070d100000, 0x000000070d100000, 0x000000070d200000|  0%| F|  |TAMS 0x000000070d100000, 0x000000070d100000| Untracked 
| 144|0x000000070d200000, 0x000000070d200000, 0x000000070d300000|  0%| F|  |TAMS 0x000000070d200000, 0x000000070d200000| Untracked 
| 145|0x000000070d300000, 0x000000070d300000, 0x000000070d400000|  0%| F|  |TAMS 0x000000070d300000, 0x000000070d300000| Untracked 
| 146|0x000000070d400000, 0x000000070d400000, 0x000000070d500000|  0%| F|  |TAMS 0x000000070d400000, 0x000000070d400000| Untracked 
| 147|0x000000070d500000, 0x000000070d500000, 0x000000070d600000|  0%| F|  |TAMS 0x000000070d500000, 0x000000070d500000| Untracked 
| 148|0x000000070d600000, 0x000000070d600000, 0x000000070d700000|  0%| F|  |TAMS 0x000000070d600000, 0x000000070d600000| Untracked 
| 149|0x000000070d700000, 0x000000070d700000, 0x000000070d800000|  0%| F|  |TAMS 0x000000070d700000, 0x000000070d700000| Untracked 
| 150|0x000000070d800000, 0x000000070d800000, 0x000000070d900000|  0%| F|  |TAMS 0x000000070d800000, 0x000000070d800000| Untracked 
| 151|0x000000070d900000, 0x000000070d900000, 0x000000070da00000|  0%| F|  |TAMS 0x000000070d900000, 0x000000070d900000| Untracked 
| 152|0x000000070da00000, 0x000000070da00000, 0x000000070db00000|  0%| F|  |TAMS 0x000000070da00000, 0x000000070da00000| Untracked 
| 153|0x000000070db00000, 0x000000070db00000, 0x000000070dc00000|  0%| F|  |TAMS 0x000000070db00000, 0x000000070db00000| Untracked 
| 154|0x000000070dc00000, 0x000000070dc00000, 0x000000070dd00000|  0%| F|  |TAMS 0x000000070dc00000, 0x000000070dc00000| Untracked 
| 155|0x000000070dd00000, 0x000000070dd00000, 0x000000070de00000|  0%| F|  |TAMS 0x000000070dd00000, 0x000000070dd00000| Untracked 
| 156|0x000000070de00000, 0x000000070de00000, 0x000000070df00000|  0%| F|  |TAMS 0x000000070de00000, 0x000000070de00000| Untracked 
| 157|0x000000070df00000, 0x000000070df00000, 0x000000070e000000|  0%| F|  |TAMS 0x000000070df00000, 0x000000070df00000| Untracked 
| 158|0x000000070e000000, 0x000000070e000000, 0x000000070e100000|  0%| F|  |TAMS 0x000000070e000000, 0x000000070e000000| Untracked 
| 159|0x000000070e100000, 0x000000070e100000, 0x000000070e200000|  0%| F|  |TAMS 0x000000070e100000, 0x000000070e100000| Untracked 
| 160|0x000000070e200000, 0x000000070e200000, 0x000000070e300000|  0%| F|  |TAMS 0x000000070e200000, 0x000000070e200000| Untracked 
| 161|0x000000070e300000, 0x000000070e300000, 0x000000070e400000|  0%| F|  |TAMS 0x000000070e300000, 0x000000070e300000| Untracked 
| 162|0x000000070e400000, 0x000000070e400000, 0x000000070e500000|  0%| F|  |TAMS 0x000000070e400000, 0x000000070e400000| Untracked 
| 163|0x000000070e500000, 0x000000070e500000, 0x000000070e600000|  0%| F|  |TAMS 0x000000070e500000, 0x000000070e500000| Untracked 
| 164|0x000000070e600000, 0x000000070e600000, 0x000000070e700000|  0%| F|  |TAMS 0x000000070e600000, 0x000000070e600000| Untracked 
| 165|0x000000070e700000, 0x000000070e700000, 0x000000070e800000|  0%| F|  |TAMS 0x000000070e700000, 0x000000070e700000| Untracked 
| 166|0x000000070e800000, 0x000000070e800000, 0x000000070e900000|  0%| F|  |TAMS 0x000000070e800000, 0x000000070e800000| Untracked 
| 167|0x000000070e900000, 0x000000070e900000, 0x000000070ea00000|  0%| F|  |TAMS 0x000000070e900000, 0x000000070e900000| Untracked 
| 168|0x000000070ea00000, 0x000000070ea00000, 0x000000070eb00000|  0%| F|  |TAMS 0x000000070ea00000, 0x000000070ea00000| Untracked 
| 169|0x000000070eb00000, 0x000000070eb00000, 0x000000070ec00000|  0%| F|  |TAMS 0x000000070eb00000, 0x000000070eb00000| Untracked 
| 170|0x000000070ec00000, 0x000000070ec00000, 0x000000070ed00000|  0%| F|  |TAMS 0x000000070ec00000, 0x000000070ec00000| Untracked 
| 171|0x000000070ed00000, 0x000000070ed00000, 0x000000070ee00000|  0%| F|  |TAMS 0x000000070ed00000, 0x000000070ed00000| Untracked 
| 172|0x000000070ee00000, 0x000000070ee00000, 0x000000070ef00000|  0%| F|  |TAMS 0x000000070ee00000, 0x000000070ee00000| Untracked 
| 173|0x000000070ef00000, 0x000000070ef00000, 0x000000070f000000|  0%| F|  |TAMS 0x000000070ef00000, 0x000000070ef00000| Untracked 
| 174|0x000000070f000000, 0x000000070f000000, 0x000000070f100000|  0%| F|  |TAMS 0x000000070f000000, 0x000000070f000000| Untracked 
| 175|0x000000070f100000, 0x000000070f100000, 0x000000070f200000|  0%| F|  |TAMS 0x000000070f100000, 0x000000070f100000| Untracked 
| 176|0x000000070f200000, 0x000000070f200000, 0x000000070f300000|  0%| F|  |TAMS 0x000000070f200000, 0x000000070f200000| Untracked 
| 177|0x000000070f300000, 0x000000070f300000, 0x000000070f400000|  0%| F|  |TAMS 0x000000070f300000, 0x000000070f300000| Untracked 
| 178|0x000000070f400000, 0x000000070f400000, 0x000000070f500000|  0%| F|  |TAMS 0x000000070f400000, 0x000000070f400000| Untracked 
| 179|0x000000070f500000, 0x000000070f500000, 0x000000070f600000|  0%| F|  |TAMS 0x000000070f500000, 0x000000070f500000| Untracked 
| 180|0x000000070f600000, 0x000000070f600000, 0x000000070f700000|  0%| F|  |TAMS 0x000000070f600000, 0x000000070f600000| Untracked 
| 181|0x000000070f700000, 0x000000070f700000, 0x000000070f800000|  0%| F|  |TAMS 0x000000070f700000, 0x000000070f700000| Untracked 
| 182|0x000000070f800000, 0x000000070f800000, 0x000000070f900000|  0%| F|  |TAMS 0x000000070f800000, 0x000000070f800000| Untracked 
| 183|0x000000070f900000, 0x000000070f900000, 0x000000070fa00000|  0%| F|  |TAMS 0x000000070f900000, 0x000000070f900000| Untracked 
| 184|0x000000070fa00000, 0x000000070fa00000, 0x000000070fb00000|  0%| F|  |TAMS 0x000000070fa00000, 0x000000070fa00000| Untracked 
| 185|0x000000070fb00000, 0x000000070fb00000, 0x000000070fc00000|  0%| F|  |TAMS 0x000000070fb00000, 0x000000070fb00000| Untracked 
| 186|0x000000070fc00000, 0x000000070fc00000, 0x000000070fd00000|  0%| F|  |TAMS 0x000000070fc00000, 0x000000070fc00000| Untracked 
| 187|0x000000070fd00000, 0x000000070fd00000, 0x000000070fe00000|  0%| F|  |TAMS 0x000000070fd00000, 0x000000070fd00000| Untracked 
| 188|0x000000070fe00000, 0x000000070fe00000, 0x000000070ff00000|  0%| F|  |TAMS 0x000000070fe00000, 0x000000070fe00000| Untracked 
| 189|0x000000070ff00000, 0x000000070ff00000, 0x0000000710000000|  0%| F|  |TAMS 0x000000070ff00000, 0x000000070ff00000| Untracked 
| 190|0x0000000710000000, 0x0000000710000000, 0x0000000710100000|  0%| F|  |TAMS 0x0000000710000000, 0x0000000710000000| Untracked 
| 191|0x0000000710100000, 0x0000000710100000, 0x0000000710200000|  0%| F|  |TAMS 0x0000000710100000, 0x0000000710100000| Untracked 
| 192|0x0000000710200000, 0x0000000710200000, 0x0000000710300000|  0%| F|  |TAMS 0x0000000710200000, 0x0000000710200000| Untracked 
| 193|0x0000000710300000, 0x0000000710300000, 0x0000000710400000|  0%| F|  |TAMS 0x0000000710300000, 0x0000000710300000| Untracked 
| 194|0x0000000710400000, 0x0000000710400000, 0x0000000710500000|  0%| F|  |TAMS 0x0000000710400000, 0x0000000710400000| Untracked 
| 195|0x0000000710500000, 0x0000000710500000, 0x0000000710600000|  0%| F|  |TAMS 0x0000000710500000, 0x0000000710500000| Untracked 
| 196|0x0000000710600000, 0x0000000710600000, 0x0000000710700000|  0%| F|  |TAMS 0x0000000710600000, 0x0000000710600000| Untracked 
| 197|0x0000000710700000, 0x0000000710700000, 0x0000000710800000|  0%| F|  |TAMS 0x0000000710700000, 0x0000000710700000| Untracked 
| 198|0x0000000710800000, 0x0000000710800000, 0x0000000710900000|  0%| F|  |TAMS 0x0000000710800000, 0x0000000710800000| Untracked 
| 199|0x0000000710900000, 0x0000000710900000, 0x0000000710a00000|  0%| F|  |TAMS 0x0000000710900000, 0x0000000710900000| Untracked 
| 200|0x0000000710a00000, 0x0000000710a00000, 0x0000000710b00000|  0%| F|  |TAMS 0x0000000710a00000, 0x0000000710a00000| Untracked 
| 201|0x0000000710b00000, 0x0000000710b00000, 0x0000000710c00000|  0%| F|  |TAMS 0x0000000710b00000, 0x0000000710b00000| Untracked 
| 202|0x0000000710c00000, 0x0000000710c00000, 0x0000000710d00000|  0%| F|  |TAMS 0x0000000710c00000, 0x0000000710c00000| Untracked 
| 203|0x0000000710d00000, 0x0000000710d00000, 0x0000000710e00000|  0%| F|  |TAMS 0x0000000710d00000, 0x0000000710d00000| Untracked 
| 204|0x0000000710e00000, 0x0000000710e00000, 0x0000000710f00000|  0%| F|  |TAMS 0x0000000710e00000, 0x0000000710e00000| Untracked 
| 205|0x0000000710f00000, 0x0000000710f00000, 0x0000000711000000|  0%| F|  |TAMS 0x0000000710f00000, 0x0000000710f00000| Untracked 
| 206|0x0000000711000000, 0x0000000711000000, 0x0000000711100000|  0%| F|  |TAMS 0x0000000711000000, 0x0000000711000000| Untracked 
| 207|0x0000000711100000, 0x0000000711100000, 0x0000000711200000|  0%| F|  |TAMS 0x0000000711100000, 0x0000000711100000| Untracked 
| 208|0x0000000711200000, 0x0000000711200000, 0x0000000711300000|  0%| F|  |TAMS 0x0000000711200000, 0x0000000711200000| Untracked 
| 209|0x0000000711300000, 0x0000000711300000, 0x0000000711400000|  0%| F|  |TAMS 0x0000000711300000, 0x0000000711300000| Untracked 
| 210|0x0000000711400000, 0x0000000711400000, 0x0000000711500000|  0%| F|  |TAMS 0x0000000711400000, 0x0000000711400000| Untracked 
| 211|0x0000000711500000, 0x0000000711500000, 0x0000000711600000|  0%| F|  |TAMS 0x0000000711500000, 0x0000000711500000| Untracked 
| 212|0x0000000711600000, 0x0000000711600000, 0x0000000711700000|  0%| F|  |TAMS 0x0000000711600000, 0x0000000711600000| Untracked 
| 213|0x0000000711700000, 0x0000000711700000, 0x0000000711800000|  0%| F|  |TAMS 0x0000000711700000, 0x0000000711700000| Untracked 
| 214|0x0000000711800000, 0x0000000711800000, 0x0000000711900000|  0%| F|  |TAMS 0x0000000711800000, 0x0000000711800000| Untracked 
| 215|0x0000000711900000, 0x0000000711900000, 0x0000000711a00000|  0%| F|  |TAMS 0x0000000711900000, 0x0000000711900000| Untracked 
| 216|0x0000000711a00000, 0x0000000711a00000, 0x0000000711b00000|  0%| F|  |TAMS 0x0000000711a00000, 0x0000000711a00000| Untracked 
| 217|0x0000000711b00000, 0x0000000711b00000, 0x0000000711c00000|  0%| F|  |TAMS 0x0000000711b00000, 0x0000000711b00000| Untracked 
| 218|0x0000000711c00000, 0x0000000711c00000, 0x0000000711d00000|  0%| F|  |TAMS 0x0000000711c00000, 0x0000000711c00000| Untracked 
| 219|0x0000000711d00000, 0x0000000711d00000, 0x0000000711e00000|  0%| F|  |TAMS 0x0000000711d00000, 0x0000000711d00000| Untracked 
| 220|0x0000000711e00000, 0x0000000711e00000, 0x0000000711f00000|  0%| F|  |TAMS 0x0000000711e00000, 0x0000000711e00000| Untracked 
| 221|0x0000000711f00000, 0x0000000711f00000, 0x0000000712000000|  0%| F|  |TAMS 0x0000000711f00000, 0x0000000711f00000| Untracked 
| 222|0x0000000712000000, 0x0000000712000000, 0x0000000712100000|  0%| F|  |TAMS 0x0000000712000000, 0x0000000712000000| Untracked 
| 223|0x0000000712100000, 0x0000000712100000, 0x0000000712200000|  0%| F|  |TAMS 0x0000000712100000, 0x0000000712100000| Untracked 
| 224|0x0000000712200000, 0x0000000712200000, 0x0000000712300000|  0%| F|  |TAMS 0x0000000712200000, 0x0000000712200000| Untracked 
| 225|0x0000000712300000, 0x0000000712400000, 0x0000000712400000|100%| S|CS|TAMS 0x0000000712300000, 0x0000000712300000| Complete 
| 226|0x0000000712400000, 0x0000000712500000, 0x0000000712500000|100%| S|CS|TAMS 0x0000000712400000, 0x0000000712400000| Complete 
| 227|0x0000000712500000, 0x0000000712600000, 0x0000000712600000|100%| S|CS|TAMS 0x0000000712500000, 0x0000000712500000| Complete 
| 228|0x0000000712600000, 0x0000000712600000, 0x0000000712700000|  0%| F|  |TAMS 0x0000000712600000, 0x0000000712600000| Untracked 
| 229|0x0000000712700000, 0x0000000712700000, 0x0000000712800000|  0%| F|  |TAMS 0x0000000712700000, 0x0000000712700000| Untracked 
| 230|0x0000000712800000, 0x0000000712800000, 0x0000000712900000|  0%| F|  |TAMS 0x0000000712800000, 0x0000000712800000| Untracked 
| 231|0x0000000712900000, 0x0000000712900000, 0x0000000712a00000|  0%| F|  |TAMS 0x0000000712900000, 0x0000000712900000| Untracked 
| 232|0x0000000712a00000, 0x0000000712a00000, 0x0000000712b00000|  0%| F|  |TAMS 0x0000000712a00000, 0x0000000712a00000| Untracked 
| 233|0x0000000712b00000, 0x0000000712b00000, 0x0000000712c00000|  0%| F|  |TAMS 0x0000000712b00000, 0x0000000712b00000| Untracked 
| 234|0x0000000712c00000, 0x0000000712c00000, 0x0000000712d00000|  0%| F|  |TAMS 0x0000000712c00000, 0x0000000712c00000| Untracked 
| 235|0x0000000712d00000, 0x0000000712d00000, 0x0000000712e00000|  0%| F|  |TAMS 0x0000000712d00000, 0x0000000712d00000| Untracked 
| 236|0x0000000712e00000, 0x0000000712e00000, 0x0000000712f00000|  0%| F|  |TAMS 0x0000000712e00000, 0x0000000712e00000| Untracked 
| 237|0x0000000712f00000, 0x0000000713000000, 0x0000000713000000|100%| E|  |TAMS 0x0000000712f00000, 0x0000000712f00000| Complete 
| 238|0x0000000713000000, 0x0000000713100000, 0x0000000713100000|100%| E|CS|TAMS 0x0000000713000000, 0x0000000713000000| Complete 
| 239|0x0000000713100000, 0x0000000713200000, 0x0000000713200000|100%| E|CS|TAMS 0x0000000713100000, 0x0000000713100000| Complete 
| 240|0x0000000713200000, 0x0000000713300000, 0x0000000713300000|100%| E|CS|TAMS 0x0000000713200000, 0x0000000713200000| Complete 
| 241|0x0000000713300000, 0x0000000713400000, 0x0000000713400000|100%| E|  |TAMS 0x0000000713300000, 0x0000000713300000| Complete 
| 242|0x0000000713400000, 0x0000000713500000, 0x0000000713500000|100%| E|CS|TAMS 0x0000000713400000, 0x0000000713400000| Complete 
| 243|0x0000000713500000, 0x0000000713600000, 0x0000000713600000|100%| E|CS|TAMS 0x0000000713500000, 0x0000000713500000| Complete 
| 244|0x0000000713600000, 0x0000000713700000, 0x0000000713700000|100%| E|CS|TAMS 0x0000000713600000, 0x0000000713600000| Complete 
| 245|0x0000000713700000, 0x0000000713800000, 0x0000000713800000|100%| E|CS|TAMS 0x0000000713700000, 0x0000000713700000| Complete 
| 246|0x0000000713800000, 0x0000000713900000, 0x0000000713900000|100%| E|CS|TAMS 0x0000000713800000, 0x0000000713800000| Complete 
| 247|0x0000000713900000, 0x0000000713a00000, 0x0000000713a00000|100%| E|CS|TAMS 0x0000000713900000, 0x0000000713900000| Complete 
| 248|0x0000000713a00000, 0x0000000713b00000, 0x0000000713b00000|100%| E|CS|TAMS 0x0000000713a00000, 0x0000000713a00000| Complete 
| 249|0x0000000713b00000, 0x0000000713c00000, 0x0000000713c00000|100%| E|CS|TAMS 0x0000000713b00000, 0x0000000713b00000| Complete 
| 250|0x0000000713c00000, 0x0000000713d00000, 0x0000000713d00000|100%| E|CS|TAMS 0x0000000713c00000, 0x0000000713c00000| Complete 
| 251|0x0000000713d00000, 0x0000000713e00000, 0x0000000713e00000|100%| E|CS|TAMS 0x0000000713d00000, 0x0000000713d00000| Complete 

Card table byte_map: [0x00000163fca80000,0x00000163fd260000] _byte_map_base: 0x00000163f925f000

Marking Bits (Prev, Next): (CMBitMap*) 0x00000163f39602a8, (CMBitMap*) 0x00000163f39602e0
 Prev Bits: [0x000001638f000000, 0x0000016392ef8000)
 Next Bits: [0x0000016392f00000, 0x0000016396df8000)

Polling page: 0x00000163f1850000

Metaspace:

Usage:
  Non-class:     15.04 MB capacity,    14.78 MB ( 98%) used,   219.86 KB (  1%) free+waste,    46.50 KB ( <1%) overhead. 
      Class:      2.03 MB capacity,     1.86 MB ( 92%) used,   146.91 KB (  7%) free+waste,    24.25 KB (  1%) overhead. 
       Both:     17.06 MB capacity,    16.64 MB ( 97%) used,   366.77 KB (  2%) free+waste,    70.75 KB ( <1%) overhead. 

Virtual space:
  Non-class space:       16.00 MB reserved,      15.25 MB ( 95%) committed 
      Class space:        1.00 GB reserved,       2.13 MB ( <1%) committed 
             Both:        1.02 GB reserved,      17.38 MB (  2%) committed 

Chunk freelists:
   Non-Class:  28.00 KB
       Class:  4.00 KB
        Both:  32.00 KB

MaxMetaspaceSize: 17179869184.00 GB
CompressedClassSpaceSize: 1.00 GB

CodeHeap 'non-profiled nmethods': size=120000Kb used=444Kb max_used=444Kb free=119556Kb
 bounds [0x0000016387ad0000, 0x0000016387d40000, 0x000001638f000000]
CodeHeap 'profiled nmethods': size=120000Kb used=2473Kb max_used=2473Kb free=117526Kb
 bounds [0x00000163805a0000, 0x0000016380810000, 0x0000016387ad0000]
CodeHeap 'non-nmethods': size=5760Kb used=1229Kb max_used=1241Kb free=4530Kb
 bounds [0x0000016380000000, 0x0000016380270000, 0x00000163805a0000]
 total_blobs=2006 nmethods=1399 adapters=519
 compilation: enabled
              stopped_count=0, restarted_count=0
 full_count=0

Compilation events (20 events):
Event: 5.040 Thread 0x0000016397cd9800 nmethod 1388 0x0000016380806690 code [0x0000016380806840, 0x0000016380806a98]
Event: 3242.227 Thread 0x0000016397cd9800 1390   !   3       java.lang.ref.ReferenceQueue::remove (125 bytes)
Event: 3242.234 Thread 0x0000016397cd9800 nmethod 1390 0x0000016380806b90 code [0x0000016380806dc0, 0x0000016380807638]
Event: 3782.278 Thread 0x0000016397cd9800 1391   !   3       jdk.internal.ref.PhantomCleanable::isListEmpty (34 bytes)
Event: 3782.280 Thread 0x0000016397cd9800 nmethod 1391 0x0000016380807990 code [0x0000016380807b40, 0x0000016380807e58]
Event: 3782.280 Thread 0x0000016397cd9800 1392       3       jdk.internal.misc.InnocuousThread::eraseThreadLocals (23 bytes)
Event: 3782.282 Thread 0x0000016397cd9800 nmethod 1392 0x0000016380807f90 code [0x0000016380808140, 0x0000016380808338]
Event: 4046.352 Thread 0x0000016397cd9800 1393       3       java.util.HashMap$EntryIterator::next (5 bytes)
Event: 4046.352 Thread 0x0000016397cd9800 nmethod 1393 0x0000016380808410 code [0x00000163808085e0, 0x0000016380808768]
Event: 4046.352 Thread 0x0000016397cd9800 1394       3       java.util.HashMap$EntryIterator::next (5 bytes)
Event: 4046.352 Thread 0x0000016397cd9800 nmethod 1394 0x0000016380808810 code [0x00000163808089c0, 0x0000016380808ae8]
Event: 4046.358 Thread 0x0000016397cd9800 1395       3       java.beans.PropertyChangeSupport::firePropertyChange (35 bytes)
Event: 4046.360 Thread 0x0000016397cd9800 nmethod 1395 0x0000016380808b90 code [0x0000016380808da0, 0x0000016380809568]
Event: 30970.589 Thread 0x0000016397cd9800 1398  s    3       sun.awt.Win32GraphicsConfig::getColorModel (8 bytes)
Event: 30970.594 Thread 0x0000016397cd9800 nmethod 1398 0x0000016380809790 code [0x0000016380809960, 0x0000016380809de8]
Event: 30970.595 Thread 0x0000016397cd9800 1397       1       java.awt.image.VolatileImage::getTransparency (5 bytes)
Event: 30970.595 Thread 0x0000016397cd9800 nmethod 1397 0x0000016387b3ed10 code [0x0000016387b3eec0, 0x0000016387b3ef78]
Event: 30970.696 Thread 0x0000016397cd9800 1399       3       java.awt.geom.AffineTransform::equals (92 bytes)
Event: 30970.701 Thread 0x0000016397cd9800 nmethod 1399 0x0000016380809f10 code [0x000001638080a0e0, 0x000001638080a6b8]
Event: 30971.764 Thread 0x0000016397cd9800 1402       3       sun.awt.image.IntegerComponentRaster::verify (410 bytes)

GC Heap History (2 events):
Event: 1.774 GC heap before
{Heap before GC invocations=0 (full 0):
 garbage-first heap   total 258048K, used 35840K [0x0000000704200000, 0x0000000800000000)
  region size 1024K, 24 young (24576K), 0 survivors (0K)
 Metaspace       used 16390K, capacity 16848K, committed 16896K, reserved 1064960K
  class space    used 1845K, capacity 2038K, committed 2048K, reserved 1048576K
}
Event: 1.784 GC heap after
{Heap after GC invocations=1 (full 0):
 garbage-first heap   total 258048K, used 27582K [0x0000000704200000, 0x0000000800000000)
  region size 1024K, 3 young (3072K), 3 survivors (3072K)
 Metaspace       used 16390K, capacity 16848K, committed 16896K, reserved 1064960K
  class space    used 1845K, capacity 2038K, committed 2048K, reserved 1048576K
}

Deoptimization events (20 events):
Event: 0.516 Thread 0x00000163985b2000 DEOPT PACKING pc=0x0000016387ae4fe8 sp=0x00000011b71fa3f0
Event: 0.516 Thread 0x00000163985b2000 DEOPT UNPACKING pc=0x000001638002772f sp=0x00000011b71fa398 mode 2
Event: 0.518 Thread 0x00000163985b2000 Uncommon trap: trap_request=0xffffffde fr.pc=0x0000016387ae4fe8 relative=0x00000000000001c8
Event: 0.518 Thread 0x00000163985b2000 Uncommon trap: reason=class_check action=maybe_recompile pc=0x0000016387ae4fe8 method=java.lang.String.equals(Ljava/lang/Object;)Z @ 8 c2
Event: 0.518 Thread 0x00000163985b2000 DEOPT PACKING pc=0x0000016387ae4fe8 sp=0x00000011b71fa4a0
Event: 0.518 Thread 0x00000163985b2000 DEOPT UNPACKING pc=0x000001638002772f sp=0x00000011b71fa448 mode 2
Event: 2.272 Thread 0x00000163985b2000 Uncommon trap: trap_request=0xffffff4d fr.pc=0x0000016387b33a1c relative=0x000000000000007c
Event: 2.272 Thread 0x00000163985b2000 Uncommon trap: reason=unstable_if action=reinterpret pc=0x0000016387b33a1c method=java.awt.Component.inside(II)Z @ 21 c2
Event: 2.272 Thread 0x00000163985b2000 DEOPT PACKING pc=0x0000016387b33a1c sp=0x00000011b71fd000
Event: 2.272 Thread 0x00000163985b2000 DEOPT UNPACKING pc=0x000001638002772f sp=0x00000011b71fce98 mode 2
Event: 2.519 Thread 0x00000163985b2000 DEOPT PACKING pc=0x00000163807257fc sp=0x00000011b71f98e0
Event: 2.519 Thread 0x00000163985b2000 DEOPT UNPACKING pc=0x000001638002754e sp=0x00000011b71f8dd8 mode 0
Event: 2.709 Thread 0x00000163985b2000 Uncommon trap: trap_request=0xffffff4d fr.pc=0x0000016387b13854 relative=0x0000000000000e94
Event: 2.709 Thread 0x00000163985b2000 Uncommon trap: reason=unstable_if action=reinterpret pc=0x0000016387b13854 method=java.lang.ref.ReferenceQueue.poll()Ljava/lang/ref/Reference; @ 4 c2
Event: 2.709 Thread 0x00000163985b2000 DEOPT PACKING pc=0x0000016387b13854 sp=0x00000011b71fa200
Event: 2.709 Thread 0x00000163985b2000 DEOPT UNPACKING pc=0x000001638002772f sp=0x00000011b71fa098 mode 2
Event: 30952.467 Thread 0x00000163982ac000 Uncommon trap: trap_request=0xffffff4d fr.pc=0x0000016387b02a6c relative=0x0000000000003ccc
Event: 30952.491 Thread 0x00000163982ac000 Uncommon trap: reason=unstable_if action=reinterpret pc=0x0000016387b02a6c method=jdk.internal.org.objectweb.asm.Frame.execute(IILjdk/internal/org/objectweb/asm/ClassWriter;Ljdk/internal/org/objectweb/asm/Item;)V @ 1 c2
Event: 30952.492 Thread 0x00000163982ac000 DEOPT PACKING pc=0x0000016387b02a6c sp=0x00000011b6efcfc0
Event: 30952.494 Thread 0x00000163982ac000 DEOPT UNPACKING pc=0x000001638002772f sp=0x00000011b6efcf88 mode 2

Classes redefined (0 events):
No events

Internal exceptions (20 events):
Event: 0.145 Thread 0x00000163f38fe800 Exception <a 'java/lang/NoSuchMethodError'{0x0000000713b59420}: 'java.lang.Object java.lang.invoke.DelegatingMethodHandle$Holder.reinvoke_L(java.lang.Object, int, int, java.lang.Object, java.lang.Object, java.lang.Object)'> (0x0000000713b59420) thrown at [./src/hotspot/share/interpreter/linkResolver.cpp, line 773]
Event: 0.145 Thread 0x00000163f38fe800 Exception <a 'java/lang/NoSuchMethodError'{0x0000000713b5d500}: 'java.lang.Object java.lang.invoke.DirectMethodHandle$Holder.invokeStatic(java.lang.Object, java.lang.Object, java.lang.Object, java.lang.Object, int)'> (0x0000000713b5d500) thrown at [./src/hotspot/share/interpreter/linkResolver.cpp, line 773]
Event: 0.151 Thread 0x00000163f38fe800 Exception <a 'java/io/FileNotFoundException'{0x0000000713bc04e8}> (0x0000000713bc04e8) thrown at [./src/hotspot/share/prims/jni.cpp, line 615]
Event: 0.191 Thread 0x00000163982ac000 Exception <a 'java/lang/NoSuchMethodError'{0x0000000713a80788}: 'void java.lang.invoke.DirectMethodHandle$Holder.invokeSpecial(java.lang.Object, java.lang.Object)'> (0x0000000713a80788) thrown at [./src/hotspot/share/interpreter/linkResolver.cpp, line 773]
Event: 0.193 Thread 0x00000163f38fe800 Exception <a 'java/lang/NoSuchMethodError'{0x0000000713a7b360}: 'java.lang.Object java.lang.invoke.DirectMethodHandle$Holder.invokeStatic(java.lang.Object, java.lang.Object, java.lang.Object, java.lang.Object, java.lang.Object, java.lang.Object, java.lang.Object, java.lang.Object, int)'> (0x0000000713a7b360) thrown at [./src/hotspot/share/interpreter/linkResolver.cpp, line 773]
Event: 0.195 Thread 0x00000163f38fe800 Exception <a 'java/lang/NoSuchMethodError'{0x0000000713910808}: 'java.lang.Object java.lang.invoke.DirectMethodHandle$Holder.invokeStatic(java.lang.Object, java.lang.Object, java.lang.Object, java.lang.Object, java.lang.Object, java.lang.Object, java.lang.Object, java.lang.Object, int, int)'> (0x0000000713910808) thrown at [./src/hotspot/share/interpreter/linkResolver.cpp, line 773]
Event: 0.223 Thread 0x00000163f38fe800 Exception <a 'java/lang/NoSuchMethodError'{0x0000000713820e10}: 'java.lang.Object java.lang.invoke.DirectMethodHandle$Holder.invokeStatic(java.lang.Object, int, java.lang.Object, java.lang.Object, java.lang.Object, java.lang.Object)'> (0x0000000713820e10) thrown at [./src/hotspot/share/interpreter/linkResolver.cpp, line 773]
Event: 0.223 Thread 0x00000163f38fe800 Exception <a 'java/lang/NoSuchMethodError'{0x0000000713827ed0}: 'java.lang.Object java.lang.invoke.DirectMethodHandle$Holder.invokeStatic(java.lang.Object, int, java.lang.Object, java.lang.Object, java.lang.Object)'> (0x0000000713827ed0) thrown at [./src/hotspot/share/interpreter/linkResolver.cpp, line 773]
Event: 0.223 Thread 0x00000163f38fe800 Exception <a 'java/lang/NoSuchMethodError'{0x000000071382ba18}: 'java.lang.Object java.lang.invoke.DirectMethodHandle$Holder.invokeSpecial(java.lang.Object, java.lang.Object, int, java.lang.Object, java.lang.Object, java.lang.Object)'> (0x000000071382ba18) thrown at [./src/hotspot/share/interpreter/linkResolver.cpp, line 773]
Event: 0.225 Thread 0x00000163f38fe800 Exception <a 'java/lang/NoSuchMethodError'{0x00000007138432f8}: 'java.lang.Object java.lang.invoke.DirectMethodHandle$Holder.invokeStatic(java.lang.Object, int, java.lang.Object)'> (0x00000007138432f8) thrown at [./src/hotspot/share/interpreter/linkResolver.cpp, line 773]
Event: 0.240 Thread 0x00000163f38fe800 Exception <a 'java/lang/ClassNotFoundException'{0x00000007138ef368}: com/sun/swing/internal/plaf/metal/resources/spi/metalProvider> (0x00000007138ef368) thrown at [./src/hotspot/share/classfile/systemDictionary.cpp, line 231]
Event: 0.241 Thread 0x00000163f38fe800 Exception <a 'java/lang/ClassNotFoundException'{0x00000007138f3770}: com/sun/swing/internal/plaf/basic/resources/spi/basicProvider> (0x00000007138f3770) thrown at [./src/hotspot/share/classfile/systemDictionary.cpp, line 231]
Event: 0.265 Thread 0x0000016398304800 Exception <a 'java/io/FileNotFoundException'{0x00000007137f6588}> (0x00000007137f6588) thrown at [./src/hotspot/share/prims/jni.cpp, line 615]
Event: 0.345 Thread 0x00000163f38fe800 Exception <a 'java/lang/NoSuchMethodError'{0x00000007135b93c8}: 'java.lang.Object java.lang.invoke.DirectMethodHandle$Holder.invokeStatic(java.lang.Object, java.lang.Object, java.lang.Object, java.lang.Object, java.lang.Object, java.lang.Object, java.lang.Object, java.lang.Object, java.lang.Object, java.lang.Object, java.lang.Object, int)'> (0x00000007135b93c8) thrown at [./src/hotspot/share/interpreter/linkResolver.cpp, line 773]
Event: 0.346 Thread 0x00000163f38fe800 Exception <a 'java/lang/NoSuchMethodError'{0x00000007135d72c8}: 'java.lang.Object java.lang.invoke.DirectMethodHandle$Holder.invokeStatic(java.lang.Object, java.lang.Object, java.lang.Object, java.lang.Object, java.lang.Object, java.lang.Object, java.lang.Object, java.lang.Object, java.lang.Object, java.lang.Object, java.lang.Object, int, int)'> (0x00000007135d72c8) thrown at [./src/hotspot/share/interpreter/linkResolver.cpp, line 773]
Event: 0.347 Thread 0x00000163f38fe800 Exception <a 'java/lang/NoSuchMethodError'{0x00000007135f6058}: 'java.lang.Object java.lang.invoke.DirectMethodHandle$Holder.invokeStatic(java.lang.Object, java.lang.Object, java.lang.Object, java.lang.Object, java.lang.Object, java.lang.Object, java.lang.Object, java.lang.Object, java.lang.Object, java.lang.Object, java.lang.Object, int, int, java.lang.Object)'> (0x00000007135f6058) thrown at [./src/hotspot/share/interpreter/linkResolver.cpp, line 773]
Event: 0.348 Thread 0x00000163f38fe800 Exception <a 'java/lang/NoSuchMethodError'{0x0000000713416c48}: 'java.lang.Object java.lang.invoke.DirectMethodHandle$Holder.invokeStatic(java.lang.Object, java.lang.Object, java.lang.Object, java.lang.Object, java.lang.Object, java.lang.Object, java.lang.Object, java.lang.Object, java.lang.Object, java.lang.Object, java.lang.Object, int, int, java.lang.Object, java.lang.Object)'> (0x0000000713416c48) thrown at [./src/hotspot/share/interpreter/linkResolver.cpp, line 773]
Event: 0.376 Thread 0x00000163f38fe800 Exception <a 'java/lang/NoSuchMethodError'{0x000000071346b360}: 'void java.lang.invoke.DirectMethodHandle$Holder.invokeStaticInit(java.lang.Object)'> (0x000000071346b360) thrown at [./src/hotspot/share/interpreter/linkResolver.cpp, line 773]
Event: 0.381 Thread 0x00000163f38fe800 Exception <a 'java/lang/NoSuchMethodError'{0x0000000713337f38}: 'java.lang.Object java.lang.invoke.Invokers$Holder.linkToTargetMethod(java.lang.Object, int, java.lang.Object)'> (0x0000000713337f38) thrown at [./src/hotspot/share/interpreter/linkResolver.cpp, line 773]
Event: 30969.283 Thread 0x00000163985b2000 Exception <a 'java/lang/NoSuchMethodError'{0x0000000713318db8}: 'void java.lang.invoke.DirectMethodHandle$Holder.invokeVirtual(java.lang.Object, java.lang.Object)'> (0x0000000713318db8) thrown at [./src/hotspot/share/interpreter/linkResolver.cpp, line 773]

Events (20 events):
Event: 4046.242 Executing VM operation: RevokeBias
Event: 4046.244 Executing VM operation: RevokeBias done
Event: 4046.358 Executing VM operation: RevokeBias
Event: 4046.358 Executing VM operation: RevokeBias done
Event: 4046.358 Executing VM operation: RevokeBias
Event: 4046.358 Executing VM operation: RevokeBias done
Event: 6184.436 loading class java/awt/desktop/SystemSleepListener
Event: 6184.436 loading class java/awt/desktop/SystemEventListener
Event: 6184.436 loading class java/awt/desktop/SystemEventListener done
Event: 6184.436 loading class java/awt/desktop/SystemSleepListener done
Event: 30968.081 Executing VM operation: RevokeBias
Event: 30968.259 Executing VM operation: RevokeBias done
Event: 30968.754 loading class java/util/WeakHashMap$KeyIterator
Event: 30968.762 loading class java/util/WeakHashMap$HashIterator
Event: 30968.785 loading class java/util/WeakHashMap$HashIterator done
Event: 30968.785 loading class java/util/WeakHashMap$KeyIterator done
Event: 30969.321 Executing VM operation: RevokeBias
Event: 30969.323 Executing VM operation: RevokeBias done
Event: 30970.877 loading class javax/swing/RepaintManager$DisplayChangedRunnable
Event: 30970.913 loading class javax/swing/RepaintManager$DisplayChangedRunnable done


Dynamic libraries:
0x00007ff7d4400000 - 0x00007ff7d440d000 	C:\jdk11.0.8_10\bin\javaw.exe
0x00007ffc6a250000 - 0x00007ffc6a448000 	C:\WINDOWS\SYSTEM32\ntdll.dll
0x00007ffc698e0000 - 0x00007ffc6999d000 	C:\WINDOWS\System32\KERNEL32.DLL
0x00007ffc67e70000 - 0x00007ffc6813e000 	C:\WINDOWS\System32\KERNELBASE.dll
0x00007ffc67b00000 - 0x00007ffc67c00000 	C:\WINDOWS\System32\ucrtbase.dll
0x00007ffc581e0000 - 0x00007ffc581f7000 	C:\jdk11.0.8_10\bin\jli.dll
0x00007ffc581c0000 - 0x00007ffc581d5000 	C:\jdk11.0.8_10\bin\VCRUNTIME140.dll
0x00007ffc694d0000 - 0x00007ffc69670000 	C:\WINDOWS\System32\USER32.dll
0x00007ffc67970000 - 0x00007ffc67992000 	C:\WINDOWS\System32\win32u.dll
0x00007ffc68f90000 - 0x00007ffc68fba000 	C:\WINDOWS\System32\GDI32.dll
0x00007ffc66d80000 - 0x00007ffc6701a000 	C:\WINDOWS\WinSxS\amd64_microsoft.windows.common-controls_6595b64144ccf1df_6.0.19041.1110_none_60b5254171f9507e\COMCTL32.dll
0x00007ffc67cf0000 - 0x00007ffc67dfb000 	C:\WINDOWS\System32\gdi32full.dll
0x00007ffc69e30000 - 0x00007ffc69ece000 	C:\WINDOWS\System32\msvcrt.dll
0x00007ffc67c00000 - 0x00007ffc67c9d000 	C:\WINDOWS\System32\msvcp_win.dll
0x00007ffc69f60000 - 0x00007ffc69f90000 	C:\WINDOWS\System32\IMM32.DLL
0x00007ffc58120000 - 0x00007ffc581bb000 	C:\jdk11.0.8_10\bin\msvcp140.dll
0x00007ffbfd470000 - 0x00007ffbfdf2d000 	C:\jdk11.0.8_10\bin\server\jvm.dll
0x00007ffc69360000 - 0x00007ffc6940e000 	C:\WINDOWS\System32\ADVAPI32.dll
0x00007ffc68a00000 - 0x00007ffc68a9c000 	C:\WINDOWS\System32\sechost.dll
0x00007ffc69d00000 - 0x00007ffc69e25000 	C:\WINDOWS\System32\RPCRT4.dll
0x00007ffc68ab0000 - 0x00007ffc68ab8000 	C:\WINDOWS\System32\PSAPI.DLL
0x00007ffc4de20000 - 0x00007ffc4de47000 	C:\WINDOWS\SYSTEM32\WINMM.dll
0x00007ffc446b0000 - 0x00007ffc446b9000 	C:\WINDOWS\SYSTEM32\WSOCK32.dll
0x00007ffc60b60000 - 0x00007ffc60b6a000 	C:\WINDOWS\SYSTEM32\VERSION.dll
0x00007ffc6a120000 - 0x00007ffc6a18b000 	C:\WINDOWS\System32\WS2_32.dll
0x00007ffc65510000 - 0x00007ffc65522000 	C:\WINDOWS\SYSTEM32\kernel.appcore.dll
0x00007ffc4d530000 - 0x00007ffc4d540000 	C:\jdk11.0.8_10\bin\verify.dll
0x00007ffc67370000 - 0x00007ffc67554000 	C:\WINDOWS\SYSTEM32\DBGHELP.DLL
0x00007ffc67150000 - 0x00007ffc6717c000 	C:\WINDOWS\SYSTEM32\dbgcore.DLL
0x00007ffc68140000 - 0x00007ffc681c2000 	C:\WINDOWS\System32\bcryptPrimitives.dll
0x00007ffc45af0000 - 0x00007ffc45b18000 	C:\jdk11.0.8_10\bin\java.dll
0x00007ffc4a680000 - 0x00007ffc4a68a000 	C:\jdk11.0.8_10\bin\jimage.dll
0x00007ffc45ad0000 - 0x00007ffc45ae7000 	C:\jdk11.0.8_10\bin\zip.dll
0x00007ffc682b0000 - 0x00007ffc689f3000 	C:\WINDOWS\System32\SHELL32.dll
0x00007ffc64d60000 - 0x00007ffc654f5000 	C:\WINDOWS\SYSTEM32\windows.storage.dll
0x00007ffc699a0000 - 0x00007ffc69cf4000 	C:\WINDOWS\System32\combase.dll
0x00007ffc66ce0000 - 0x00007ffc66d10000 	C:\WINDOWS\SYSTEM32\Wldp.dll
0x00007ffc691d0000 - 0x00007ffc6927d000 	C:\WINDOWS\System32\SHCORE.dll
0x00007ffc69f90000 - 0x00007ffc69fe5000 	C:\WINDOWS\System32\shlwapi.dll
0x00007ffc678b0000 - 0x00007ffc678cf000 	C:\WINDOWS\SYSTEM32\profapi.dll
0x00007ffbe16c0000 - 0x00007ffbe1859000 	C:\jdk11.0.8_10\bin\awt.dll
0x00007ffc696f0000 - 0x00007ffc697bd000 	C:\WINDOWS\System32\OLEAUT32.dll
0x00007ffc5fff0000 - 0x00007ffc60080000 	C:\WINDOWS\SYSTEM32\apphelp.dll
0x00007ffc64860000 - 0x00007ffc6488f000 	C:\WINDOWS\system32\DWMAPI.DLL
0x00007ffc609c0000 - 0x00007ffc60a5e000 	C:\WINDOWS\system32\uxtheme.dll
0x00007ffc697c0000 - 0x00007ffc698d5000 	C:\WINDOWS\System32\MSCTF.dll
0x00007ffc69ff0000 - 0x00007ffc6a11a000 	C:\WINDOWS\System32\ole32.dll
0x00007ffc1e3b0000 - 0x00007ffc1e4d7000 	C:\WINDOWS\system32\opengl32.dll
0x00007ffc20dc0000 - 0x00007ffc20dec000 	C:\WINDOWS\SYSTEM32\GLU32.dll
0x00007ffc58090000 - 0x00007ffc58112000 	C:\jdk11.0.8_10\bin\freetype.dll
0x00007ffc3a590000 - 0x00007ffc3a636000 	C:\jdk11.0.8_10\bin\fontmanager.dll
0x00007ffc45ab0000 - 0x00007ffc45ac9000 	C:\jdk11.0.8_10\bin\net.dll
0x00007ffc5c7a0000 - 0x00007ffc5c8aa000 	C:\WINDOWS\SYSTEM32\WINHTTP.dll
0x00007ffc669d0000 - 0x00007ffc66a3a000 	C:\WINDOWS\system32\mswsock.dll
0x00007ffc453a0000 - 0x00007ffc453b2000 	C:\jdk11.0.8_10\bin\nio.dll
0x00007ffc69410000 - 0x00007ffc694b9000 	C:\WINDOWS\System32\clbcatq.dll
0x00007ffc5bcb0000 - 0x00007ffc5be64000 	C:\WINDOWS\SYSTEM32\WindowsCodecs.dll
0x00007ffc68280000 - 0x00007ffc682a7000 	C:\WINDOWS\System32\bcrypt.dll
0x00007ffc1dc10000 - 0x00007ffc1dc4e000 	C:\WINDOWS\system32\dataexchange.dll
0x00007ffc5ef10000 - 0x00007ffc5f0f4000 	C:\WINDOWS\system32\dcomp.dll
0x00007ffc5e9f0000 - 0x00007ffc5ec53000 	C:\WINDOWS\system32\d3d11.dll
0x00007ffc65c10000 - 0x00007ffc65d03000 	C:\WINDOWS\system32\dxgi.dll
0x00007ffc5c000000 - 0x00007ffc5c200000 	C:\WINDOWS\system32\twinapi.appcore.dll
0x00007ffc53320000 - 0x00007ffc53419000 	C:\WINDOWS\SYSTEM32\textinputframework.dll
0x00007ffc5f480000 - 0x00007ffc5f7de000 	C:\WINDOWS\System32\CoreUIComponents.dll
0x00007ffc5f8e0000 - 0x00007ffc5f9d2000 	C:\WINDOWS\System32\CoreMessaging.dll
0x00007ffc676c0000 - 0x00007ffc676f3000 	C:\WINDOWS\SYSTEM32\ntmarta.dll
0x00007ffc5faf0000 - 0x00007ffc5fc44000 	C:\WINDOWS\SYSTEM32\wintypes.dll

dbghelp: loaded successfully - version: 4.0.5 - missing functions: none
symbol engine: initialized successfully - sym options: 0x614 - pdb path: .;C:\jdk11.0.8_10\bin;C:\WINDOWS\SYSTEM32;C:\WINDOWS\WinSxS\amd64_microsoft.windows.common-controls_6595b64144ccf1df_6.0.19041.1110_none_60b5254171f9507e;C:\jdk11.0.8_10\bin\server

VM Arguments:
jvm_args: -Dfile.encoding=Cp1252 
java_command: NumPuzzle
java_class_path (initial): C:\Users\natha\git\NumberPuzzle\bin
Launcher Type: SUN_STANDARD

[Global flags]
     intx CICompilerCount                          = 4                                         {product} {ergonomic}
     uint ConcGCThreads                            = 2                                         {product} {ergonomic}
     uint G1ConcRefinementThreads                  = 8                                         {product} {ergonomic}
   size_t G1HeapRegionSize                         = 1048576                                   {product} {ergonomic}
    uintx GCDrainStackTargetSize                   = 64                                        {product} {ergonomic}
   size_t InitialHeapSize                          = 264241152                                 {product} {ergonomic}
   size_t MarkStackSize                            = 4194304                                   {product} {ergonomic}
   size_t MaxHeapSize                              = 4225761280                                {product} {ergonomic}
   size_t MaxNewSize                               = 2535456768                                {product} {ergonomic}
   size_t MinHeapDeltaBytes                        = 1048576                                   {product} {ergonomic}
    uintx NonNMethodCodeHeapSize                   = 5836300                                {pd product} {ergonomic}
    uintx NonProfiledCodeHeapSize                  = 122910970                              {pd product} {ergonomic}
    uintx ProfiledCodeHeapSize                     = 122910970                              {pd product} {ergonomic}
    uintx ReservedCodeCacheSize                    = 251658240                              {pd product} {ergonomic}
     bool SegmentedCodeCache                       = true                                      {product} {ergonomic}
     bool UseCompressedClassPointers               = true                                 {lp64_product} {ergonomic}
     bool UseCompressedOops                        = true                                 {lp64_product} {ergonomic}
     bool UseG1GC                                  = true                                      {product} {ergonomic}
     bool UseLargePagesIndividualAllocation        = false                                  {pd product} {ergonomic}

Logging:
Log output configuration:
 #0: stdout all=warning uptime,level,tags
 #1: stderr all=off uptime,level,tags

Environment Variables:
JAVA_HOME=C:\jdk11.0.8_10
PATH=C:/jdk11.0.8_10/bin/server;C:/jdk11.0.8_10/bin;C:\jdk11.0.8_10\bin;C:\Windows\system32;C:\Windows;C:\Windows\System32\Wbem;C:\Windows\System32\WindowsPowerShell\v1.0\;C:\Windows\System32\OpenSSH\;C:\Program Files\NVIDIA Corporation\NVIDIA NvDLISR;C:\Program Files (x86)\NVIDIA Corporation\PhysX\Common;C:\WINDOWS\system32;C:\WINDOWS;C:\WINDOWS\System32\Wbem;C:\WINDOWS\System32\WindowsPowerShell\v1.0\;C:\WINDOWS\System32\OpenSSH\;C:\Program Files\Microsoft SQL Server\130\Tools\Binn\;C:\Program Files\Microsoft SQL Server\Client SDK\ODBC\170\Tools\Binn\;C:\Program Files\Microsoft SQL Server\150\Tools\Binn\;C:\Program Files\dotnet\;C:\Program Files\Git\cmd;C:\Users\natha\AppData\Local\Microsoft\WindowsApps;C:\Users\natha\AppData\Local\Programs\Microsoft VS Code\bin;C:\Users\natha\AppData\Local\GitHubDesktop\bin;C:\Users\natha\.dotnet\tools;C:\WINDOWS\system32;
USERNAME=natha
OS=Windows_NT
PROCESSOR_IDENTIFIER=Intel64 Family 6 Model 142 Stepping 12, GenuineIntel



---------------  S Y S T E M  ---------------

OS: Windows 10 , 64 bit Build 19041 (10.0.19041.1889)
OS uptime: 0 days 9:37 hours

CPU:total 8 (initial active 8) (4 cores per cpu, 2 threads per core) family 6 model 142 stepping 12, cmov, cx8, fxsr, mmx, sse, sse2, sse3, ssse3, sse4.1, sse4.2, popcnt, avx, avx2, aes, clmul, erms, 3dnowpref, lzcnt, ht, tsc, tscinvbit, bmi1, bmi2, adx, fma

Memory: 4k page, system-wide physical 16114M (295M free)
TotalPageFile size 65266M (AvailPageFile size 0M)
current process WorkingSet (physical memory assigned to process): 24M, peak: 119M
current process commit charge ("private bytes"): 355M, peak: 362M

vm_info: OpenJDK 64-Bit Server VM (11.0.8+10-LTS) for windows-amd64 JRE (11.0.8+10-LTS), built on Jul 13 2020 00:42:50 by "Administrator" with MS VC++ 15.9 (VS2017)

END.
