Loading source files for package puzzle...
Constructing Javadoc information...
Standard Doclet version 11.0.8
Building tree for all the packages and classes...
Generating doc\puzzle\NumPuzzle.html...
Generating doc\puzzle\package-summary.html...
Generating doc\puzzle\package-tree.html...
Generating doc\constant-values.html...
Building index for all the packages and classes...
Generating doc\overview-tree.html...
Generating doc\index-all.html...
Building index for all classes...
Generating doc\allclasses-index.html...
Generating doc\allpackages-index.html...
Generating doc\deprecated-list.html...
Building index for all classes...
Generating doc\allclasses.html...
Generating doc\allclasses.html...
Generating doc\index.html...
Generating doc\help-doc.html...
